G75*
%MOIN*%
%OFA0B0*%
%FSLAX24Y24*%
%IPPOS*%
%LPD*%
%AMOC8*
5,1,8,0,0,1.08239X$1,22.5*
%
%ADD10C,0.0000*%
D10*
X003622Y003059D02*
X003622Y020775D01*
X015433Y020775D01*
X015433Y003059D01*
X003622Y003059D01*
X009074Y004043D02*
X009076Y004085D01*
X009082Y004127D01*
X009092Y004169D01*
X009105Y004209D01*
X009123Y004248D01*
X009144Y004285D01*
X009168Y004319D01*
X009196Y004352D01*
X009226Y004382D01*
X009259Y004408D01*
X009294Y004432D01*
X009332Y004452D01*
X009371Y004468D01*
X009411Y004481D01*
X009453Y004490D01*
X009495Y004495D01*
X009538Y004496D01*
X009580Y004493D01*
X009622Y004486D01*
X009663Y004475D01*
X009703Y004460D01*
X009741Y004442D01*
X009778Y004420D01*
X009812Y004395D01*
X009844Y004367D01*
X009872Y004336D01*
X009898Y004302D01*
X009921Y004266D01*
X009940Y004229D01*
X009956Y004189D01*
X009968Y004148D01*
X009976Y004107D01*
X009980Y004064D01*
X009980Y004022D01*
X009976Y003979D01*
X009968Y003938D01*
X009956Y003897D01*
X009940Y003857D01*
X009921Y003820D01*
X009898Y003784D01*
X009872Y003750D01*
X009844Y003719D01*
X009812Y003691D01*
X009778Y003666D01*
X009741Y003644D01*
X009703Y003626D01*
X009663Y003611D01*
X009622Y003600D01*
X009580Y003593D01*
X009538Y003590D01*
X009495Y003591D01*
X009453Y003596D01*
X009411Y003605D01*
X009371Y003618D01*
X009332Y003634D01*
X009294Y003654D01*
X009259Y003678D01*
X009226Y003704D01*
X009196Y003734D01*
X009168Y003767D01*
X009144Y003801D01*
X009123Y003838D01*
X009105Y003877D01*
X009092Y003917D01*
X009082Y003959D01*
X009076Y004001D01*
X009074Y004043D01*
X009074Y019791D02*
X009076Y019833D01*
X009082Y019875D01*
X009092Y019917D01*
X009105Y019957D01*
X009123Y019996D01*
X009144Y020033D01*
X009168Y020067D01*
X009196Y020100D01*
X009226Y020130D01*
X009259Y020156D01*
X009294Y020180D01*
X009332Y020200D01*
X009371Y020216D01*
X009411Y020229D01*
X009453Y020238D01*
X009495Y020243D01*
X009538Y020244D01*
X009580Y020241D01*
X009622Y020234D01*
X009663Y020223D01*
X009703Y020208D01*
X009741Y020190D01*
X009778Y020168D01*
X009812Y020143D01*
X009844Y020115D01*
X009872Y020084D01*
X009898Y020050D01*
X009921Y020014D01*
X009940Y019977D01*
X009956Y019937D01*
X009968Y019896D01*
X009976Y019855D01*
X009980Y019812D01*
X009980Y019770D01*
X009976Y019727D01*
X009968Y019686D01*
X009956Y019645D01*
X009940Y019605D01*
X009921Y019568D01*
X009898Y019532D01*
X009872Y019498D01*
X009844Y019467D01*
X009812Y019439D01*
X009778Y019414D01*
X009741Y019392D01*
X009703Y019374D01*
X009663Y019359D01*
X009622Y019348D01*
X009580Y019341D01*
X009538Y019338D01*
X009495Y019339D01*
X009453Y019344D01*
X009411Y019353D01*
X009371Y019366D01*
X009332Y019382D01*
X009294Y019402D01*
X009259Y019426D01*
X009226Y019452D01*
X009196Y019482D01*
X009168Y019515D01*
X009144Y019549D01*
X009123Y019586D01*
X009105Y019625D01*
X009092Y019665D01*
X009082Y019707D01*
X009076Y019749D01*
X009074Y019791D01*
M02*
