G75*
%MOIN*%
%OFA0B0*%
%FSLAX25Y25*%
%IPPOS*%
%LPD*%
%AMOC8*
5,1,8,0,0,1.08239X$1,22.5*
%
%ADD10C,0.00000*%
D10*
X0001787Y0001787D02*
X0001787Y0257693D01*
X0395488Y0257693D01*
X0395488Y0001787D01*
X0001787Y0001787D01*
X0007299Y0013598D02*
X0007301Y0013756D01*
X0007307Y0013914D01*
X0007317Y0014072D01*
X0007331Y0014230D01*
X0007349Y0014387D01*
X0007370Y0014544D01*
X0007396Y0014700D01*
X0007426Y0014856D01*
X0007459Y0015011D01*
X0007497Y0015164D01*
X0007538Y0015317D01*
X0007583Y0015469D01*
X0007632Y0015620D01*
X0007685Y0015769D01*
X0007741Y0015917D01*
X0007801Y0016063D01*
X0007865Y0016208D01*
X0007933Y0016351D01*
X0008004Y0016493D01*
X0008078Y0016633D01*
X0008156Y0016770D01*
X0008238Y0016906D01*
X0008322Y0017040D01*
X0008411Y0017171D01*
X0008502Y0017300D01*
X0008597Y0017427D01*
X0008694Y0017552D01*
X0008795Y0017674D01*
X0008899Y0017793D01*
X0009006Y0017910D01*
X0009116Y0018024D01*
X0009229Y0018135D01*
X0009344Y0018244D01*
X0009462Y0018349D01*
X0009583Y0018451D01*
X0009706Y0018551D01*
X0009832Y0018647D01*
X0009960Y0018740D01*
X0010090Y0018830D01*
X0010223Y0018916D01*
X0010358Y0019000D01*
X0010494Y0019079D01*
X0010633Y0019156D01*
X0010774Y0019228D01*
X0010916Y0019298D01*
X0011060Y0019363D01*
X0011206Y0019425D01*
X0011353Y0019483D01*
X0011502Y0019538D01*
X0011652Y0019589D01*
X0011803Y0019636D01*
X0011955Y0019679D01*
X0012108Y0019718D01*
X0012263Y0019754D01*
X0012418Y0019785D01*
X0012574Y0019813D01*
X0012730Y0019837D01*
X0012887Y0019857D01*
X0013045Y0019873D01*
X0013202Y0019885D01*
X0013361Y0019893D01*
X0013519Y0019897D01*
X0013677Y0019897D01*
X0013835Y0019893D01*
X0013994Y0019885D01*
X0014151Y0019873D01*
X0014309Y0019857D01*
X0014466Y0019837D01*
X0014622Y0019813D01*
X0014778Y0019785D01*
X0014933Y0019754D01*
X0015088Y0019718D01*
X0015241Y0019679D01*
X0015393Y0019636D01*
X0015544Y0019589D01*
X0015694Y0019538D01*
X0015843Y0019483D01*
X0015990Y0019425D01*
X0016136Y0019363D01*
X0016280Y0019298D01*
X0016422Y0019228D01*
X0016563Y0019156D01*
X0016702Y0019079D01*
X0016838Y0019000D01*
X0016973Y0018916D01*
X0017106Y0018830D01*
X0017236Y0018740D01*
X0017364Y0018647D01*
X0017490Y0018551D01*
X0017613Y0018451D01*
X0017734Y0018349D01*
X0017852Y0018244D01*
X0017967Y0018135D01*
X0018080Y0018024D01*
X0018190Y0017910D01*
X0018297Y0017793D01*
X0018401Y0017674D01*
X0018502Y0017552D01*
X0018599Y0017427D01*
X0018694Y0017300D01*
X0018785Y0017171D01*
X0018874Y0017040D01*
X0018958Y0016906D01*
X0019040Y0016770D01*
X0019118Y0016633D01*
X0019192Y0016493D01*
X0019263Y0016351D01*
X0019331Y0016208D01*
X0019395Y0016063D01*
X0019455Y0015917D01*
X0019511Y0015769D01*
X0019564Y0015620D01*
X0019613Y0015469D01*
X0019658Y0015317D01*
X0019699Y0015164D01*
X0019737Y0015011D01*
X0019770Y0014856D01*
X0019800Y0014700D01*
X0019826Y0014544D01*
X0019847Y0014387D01*
X0019865Y0014230D01*
X0019879Y0014072D01*
X0019889Y0013914D01*
X0019895Y0013756D01*
X0019897Y0013598D01*
X0019895Y0013440D01*
X0019889Y0013282D01*
X0019879Y0013124D01*
X0019865Y0012966D01*
X0019847Y0012809D01*
X0019826Y0012652D01*
X0019800Y0012496D01*
X0019770Y0012340D01*
X0019737Y0012185D01*
X0019699Y0012032D01*
X0019658Y0011879D01*
X0019613Y0011727D01*
X0019564Y0011576D01*
X0019511Y0011427D01*
X0019455Y0011279D01*
X0019395Y0011133D01*
X0019331Y0010988D01*
X0019263Y0010845D01*
X0019192Y0010703D01*
X0019118Y0010563D01*
X0019040Y0010426D01*
X0018958Y0010290D01*
X0018874Y0010156D01*
X0018785Y0010025D01*
X0018694Y0009896D01*
X0018599Y0009769D01*
X0018502Y0009644D01*
X0018401Y0009522D01*
X0018297Y0009403D01*
X0018190Y0009286D01*
X0018080Y0009172D01*
X0017967Y0009061D01*
X0017852Y0008952D01*
X0017734Y0008847D01*
X0017613Y0008745D01*
X0017490Y0008645D01*
X0017364Y0008549D01*
X0017236Y0008456D01*
X0017106Y0008366D01*
X0016973Y0008280D01*
X0016838Y0008196D01*
X0016702Y0008117D01*
X0016563Y0008040D01*
X0016422Y0007968D01*
X0016280Y0007898D01*
X0016136Y0007833D01*
X0015990Y0007771D01*
X0015843Y0007713D01*
X0015694Y0007658D01*
X0015544Y0007607D01*
X0015393Y0007560D01*
X0015241Y0007517D01*
X0015088Y0007478D01*
X0014933Y0007442D01*
X0014778Y0007411D01*
X0014622Y0007383D01*
X0014466Y0007359D01*
X0014309Y0007339D01*
X0014151Y0007323D01*
X0013994Y0007311D01*
X0013835Y0007303D01*
X0013677Y0007299D01*
X0013519Y0007299D01*
X0013361Y0007303D01*
X0013202Y0007311D01*
X0013045Y0007323D01*
X0012887Y0007339D01*
X0012730Y0007359D01*
X0012574Y0007383D01*
X0012418Y0007411D01*
X0012263Y0007442D01*
X0012108Y0007478D01*
X0011955Y0007517D01*
X0011803Y0007560D01*
X0011652Y0007607D01*
X0011502Y0007658D01*
X0011353Y0007713D01*
X0011206Y0007771D01*
X0011060Y0007833D01*
X0010916Y0007898D01*
X0010774Y0007968D01*
X0010633Y0008040D01*
X0010494Y0008117D01*
X0010358Y0008196D01*
X0010223Y0008280D01*
X0010090Y0008366D01*
X0009960Y0008456D01*
X0009832Y0008549D01*
X0009706Y0008645D01*
X0009583Y0008745D01*
X0009462Y0008847D01*
X0009344Y0008952D01*
X0009229Y0009061D01*
X0009116Y0009172D01*
X0009006Y0009286D01*
X0008899Y0009403D01*
X0008795Y0009522D01*
X0008694Y0009644D01*
X0008597Y0009769D01*
X0008502Y0009896D01*
X0008411Y0010025D01*
X0008322Y0010156D01*
X0008238Y0010290D01*
X0008156Y0010426D01*
X0008078Y0010563D01*
X0008004Y0010703D01*
X0007933Y0010845D01*
X0007865Y0010988D01*
X0007801Y0011133D01*
X0007741Y0011279D01*
X0007685Y0011427D01*
X0007632Y0011576D01*
X0007583Y0011727D01*
X0007538Y0011879D01*
X0007497Y0012032D01*
X0007459Y0012185D01*
X0007426Y0012340D01*
X0007396Y0012496D01*
X0007370Y0012652D01*
X0007349Y0012809D01*
X0007331Y0012966D01*
X0007317Y0013124D01*
X0007307Y0013282D01*
X0007301Y0013440D01*
X0007299Y0013598D01*
X0007299Y0245882D02*
X0007301Y0246040D01*
X0007307Y0246198D01*
X0007317Y0246356D01*
X0007331Y0246514D01*
X0007349Y0246671D01*
X0007370Y0246828D01*
X0007396Y0246984D01*
X0007426Y0247140D01*
X0007459Y0247295D01*
X0007497Y0247448D01*
X0007538Y0247601D01*
X0007583Y0247753D01*
X0007632Y0247904D01*
X0007685Y0248053D01*
X0007741Y0248201D01*
X0007801Y0248347D01*
X0007865Y0248492D01*
X0007933Y0248635D01*
X0008004Y0248777D01*
X0008078Y0248917D01*
X0008156Y0249054D01*
X0008238Y0249190D01*
X0008322Y0249324D01*
X0008411Y0249455D01*
X0008502Y0249584D01*
X0008597Y0249711D01*
X0008694Y0249836D01*
X0008795Y0249958D01*
X0008899Y0250077D01*
X0009006Y0250194D01*
X0009116Y0250308D01*
X0009229Y0250419D01*
X0009344Y0250528D01*
X0009462Y0250633D01*
X0009583Y0250735D01*
X0009706Y0250835D01*
X0009832Y0250931D01*
X0009960Y0251024D01*
X0010090Y0251114D01*
X0010223Y0251200D01*
X0010358Y0251284D01*
X0010494Y0251363D01*
X0010633Y0251440D01*
X0010774Y0251512D01*
X0010916Y0251582D01*
X0011060Y0251647D01*
X0011206Y0251709D01*
X0011353Y0251767D01*
X0011502Y0251822D01*
X0011652Y0251873D01*
X0011803Y0251920D01*
X0011955Y0251963D01*
X0012108Y0252002D01*
X0012263Y0252038D01*
X0012418Y0252069D01*
X0012574Y0252097D01*
X0012730Y0252121D01*
X0012887Y0252141D01*
X0013045Y0252157D01*
X0013202Y0252169D01*
X0013361Y0252177D01*
X0013519Y0252181D01*
X0013677Y0252181D01*
X0013835Y0252177D01*
X0013994Y0252169D01*
X0014151Y0252157D01*
X0014309Y0252141D01*
X0014466Y0252121D01*
X0014622Y0252097D01*
X0014778Y0252069D01*
X0014933Y0252038D01*
X0015088Y0252002D01*
X0015241Y0251963D01*
X0015393Y0251920D01*
X0015544Y0251873D01*
X0015694Y0251822D01*
X0015843Y0251767D01*
X0015990Y0251709D01*
X0016136Y0251647D01*
X0016280Y0251582D01*
X0016422Y0251512D01*
X0016563Y0251440D01*
X0016702Y0251363D01*
X0016838Y0251284D01*
X0016973Y0251200D01*
X0017106Y0251114D01*
X0017236Y0251024D01*
X0017364Y0250931D01*
X0017490Y0250835D01*
X0017613Y0250735D01*
X0017734Y0250633D01*
X0017852Y0250528D01*
X0017967Y0250419D01*
X0018080Y0250308D01*
X0018190Y0250194D01*
X0018297Y0250077D01*
X0018401Y0249958D01*
X0018502Y0249836D01*
X0018599Y0249711D01*
X0018694Y0249584D01*
X0018785Y0249455D01*
X0018874Y0249324D01*
X0018958Y0249190D01*
X0019040Y0249054D01*
X0019118Y0248917D01*
X0019192Y0248777D01*
X0019263Y0248635D01*
X0019331Y0248492D01*
X0019395Y0248347D01*
X0019455Y0248201D01*
X0019511Y0248053D01*
X0019564Y0247904D01*
X0019613Y0247753D01*
X0019658Y0247601D01*
X0019699Y0247448D01*
X0019737Y0247295D01*
X0019770Y0247140D01*
X0019800Y0246984D01*
X0019826Y0246828D01*
X0019847Y0246671D01*
X0019865Y0246514D01*
X0019879Y0246356D01*
X0019889Y0246198D01*
X0019895Y0246040D01*
X0019897Y0245882D01*
X0019895Y0245724D01*
X0019889Y0245566D01*
X0019879Y0245408D01*
X0019865Y0245250D01*
X0019847Y0245093D01*
X0019826Y0244936D01*
X0019800Y0244780D01*
X0019770Y0244624D01*
X0019737Y0244469D01*
X0019699Y0244316D01*
X0019658Y0244163D01*
X0019613Y0244011D01*
X0019564Y0243860D01*
X0019511Y0243711D01*
X0019455Y0243563D01*
X0019395Y0243417D01*
X0019331Y0243272D01*
X0019263Y0243129D01*
X0019192Y0242987D01*
X0019118Y0242847D01*
X0019040Y0242710D01*
X0018958Y0242574D01*
X0018874Y0242440D01*
X0018785Y0242309D01*
X0018694Y0242180D01*
X0018599Y0242053D01*
X0018502Y0241928D01*
X0018401Y0241806D01*
X0018297Y0241687D01*
X0018190Y0241570D01*
X0018080Y0241456D01*
X0017967Y0241345D01*
X0017852Y0241236D01*
X0017734Y0241131D01*
X0017613Y0241029D01*
X0017490Y0240929D01*
X0017364Y0240833D01*
X0017236Y0240740D01*
X0017106Y0240650D01*
X0016973Y0240564D01*
X0016838Y0240480D01*
X0016702Y0240401D01*
X0016563Y0240324D01*
X0016422Y0240252D01*
X0016280Y0240182D01*
X0016136Y0240117D01*
X0015990Y0240055D01*
X0015843Y0239997D01*
X0015694Y0239942D01*
X0015544Y0239891D01*
X0015393Y0239844D01*
X0015241Y0239801D01*
X0015088Y0239762D01*
X0014933Y0239726D01*
X0014778Y0239695D01*
X0014622Y0239667D01*
X0014466Y0239643D01*
X0014309Y0239623D01*
X0014151Y0239607D01*
X0013994Y0239595D01*
X0013835Y0239587D01*
X0013677Y0239583D01*
X0013519Y0239583D01*
X0013361Y0239587D01*
X0013202Y0239595D01*
X0013045Y0239607D01*
X0012887Y0239623D01*
X0012730Y0239643D01*
X0012574Y0239667D01*
X0012418Y0239695D01*
X0012263Y0239726D01*
X0012108Y0239762D01*
X0011955Y0239801D01*
X0011803Y0239844D01*
X0011652Y0239891D01*
X0011502Y0239942D01*
X0011353Y0239997D01*
X0011206Y0240055D01*
X0011060Y0240117D01*
X0010916Y0240182D01*
X0010774Y0240252D01*
X0010633Y0240324D01*
X0010494Y0240401D01*
X0010358Y0240480D01*
X0010223Y0240564D01*
X0010090Y0240650D01*
X0009960Y0240740D01*
X0009832Y0240833D01*
X0009706Y0240929D01*
X0009583Y0241029D01*
X0009462Y0241131D01*
X0009344Y0241236D01*
X0009229Y0241345D01*
X0009116Y0241456D01*
X0009006Y0241570D01*
X0008899Y0241687D01*
X0008795Y0241806D01*
X0008694Y0241928D01*
X0008597Y0242053D01*
X0008502Y0242180D01*
X0008411Y0242309D01*
X0008322Y0242440D01*
X0008238Y0242574D01*
X0008156Y0242710D01*
X0008078Y0242847D01*
X0008004Y0242987D01*
X0007933Y0243129D01*
X0007865Y0243272D01*
X0007801Y0243417D01*
X0007741Y0243563D01*
X0007685Y0243711D01*
X0007632Y0243860D01*
X0007583Y0244011D01*
X0007538Y0244163D01*
X0007497Y0244316D01*
X0007459Y0244469D01*
X0007426Y0244624D01*
X0007396Y0244780D01*
X0007370Y0244936D01*
X0007349Y0245093D01*
X0007331Y0245250D01*
X0007317Y0245408D01*
X0007307Y0245566D01*
X0007301Y0245724D01*
X0007299Y0245882D01*
X0377378Y0245882D02*
X0377380Y0246040D01*
X0377386Y0246198D01*
X0377396Y0246356D01*
X0377410Y0246514D01*
X0377428Y0246671D01*
X0377449Y0246828D01*
X0377475Y0246984D01*
X0377505Y0247140D01*
X0377538Y0247295D01*
X0377576Y0247448D01*
X0377617Y0247601D01*
X0377662Y0247753D01*
X0377711Y0247904D01*
X0377764Y0248053D01*
X0377820Y0248201D01*
X0377880Y0248347D01*
X0377944Y0248492D01*
X0378012Y0248635D01*
X0378083Y0248777D01*
X0378157Y0248917D01*
X0378235Y0249054D01*
X0378317Y0249190D01*
X0378401Y0249324D01*
X0378490Y0249455D01*
X0378581Y0249584D01*
X0378676Y0249711D01*
X0378773Y0249836D01*
X0378874Y0249958D01*
X0378978Y0250077D01*
X0379085Y0250194D01*
X0379195Y0250308D01*
X0379308Y0250419D01*
X0379423Y0250528D01*
X0379541Y0250633D01*
X0379662Y0250735D01*
X0379785Y0250835D01*
X0379911Y0250931D01*
X0380039Y0251024D01*
X0380169Y0251114D01*
X0380302Y0251200D01*
X0380437Y0251284D01*
X0380573Y0251363D01*
X0380712Y0251440D01*
X0380853Y0251512D01*
X0380995Y0251582D01*
X0381139Y0251647D01*
X0381285Y0251709D01*
X0381432Y0251767D01*
X0381581Y0251822D01*
X0381731Y0251873D01*
X0381882Y0251920D01*
X0382034Y0251963D01*
X0382187Y0252002D01*
X0382342Y0252038D01*
X0382497Y0252069D01*
X0382653Y0252097D01*
X0382809Y0252121D01*
X0382966Y0252141D01*
X0383124Y0252157D01*
X0383281Y0252169D01*
X0383440Y0252177D01*
X0383598Y0252181D01*
X0383756Y0252181D01*
X0383914Y0252177D01*
X0384073Y0252169D01*
X0384230Y0252157D01*
X0384388Y0252141D01*
X0384545Y0252121D01*
X0384701Y0252097D01*
X0384857Y0252069D01*
X0385012Y0252038D01*
X0385167Y0252002D01*
X0385320Y0251963D01*
X0385472Y0251920D01*
X0385623Y0251873D01*
X0385773Y0251822D01*
X0385922Y0251767D01*
X0386069Y0251709D01*
X0386215Y0251647D01*
X0386359Y0251582D01*
X0386501Y0251512D01*
X0386642Y0251440D01*
X0386781Y0251363D01*
X0386917Y0251284D01*
X0387052Y0251200D01*
X0387185Y0251114D01*
X0387315Y0251024D01*
X0387443Y0250931D01*
X0387569Y0250835D01*
X0387692Y0250735D01*
X0387813Y0250633D01*
X0387931Y0250528D01*
X0388046Y0250419D01*
X0388159Y0250308D01*
X0388269Y0250194D01*
X0388376Y0250077D01*
X0388480Y0249958D01*
X0388581Y0249836D01*
X0388678Y0249711D01*
X0388773Y0249584D01*
X0388864Y0249455D01*
X0388953Y0249324D01*
X0389037Y0249190D01*
X0389119Y0249054D01*
X0389197Y0248917D01*
X0389271Y0248777D01*
X0389342Y0248635D01*
X0389410Y0248492D01*
X0389474Y0248347D01*
X0389534Y0248201D01*
X0389590Y0248053D01*
X0389643Y0247904D01*
X0389692Y0247753D01*
X0389737Y0247601D01*
X0389778Y0247448D01*
X0389816Y0247295D01*
X0389849Y0247140D01*
X0389879Y0246984D01*
X0389905Y0246828D01*
X0389926Y0246671D01*
X0389944Y0246514D01*
X0389958Y0246356D01*
X0389968Y0246198D01*
X0389974Y0246040D01*
X0389976Y0245882D01*
X0389974Y0245724D01*
X0389968Y0245566D01*
X0389958Y0245408D01*
X0389944Y0245250D01*
X0389926Y0245093D01*
X0389905Y0244936D01*
X0389879Y0244780D01*
X0389849Y0244624D01*
X0389816Y0244469D01*
X0389778Y0244316D01*
X0389737Y0244163D01*
X0389692Y0244011D01*
X0389643Y0243860D01*
X0389590Y0243711D01*
X0389534Y0243563D01*
X0389474Y0243417D01*
X0389410Y0243272D01*
X0389342Y0243129D01*
X0389271Y0242987D01*
X0389197Y0242847D01*
X0389119Y0242710D01*
X0389037Y0242574D01*
X0388953Y0242440D01*
X0388864Y0242309D01*
X0388773Y0242180D01*
X0388678Y0242053D01*
X0388581Y0241928D01*
X0388480Y0241806D01*
X0388376Y0241687D01*
X0388269Y0241570D01*
X0388159Y0241456D01*
X0388046Y0241345D01*
X0387931Y0241236D01*
X0387813Y0241131D01*
X0387692Y0241029D01*
X0387569Y0240929D01*
X0387443Y0240833D01*
X0387315Y0240740D01*
X0387185Y0240650D01*
X0387052Y0240564D01*
X0386917Y0240480D01*
X0386781Y0240401D01*
X0386642Y0240324D01*
X0386501Y0240252D01*
X0386359Y0240182D01*
X0386215Y0240117D01*
X0386069Y0240055D01*
X0385922Y0239997D01*
X0385773Y0239942D01*
X0385623Y0239891D01*
X0385472Y0239844D01*
X0385320Y0239801D01*
X0385167Y0239762D01*
X0385012Y0239726D01*
X0384857Y0239695D01*
X0384701Y0239667D01*
X0384545Y0239643D01*
X0384388Y0239623D01*
X0384230Y0239607D01*
X0384073Y0239595D01*
X0383914Y0239587D01*
X0383756Y0239583D01*
X0383598Y0239583D01*
X0383440Y0239587D01*
X0383281Y0239595D01*
X0383124Y0239607D01*
X0382966Y0239623D01*
X0382809Y0239643D01*
X0382653Y0239667D01*
X0382497Y0239695D01*
X0382342Y0239726D01*
X0382187Y0239762D01*
X0382034Y0239801D01*
X0381882Y0239844D01*
X0381731Y0239891D01*
X0381581Y0239942D01*
X0381432Y0239997D01*
X0381285Y0240055D01*
X0381139Y0240117D01*
X0380995Y0240182D01*
X0380853Y0240252D01*
X0380712Y0240324D01*
X0380573Y0240401D01*
X0380437Y0240480D01*
X0380302Y0240564D01*
X0380169Y0240650D01*
X0380039Y0240740D01*
X0379911Y0240833D01*
X0379785Y0240929D01*
X0379662Y0241029D01*
X0379541Y0241131D01*
X0379423Y0241236D01*
X0379308Y0241345D01*
X0379195Y0241456D01*
X0379085Y0241570D01*
X0378978Y0241687D01*
X0378874Y0241806D01*
X0378773Y0241928D01*
X0378676Y0242053D01*
X0378581Y0242180D01*
X0378490Y0242309D01*
X0378401Y0242440D01*
X0378317Y0242574D01*
X0378235Y0242710D01*
X0378157Y0242847D01*
X0378083Y0242987D01*
X0378012Y0243129D01*
X0377944Y0243272D01*
X0377880Y0243417D01*
X0377820Y0243563D01*
X0377764Y0243711D01*
X0377711Y0243860D01*
X0377662Y0244011D01*
X0377617Y0244163D01*
X0377576Y0244316D01*
X0377538Y0244469D01*
X0377505Y0244624D01*
X0377475Y0244780D01*
X0377449Y0244936D01*
X0377428Y0245093D01*
X0377410Y0245250D01*
X0377396Y0245408D01*
X0377386Y0245566D01*
X0377380Y0245724D01*
X0377378Y0245882D01*
X0377378Y0013598D02*
X0377380Y0013756D01*
X0377386Y0013914D01*
X0377396Y0014072D01*
X0377410Y0014230D01*
X0377428Y0014387D01*
X0377449Y0014544D01*
X0377475Y0014700D01*
X0377505Y0014856D01*
X0377538Y0015011D01*
X0377576Y0015164D01*
X0377617Y0015317D01*
X0377662Y0015469D01*
X0377711Y0015620D01*
X0377764Y0015769D01*
X0377820Y0015917D01*
X0377880Y0016063D01*
X0377944Y0016208D01*
X0378012Y0016351D01*
X0378083Y0016493D01*
X0378157Y0016633D01*
X0378235Y0016770D01*
X0378317Y0016906D01*
X0378401Y0017040D01*
X0378490Y0017171D01*
X0378581Y0017300D01*
X0378676Y0017427D01*
X0378773Y0017552D01*
X0378874Y0017674D01*
X0378978Y0017793D01*
X0379085Y0017910D01*
X0379195Y0018024D01*
X0379308Y0018135D01*
X0379423Y0018244D01*
X0379541Y0018349D01*
X0379662Y0018451D01*
X0379785Y0018551D01*
X0379911Y0018647D01*
X0380039Y0018740D01*
X0380169Y0018830D01*
X0380302Y0018916D01*
X0380437Y0019000D01*
X0380573Y0019079D01*
X0380712Y0019156D01*
X0380853Y0019228D01*
X0380995Y0019298D01*
X0381139Y0019363D01*
X0381285Y0019425D01*
X0381432Y0019483D01*
X0381581Y0019538D01*
X0381731Y0019589D01*
X0381882Y0019636D01*
X0382034Y0019679D01*
X0382187Y0019718D01*
X0382342Y0019754D01*
X0382497Y0019785D01*
X0382653Y0019813D01*
X0382809Y0019837D01*
X0382966Y0019857D01*
X0383124Y0019873D01*
X0383281Y0019885D01*
X0383440Y0019893D01*
X0383598Y0019897D01*
X0383756Y0019897D01*
X0383914Y0019893D01*
X0384073Y0019885D01*
X0384230Y0019873D01*
X0384388Y0019857D01*
X0384545Y0019837D01*
X0384701Y0019813D01*
X0384857Y0019785D01*
X0385012Y0019754D01*
X0385167Y0019718D01*
X0385320Y0019679D01*
X0385472Y0019636D01*
X0385623Y0019589D01*
X0385773Y0019538D01*
X0385922Y0019483D01*
X0386069Y0019425D01*
X0386215Y0019363D01*
X0386359Y0019298D01*
X0386501Y0019228D01*
X0386642Y0019156D01*
X0386781Y0019079D01*
X0386917Y0019000D01*
X0387052Y0018916D01*
X0387185Y0018830D01*
X0387315Y0018740D01*
X0387443Y0018647D01*
X0387569Y0018551D01*
X0387692Y0018451D01*
X0387813Y0018349D01*
X0387931Y0018244D01*
X0388046Y0018135D01*
X0388159Y0018024D01*
X0388269Y0017910D01*
X0388376Y0017793D01*
X0388480Y0017674D01*
X0388581Y0017552D01*
X0388678Y0017427D01*
X0388773Y0017300D01*
X0388864Y0017171D01*
X0388953Y0017040D01*
X0389037Y0016906D01*
X0389119Y0016770D01*
X0389197Y0016633D01*
X0389271Y0016493D01*
X0389342Y0016351D01*
X0389410Y0016208D01*
X0389474Y0016063D01*
X0389534Y0015917D01*
X0389590Y0015769D01*
X0389643Y0015620D01*
X0389692Y0015469D01*
X0389737Y0015317D01*
X0389778Y0015164D01*
X0389816Y0015011D01*
X0389849Y0014856D01*
X0389879Y0014700D01*
X0389905Y0014544D01*
X0389926Y0014387D01*
X0389944Y0014230D01*
X0389958Y0014072D01*
X0389968Y0013914D01*
X0389974Y0013756D01*
X0389976Y0013598D01*
X0389974Y0013440D01*
X0389968Y0013282D01*
X0389958Y0013124D01*
X0389944Y0012966D01*
X0389926Y0012809D01*
X0389905Y0012652D01*
X0389879Y0012496D01*
X0389849Y0012340D01*
X0389816Y0012185D01*
X0389778Y0012032D01*
X0389737Y0011879D01*
X0389692Y0011727D01*
X0389643Y0011576D01*
X0389590Y0011427D01*
X0389534Y0011279D01*
X0389474Y0011133D01*
X0389410Y0010988D01*
X0389342Y0010845D01*
X0389271Y0010703D01*
X0389197Y0010563D01*
X0389119Y0010426D01*
X0389037Y0010290D01*
X0388953Y0010156D01*
X0388864Y0010025D01*
X0388773Y0009896D01*
X0388678Y0009769D01*
X0388581Y0009644D01*
X0388480Y0009522D01*
X0388376Y0009403D01*
X0388269Y0009286D01*
X0388159Y0009172D01*
X0388046Y0009061D01*
X0387931Y0008952D01*
X0387813Y0008847D01*
X0387692Y0008745D01*
X0387569Y0008645D01*
X0387443Y0008549D01*
X0387315Y0008456D01*
X0387185Y0008366D01*
X0387052Y0008280D01*
X0386917Y0008196D01*
X0386781Y0008117D01*
X0386642Y0008040D01*
X0386501Y0007968D01*
X0386359Y0007898D01*
X0386215Y0007833D01*
X0386069Y0007771D01*
X0385922Y0007713D01*
X0385773Y0007658D01*
X0385623Y0007607D01*
X0385472Y0007560D01*
X0385320Y0007517D01*
X0385167Y0007478D01*
X0385012Y0007442D01*
X0384857Y0007411D01*
X0384701Y0007383D01*
X0384545Y0007359D01*
X0384388Y0007339D01*
X0384230Y0007323D01*
X0384073Y0007311D01*
X0383914Y0007303D01*
X0383756Y0007299D01*
X0383598Y0007299D01*
X0383440Y0007303D01*
X0383281Y0007311D01*
X0383124Y0007323D01*
X0382966Y0007339D01*
X0382809Y0007359D01*
X0382653Y0007383D01*
X0382497Y0007411D01*
X0382342Y0007442D01*
X0382187Y0007478D01*
X0382034Y0007517D01*
X0381882Y0007560D01*
X0381731Y0007607D01*
X0381581Y0007658D01*
X0381432Y0007713D01*
X0381285Y0007771D01*
X0381139Y0007833D01*
X0380995Y0007898D01*
X0380853Y0007968D01*
X0380712Y0008040D01*
X0380573Y0008117D01*
X0380437Y0008196D01*
X0380302Y0008280D01*
X0380169Y0008366D01*
X0380039Y0008456D01*
X0379911Y0008549D01*
X0379785Y0008645D01*
X0379662Y0008745D01*
X0379541Y0008847D01*
X0379423Y0008952D01*
X0379308Y0009061D01*
X0379195Y0009172D01*
X0379085Y0009286D01*
X0378978Y0009403D01*
X0378874Y0009522D01*
X0378773Y0009644D01*
X0378676Y0009769D01*
X0378581Y0009896D01*
X0378490Y0010025D01*
X0378401Y0010156D01*
X0378317Y0010290D01*
X0378235Y0010426D01*
X0378157Y0010563D01*
X0378083Y0010703D01*
X0378012Y0010845D01*
X0377944Y0010988D01*
X0377880Y0011133D01*
X0377820Y0011279D01*
X0377764Y0011427D01*
X0377711Y0011576D01*
X0377662Y0011727D01*
X0377617Y0011879D01*
X0377576Y0012032D01*
X0377538Y0012185D01*
X0377505Y0012340D01*
X0377475Y0012496D01*
X0377449Y0012652D01*
X0377428Y0012809D01*
X0377410Y0012966D01*
X0377396Y0013124D01*
X0377386Y0013282D01*
X0377380Y0013440D01*
X0377378Y0013598D01*
M02*
