G75*
%MOIN*%
%OFA0B0*%
%FSLAX24Y24*%
%IPPOS*%
%LPD*%
%AMOC8*
5,1,8,0,0,1.08239X$1,22.5*
%
%ADD10C,0.0000*%
D10*
X004448Y000179D02*
X004448Y006084D01*
X027677Y006084D01*
X027677Y000179D01*
X004448Y000179D01*
X006358Y001242D02*
X006360Y001267D01*
X006366Y001291D01*
X006375Y001313D01*
X006388Y001334D01*
X006404Y001353D01*
X006423Y001369D01*
X006444Y001382D01*
X006466Y001391D01*
X006490Y001397D01*
X006515Y001399D01*
X006540Y001397D01*
X006564Y001391D01*
X006586Y001382D01*
X006607Y001369D01*
X006626Y001353D01*
X006642Y001334D01*
X006655Y001313D01*
X006664Y001291D01*
X006670Y001267D01*
X006672Y001242D01*
X006670Y001217D01*
X006664Y001193D01*
X006655Y001171D01*
X006642Y001150D01*
X006626Y001131D01*
X006607Y001115D01*
X006586Y001102D01*
X006564Y001093D01*
X006540Y001087D01*
X006515Y001085D01*
X006490Y001087D01*
X006466Y001093D01*
X006444Y001102D01*
X006423Y001115D01*
X006404Y001131D01*
X006388Y001150D01*
X006375Y001171D01*
X006366Y001193D01*
X006360Y001217D01*
X006358Y001242D01*
X006398Y001242D02*
X006400Y001267D01*
X006406Y001291D01*
X006415Y001313D01*
X006428Y001334D01*
X006444Y001353D01*
X006463Y001369D01*
X006484Y001382D01*
X006506Y001391D01*
X006530Y001397D01*
X006555Y001399D01*
X006580Y001397D01*
X006604Y001391D01*
X006626Y001382D01*
X006647Y001369D01*
X006666Y001353D01*
X006682Y001334D01*
X006695Y001313D01*
X006704Y001291D01*
X006710Y001267D01*
X006712Y001242D01*
X006710Y001217D01*
X006704Y001193D01*
X006695Y001171D01*
X006682Y001150D01*
X006666Y001131D01*
X006647Y001115D01*
X006626Y001102D01*
X006604Y001093D01*
X006580Y001087D01*
X006555Y001085D01*
X006530Y001087D01*
X006506Y001093D01*
X006484Y001102D01*
X006463Y001115D01*
X006444Y001131D01*
X006428Y001150D01*
X006415Y001171D01*
X006406Y001193D01*
X006400Y001217D01*
X006398Y001242D01*
X006437Y001242D02*
X006439Y001267D01*
X006445Y001291D01*
X006454Y001313D01*
X006467Y001334D01*
X006483Y001353D01*
X006502Y001369D01*
X006523Y001382D01*
X006545Y001391D01*
X006569Y001397D01*
X006594Y001399D01*
X006619Y001397D01*
X006643Y001391D01*
X006665Y001382D01*
X006686Y001369D01*
X006705Y001353D01*
X006721Y001334D01*
X006734Y001313D01*
X006743Y001291D01*
X006749Y001267D01*
X006751Y001242D01*
X006749Y001217D01*
X006743Y001193D01*
X006734Y001171D01*
X006721Y001150D01*
X006705Y001131D01*
X006686Y001115D01*
X006665Y001102D01*
X006643Y001093D01*
X006619Y001087D01*
X006594Y001085D01*
X006569Y001087D01*
X006545Y001093D01*
X006523Y001102D01*
X006502Y001115D01*
X006483Y001131D01*
X006467Y001150D01*
X006454Y001171D01*
X006445Y001193D01*
X006439Y001217D01*
X006437Y001242D01*
X006477Y001242D02*
X006479Y001267D01*
X006485Y001291D01*
X006494Y001313D01*
X006507Y001334D01*
X006523Y001353D01*
X006542Y001369D01*
X006563Y001382D01*
X006585Y001391D01*
X006609Y001397D01*
X006634Y001399D01*
X006659Y001397D01*
X006683Y001391D01*
X006705Y001382D01*
X006726Y001369D01*
X006745Y001353D01*
X006761Y001334D01*
X006774Y001313D01*
X006783Y001291D01*
X006789Y001267D01*
X006791Y001242D01*
X006789Y001217D01*
X006783Y001193D01*
X006774Y001171D01*
X006761Y001150D01*
X006745Y001131D01*
X006726Y001115D01*
X006705Y001102D01*
X006683Y001093D01*
X006659Y001087D01*
X006634Y001085D01*
X006609Y001087D01*
X006585Y001093D01*
X006563Y001102D01*
X006542Y001115D01*
X006523Y001131D01*
X006507Y001150D01*
X006494Y001171D01*
X006485Y001193D01*
X006479Y001217D01*
X006477Y001242D01*
X006516Y001242D02*
X006518Y001267D01*
X006524Y001291D01*
X006533Y001313D01*
X006546Y001334D01*
X006562Y001353D01*
X006581Y001369D01*
X006602Y001382D01*
X006624Y001391D01*
X006648Y001397D01*
X006673Y001399D01*
X006698Y001397D01*
X006722Y001391D01*
X006744Y001382D01*
X006765Y001369D01*
X006784Y001353D01*
X006800Y001334D01*
X006813Y001313D01*
X006822Y001291D01*
X006828Y001267D01*
X006830Y001242D01*
X006828Y001217D01*
X006822Y001193D01*
X006813Y001171D01*
X006800Y001150D01*
X006784Y001131D01*
X006765Y001115D01*
X006744Y001102D01*
X006722Y001093D01*
X006698Y001087D01*
X006673Y001085D01*
X006648Y001087D01*
X006624Y001093D01*
X006602Y001102D01*
X006581Y001115D01*
X006562Y001131D01*
X006546Y001150D01*
X006533Y001171D01*
X006524Y001193D01*
X006518Y001217D01*
X006516Y001242D01*
X006555Y001242D02*
X006557Y001267D01*
X006563Y001291D01*
X006572Y001313D01*
X006585Y001334D01*
X006601Y001353D01*
X006620Y001369D01*
X006641Y001382D01*
X006663Y001391D01*
X006687Y001397D01*
X006712Y001399D01*
X006737Y001397D01*
X006761Y001391D01*
X006783Y001382D01*
X006804Y001369D01*
X006823Y001353D01*
X006839Y001334D01*
X006852Y001313D01*
X006861Y001291D01*
X006867Y001267D01*
X006869Y001242D01*
X006867Y001217D01*
X006861Y001193D01*
X006852Y001171D01*
X006839Y001150D01*
X006823Y001131D01*
X006804Y001115D01*
X006783Y001102D01*
X006761Y001093D01*
X006737Y001087D01*
X006712Y001085D01*
X006687Y001087D01*
X006663Y001093D01*
X006641Y001102D01*
X006620Y001115D01*
X006601Y001131D01*
X006585Y001150D01*
X006572Y001171D01*
X006563Y001193D01*
X006557Y001217D01*
X006555Y001242D01*
X006595Y001242D02*
X006597Y001267D01*
X006603Y001291D01*
X006612Y001313D01*
X006625Y001334D01*
X006641Y001353D01*
X006660Y001369D01*
X006681Y001382D01*
X006703Y001391D01*
X006727Y001397D01*
X006752Y001399D01*
X006777Y001397D01*
X006801Y001391D01*
X006823Y001382D01*
X006844Y001369D01*
X006863Y001353D01*
X006879Y001334D01*
X006892Y001313D01*
X006901Y001291D01*
X006907Y001267D01*
X006909Y001242D01*
X006907Y001217D01*
X006901Y001193D01*
X006892Y001171D01*
X006879Y001150D01*
X006863Y001131D01*
X006844Y001115D01*
X006823Y001102D01*
X006801Y001093D01*
X006777Y001087D01*
X006752Y001085D01*
X006727Y001087D01*
X006703Y001093D01*
X006681Y001102D01*
X006660Y001115D01*
X006641Y001131D01*
X006625Y001150D01*
X006612Y001171D01*
X006603Y001193D01*
X006597Y001217D01*
X006595Y001242D01*
X006634Y001242D02*
X006636Y001267D01*
X006642Y001291D01*
X006651Y001313D01*
X006664Y001334D01*
X006680Y001353D01*
X006699Y001369D01*
X006720Y001382D01*
X006742Y001391D01*
X006766Y001397D01*
X006791Y001399D01*
X006816Y001397D01*
X006840Y001391D01*
X006862Y001382D01*
X006883Y001369D01*
X006902Y001353D01*
X006918Y001334D01*
X006931Y001313D01*
X006940Y001291D01*
X006946Y001267D01*
X006948Y001242D01*
X006946Y001217D01*
X006940Y001193D01*
X006931Y001171D01*
X006918Y001150D01*
X006902Y001131D01*
X006883Y001115D01*
X006862Y001102D01*
X006840Y001093D01*
X006816Y001087D01*
X006791Y001085D01*
X006766Y001087D01*
X006742Y001093D01*
X006720Y001102D01*
X006699Y001115D01*
X006680Y001131D01*
X006664Y001150D01*
X006651Y001171D01*
X006642Y001193D01*
X006636Y001217D01*
X006634Y001242D01*
X006673Y001242D02*
X006675Y001267D01*
X006681Y001291D01*
X006690Y001313D01*
X006703Y001334D01*
X006719Y001353D01*
X006738Y001369D01*
X006759Y001382D01*
X006781Y001391D01*
X006805Y001397D01*
X006830Y001399D01*
X006855Y001397D01*
X006879Y001391D01*
X006901Y001382D01*
X006922Y001369D01*
X006941Y001353D01*
X006957Y001334D01*
X006970Y001313D01*
X006979Y001291D01*
X006985Y001267D01*
X006987Y001242D01*
X006985Y001217D01*
X006979Y001193D01*
X006970Y001171D01*
X006957Y001150D01*
X006941Y001131D01*
X006922Y001115D01*
X006901Y001102D01*
X006879Y001093D01*
X006855Y001087D01*
X006830Y001085D01*
X006805Y001087D01*
X006781Y001093D01*
X006759Y001102D01*
X006738Y001115D01*
X006719Y001131D01*
X006703Y001150D01*
X006690Y001171D01*
X006681Y001193D01*
X006675Y001217D01*
X006673Y001242D01*
X006713Y001242D02*
X006715Y001267D01*
X006721Y001291D01*
X006730Y001313D01*
X006743Y001334D01*
X006759Y001353D01*
X006778Y001369D01*
X006799Y001382D01*
X006821Y001391D01*
X006845Y001397D01*
X006870Y001399D01*
X006895Y001397D01*
X006919Y001391D01*
X006941Y001382D01*
X006962Y001369D01*
X006981Y001353D01*
X006997Y001334D01*
X007010Y001313D01*
X007019Y001291D01*
X007025Y001267D01*
X007027Y001242D01*
X007025Y001217D01*
X007019Y001193D01*
X007010Y001171D01*
X006997Y001150D01*
X006981Y001131D01*
X006962Y001115D01*
X006941Y001102D01*
X006919Y001093D01*
X006895Y001087D01*
X006870Y001085D01*
X006845Y001087D01*
X006821Y001093D01*
X006799Y001102D01*
X006778Y001115D01*
X006759Y001131D01*
X006743Y001150D01*
X006730Y001171D01*
X006721Y001193D01*
X006715Y001217D01*
X006713Y001242D01*
X006752Y001242D02*
X006754Y001267D01*
X006760Y001291D01*
X006769Y001313D01*
X006782Y001334D01*
X006798Y001353D01*
X006817Y001369D01*
X006838Y001382D01*
X006860Y001391D01*
X006884Y001397D01*
X006909Y001399D01*
X006934Y001397D01*
X006958Y001391D01*
X006980Y001382D01*
X007001Y001369D01*
X007020Y001353D01*
X007036Y001334D01*
X007049Y001313D01*
X007058Y001291D01*
X007064Y001267D01*
X007066Y001242D01*
X007064Y001217D01*
X007058Y001193D01*
X007049Y001171D01*
X007036Y001150D01*
X007020Y001131D01*
X007001Y001115D01*
X006980Y001102D01*
X006958Y001093D01*
X006934Y001087D01*
X006909Y001085D01*
X006884Y001087D01*
X006860Y001093D01*
X006838Y001102D01*
X006817Y001115D01*
X006798Y001131D01*
X006782Y001150D01*
X006769Y001171D01*
X006760Y001193D01*
X006754Y001217D01*
X006752Y001242D01*
X006791Y001242D02*
X006793Y001267D01*
X006799Y001291D01*
X006808Y001313D01*
X006821Y001334D01*
X006837Y001353D01*
X006856Y001369D01*
X006877Y001382D01*
X006899Y001391D01*
X006923Y001397D01*
X006948Y001399D01*
X006973Y001397D01*
X006997Y001391D01*
X007019Y001382D01*
X007040Y001369D01*
X007059Y001353D01*
X007075Y001334D01*
X007088Y001313D01*
X007097Y001291D01*
X007103Y001267D01*
X007105Y001242D01*
X007103Y001217D01*
X007097Y001193D01*
X007088Y001171D01*
X007075Y001150D01*
X007059Y001131D01*
X007040Y001115D01*
X007019Y001102D01*
X006997Y001093D01*
X006973Y001087D01*
X006948Y001085D01*
X006923Y001087D01*
X006899Y001093D01*
X006877Y001102D01*
X006856Y001115D01*
X006837Y001131D01*
X006821Y001150D01*
X006808Y001171D01*
X006799Y001193D01*
X006793Y001217D01*
X006791Y001242D01*
X006831Y001242D02*
X006833Y001267D01*
X006839Y001291D01*
X006848Y001313D01*
X006861Y001334D01*
X006877Y001353D01*
X006896Y001369D01*
X006917Y001382D01*
X006939Y001391D01*
X006963Y001397D01*
X006988Y001399D01*
X007013Y001397D01*
X007037Y001391D01*
X007059Y001382D01*
X007080Y001369D01*
X007099Y001353D01*
X007115Y001334D01*
X007128Y001313D01*
X007137Y001291D01*
X007143Y001267D01*
X007145Y001242D01*
X007143Y001217D01*
X007137Y001193D01*
X007128Y001171D01*
X007115Y001150D01*
X007099Y001131D01*
X007080Y001115D01*
X007059Y001102D01*
X007037Y001093D01*
X007013Y001087D01*
X006988Y001085D01*
X006963Y001087D01*
X006939Y001093D01*
X006917Y001102D01*
X006896Y001115D01*
X006877Y001131D01*
X006861Y001150D01*
X006848Y001171D01*
X006839Y001193D01*
X006833Y001217D01*
X006831Y001242D01*
X006870Y001242D02*
X006872Y001267D01*
X006878Y001291D01*
X006887Y001313D01*
X006900Y001334D01*
X006916Y001353D01*
X006935Y001369D01*
X006956Y001382D01*
X006978Y001391D01*
X007002Y001397D01*
X007027Y001399D01*
X007052Y001397D01*
X007076Y001391D01*
X007098Y001382D01*
X007119Y001369D01*
X007138Y001353D01*
X007154Y001334D01*
X007167Y001313D01*
X007176Y001291D01*
X007182Y001267D01*
X007184Y001242D01*
X007182Y001217D01*
X007176Y001193D01*
X007167Y001171D01*
X007154Y001150D01*
X007138Y001131D01*
X007119Y001115D01*
X007098Y001102D01*
X007076Y001093D01*
X007052Y001087D01*
X007027Y001085D01*
X007002Y001087D01*
X006978Y001093D01*
X006956Y001102D01*
X006935Y001115D01*
X006916Y001131D01*
X006900Y001150D01*
X006887Y001171D01*
X006878Y001193D01*
X006872Y001217D01*
X006870Y001242D01*
X006910Y001242D02*
X006912Y001267D01*
X006918Y001291D01*
X006927Y001313D01*
X006940Y001334D01*
X006956Y001353D01*
X006975Y001369D01*
X006996Y001382D01*
X007018Y001391D01*
X007042Y001397D01*
X007067Y001399D01*
X007092Y001397D01*
X007116Y001391D01*
X007138Y001382D01*
X007159Y001369D01*
X007178Y001353D01*
X007194Y001334D01*
X007207Y001313D01*
X007216Y001291D01*
X007222Y001267D01*
X007224Y001242D01*
X007222Y001217D01*
X007216Y001193D01*
X007207Y001171D01*
X007194Y001150D01*
X007178Y001131D01*
X007159Y001115D01*
X007138Y001102D01*
X007116Y001093D01*
X007092Y001087D01*
X007067Y001085D01*
X007042Y001087D01*
X007018Y001093D01*
X006996Y001102D01*
X006975Y001115D01*
X006956Y001131D01*
X006940Y001150D01*
X006927Y001171D01*
X006918Y001193D01*
X006912Y001217D01*
X006910Y001242D01*
X006949Y001242D02*
X006951Y001267D01*
X006957Y001291D01*
X006966Y001313D01*
X006979Y001334D01*
X006995Y001353D01*
X007014Y001369D01*
X007035Y001382D01*
X007057Y001391D01*
X007081Y001397D01*
X007106Y001399D01*
X007131Y001397D01*
X007155Y001391D01*
X007177Y001382D01*
X007198Y001369D01*
X007217Y001353D01*
X007233Y001334D01*
X007246Y001313D01*
X007255Y001291D01*
X007261Y001267D01*
X007263Y001242D01*
X007261Y001217D01*
X007255Y001193D01*
X007246Y001171D01*
X007233Y001150D01*
X007217Y001131D01*
X007198Y001115D01*
X007177Y001102D01*
X007155Y001093D01*
X007131Y001087D01*
X007106Y001085D01*
X007081Y001087D01*
X007057Y001093D01*
X007035Y001102D01*
X007014Y001115D01*
X006995Y001131D01*
X006979Y001150D01*
X006966Y001171D01*
X006957Y001193D01*
X006951Y001217D01*
X006949Y001242D01*
X006988Y001242D02*
X006990Y001267D01*
X006996Y001291D01*
X007005Y001313D01*
X007018Y001334D01*
X007034Y001353D01*
X007053Y001369D01*
X007074Y001382D01*
X007096Y001391D01*
X007120Y001397D01*
X007145Y001399D01*
X007170Y001397D01*
X007194Y001391D01*
X007216Y001382D01*
X007237Y001369D01*
X007256Y001353D01*
X007272Y001334D01*
X007285Y001313D01*
X007294Y001291D01*
X007300Y001267D01*
X007302Y001242D01*
X007300Y001217D01*
X007294Y001193D01*
X007285Y001171D01*
X007272Y001150D01*
X007256Y001131D01*
X007237Y001115D01*
X007216Y001102D01*
X007194Y001093D01*
X007170Y001087D01*
X007145Y001085D01*
X007120Y001087D01*
X007096Y001093D01*
X007074Y001102D01*
X007053Y001115D01*
X007034Y001131D01*
X007018Y001150D01*
X007005Y001171D01*
X006996Y001193D01*
X006990Y001217D01*
X006988Y001242D01*
X007028Y001242D02*
X007030Y001267D01*
X007036Y001291D01*
X007045Y001313D01*
X007058Y001334D01*
X007074Y001353D01*
X007093Y001369D01*
X007114Y001382D01*
X007136Y001391D01*
X007160Y001397D01*
X007185Y001399D01*
X007210Y001397D01*
X007234Y001391D01*
X007256Y001382D01*
X007277Y001369D01*
X007296Y001353D01*
X007312Y001334D01*
X007325Y001313D01*
X007334Y001291D01*
X007340Y001267D01*
X007342Y001242D01*
X007340Y001217D01*
X007334Y001193D01*
X007325Y001171D01*
X007312Y001150D01*
X007296Y001131D01*
X007277Y001115D01*
X007256Y001102D01*
X007234Y001093D01*
X007210Y001087D01*
X007185Y001085D01*
X007160Y001087D01*
X007136Y001093D01*
X007114Y001102D01*
X007093Y001115D01*
X007074Y001131D01*
X007058Y001150D01*
X007045Y001171D01*
X007036Y001193D01*
X007030Y001217D01*
X007028Y001242D01*
X007067Y001242D02*
X007069Y001267D01*
X007075Y001291D01*
X007084Y001313D01*
X007097Y001334D01*
X007113Y001353D01*
X007132Y001369D01*
X007153Y001382D01*
X007175Y001391D01*
X007199Y001397D01*
X007224Y001399D01*
X007249Y001397D01*
X007273Y001391D01*
X007295Y001382D01*
X007316Y001369D01*
X007335Y001353D01*
X007351Y001334D01*
X007364Y001313D01*
X007373Y001291D01*
X007379Y001267D01*
X007381Y001242D01*
X007379Y001217D01*
X007373Y001193D01*
X007364Y001171D01*
X007351Y001150D01*
X007335Y001131D01*
X007316Y001115D01*
X007295Y001102D01*
X007273Y001093D01*
X007249Y001087D01*
X007224Y001085D01*
X007199Y001087D01*
X007175Y001093D01*
X007153Y001102D01*
X007132Y001115D01*
X007113Y001131D01*
X007097Y001150D01*
X007084Y001171D01*
X007075Y001193D01*
X007069Y001217D01*
X007067Y001242D01*
X007106Y001242D02*
X007108Y001267D01*
X007114Y001291D01*
X007123Y001313D01*
X007136Y001334D01*
X007152Y001353D01*
X007171Y001369D01*
X007192Y001382D01*
X007214Y001391D01*
X007238Y001397D01*
X007263Y001399D01*
X007288Y001397D01*
X007312Y001391D01*
X007334Y001382D01*
X007355Y001369D01*
X007374Y001353D01*
X007390Y001334D01*
X007403Y001313D01*
X007412Y001291D01*
X007418Y001267D01*
X007420Y001242D01*
X007418Y001217D01*
X007412Y001193D01*
X007403Y001171D01*
X007390Y001150D01*
X007374Y001131D01*
X007355Y001115D01*
X007334Y001102D01*
X007312Y001093D01*
X007288Y001087D01*
X007263Y001085D01*
X007238Y001087D01*
X007214Y001093D01*
X007192Y001102D01*
X007171Y001115D01*
X007152Y001131D01*
X007136Y001150D01*
X007123Y001171D01*
X007114Y001193D01*
X007108Y001217D01*
X007106Y001242D01*
X007146Y001242D02*
X007148Y001267D01*
X007154Y001291D01*
X007163Y001313D01*
X007176Y001334D01*
X007192Y001353D01*
X007211Y001369D01*
X007232Y001382D01*
X007254Y001391D01*
X007278Y001397D01*
X007303Y001399D01*
X007328Y001397D01*
X007352Y001391D01*
X007374Y001382D01*
X007395Y001369D01*
X007414Y001353D01*
X007430Y001334D01*
X007443Y001313D01*
X007452Y001291D01*
X007458Y001267D01*
X007460Y001242D01*
X007458Y001217D01*
X007452Y001193D01*
X007443Y001171D01*
X007430Y001150D01*
X007414Y001131D01*
X007395Y001115D01*
X007374Y001102D01*
X007352Y001093D01*
X007328Y001087D01*
X007303Y001085D01*
X007278Y001087D01*
X007254Y001093D01*
X007232Y001102D01*
X007211Y001115D01*
X007192Y001131D01*
X007176Y001150D01*
X007163Y001171D01*
X007154Y001193D01*
X007148Y001217D01*
X007146Y001242D01*
X007185Y001242D02*
X007187Y001267D01*
X007193Y001291D01*
X007202Y001313D01*
X007215Y001334D01*
X007231Y001353D01*
X007250Y001369D01*
X007271Y001382D01*
X007293Y001391D01*
X007317Y001397D01*
X007342Y001399D01*
X007367Y001397D01*
X007391Y001391D01*
X007413Y001382D01*
X007434Y001369D01*
X007453Y001353D01*
X007469Y001334D01*
X007482Y001313D01*
X007491Y001291D01*
X007497Y001267D01*
X007499Y001242D01*
X007497Y001217D01*
X007491Y001193D01*
X007482Y001171D01*
X007469Y001150D01*
X007453Y001131D01*
X007434Y001115D01*
X007413Y001102D01*
X007391Y001093D01*
X007367Y001087D01*
X007342Y001085D01*
X007317Y001087D01*
X007293Y001093D01*
X007271Y001102D01*
X007250Y001115D01*
X007231Y001131D01*
X007215Y001150D01*
X007202Y001171D01*
X007193Y001193D01*
X007187Y001217D01*
X007185Y001242D01*
X007225Y001242D02*
X007227Y001267D01*
X007233Y001291D01*
X007242Y001313D01*
X007255Y001334D01*
X007271Y001353D01*
X007290Y001369D01*
X007311Y001382D01*
X007333Y001391D01*
X007357Y001397D01*
X007382Y001399D01*
X007407Y001397D01*
X007431Y001391D01*
X007453Y001382D01*
X007474Y001369D01*
X007493Y001353D01*
X007509Y001334D01*
X007522Y001313D01*
X007531Y001291D01*
X007537Y001267D01*
X007539Y001242D01*
X007537Y001217D01*
X007531Y001193D01*
X007522Y001171D01*
X007509Y001150D01*
X007493Y001131D01*
X007474Y001115D01*
X007453Y001102D01*
X007431Y001093D01*
X007407Y001087D01*
X007382Y001085D01*
X007357Y001087D01*
X007333Y001093D01*
X007311Y001102D01*
X007290Y001115D01*
X007271Y001131D01*
X007255Y001150D01*
X007242Y001171D01*
X007233Y001193D01*
X007227Y001217D01*
X007225Y001242D01*
X007264Y001242D02*
X007266Y001267D01*
X007272Y001291D01*
X007281Y001313D01*
X007294Y001334D01*
X007310Y001353D01*
X007329Y001369D01*
X007350Y001382D01*
X007372Y001391D01*
X007396Y001397D01*
X007421Y001399D01*
X007446Y001397D01*
X007470Y001391D01*
X007492Y001382D01*
X007513Y001369D01*
X007532Y001353D01*
X007548Y001334D01*
X007561Y001313D01*
X007570Y001291D01*
X007576Y001267D01*
X007578Y001242D01*
X007576Y001217D01*
X007570Y001193D01*
X007561Y001171D01*
X007548Y001150D01*
X007532Y001131D01*
X007513Y001115D01*
X007492Y001102D01*
X007470Y001093D01*
X007446Y001087D01*
X007421Y001085D01*
X007396Y001087D01*
X007372Y001093D01*
X007350Y001102D01*
X007329Y001115D01*
X007310Y001131D01*
X007294Y001150D01*
X007281Y001171D01*
X007272Y001193D01*
X007266Y001217D01*
X007264Y001242D01*
X007303Y001242D02*
X007305Y001267D01*
X007311Y001291D01*
X007320Y001313D01*
X007333Y001334D01*
X007349Y001353D01*
X007368Y001369D01*
X007389Y001382D01*
X007411Y001391D01*
X007435Y001397D01*
X007460Y001399D01*
X007485Y001397D01*
X007509Y001391D01*
X007531Y001382D01*
X007552Y001369D01*
X007571Y001353D01*
X007587Y001334D01*
X007600Y001313D01*
X007609Y001291D01*
X007615Y001267D01*
X007617Y001242D01*
X007615Y001217D01*
X007609Y001193D01*
X007600Y001171D01*
X007587Y001150D01*
X007571Y001131D01*
X007552Y001115D01*
X007531Y001102D01*
X007509Y001093D01*
X007485Y001087D01*
X007460Y001085D01*
X007435Y001087D01*
X007411Y001093D01*
X007389Y001102D01*
X007368Y001115D01*
X007349Y001131D01*
X007333Y001150D01*
X007320Y001171D01*
X007311Y001193D01*
X007305Y001217D01*
X007303Y001242D01*
X007343Y001242D02*
X007345Y001267D01*
X007351Y001291D01*
X007360Y001313D01*
X007373Y001334D01*
X007389Y001353D01*
X007408Y001369D01*
X007429Y001382D01*
X007451Y001391D01*
X007475Y001397D01*
X007500Y001399D01*
X007525Y001397D01*
X007549Y001391D01*
X007571Y001382D01*
X007592Y001369D01*
X007611Y001353D01*
X007627Y001334D01*
X007640Y001313D01*
X007649Y001291D01*
X007655Y001267D01*
X007657Y001242D01*
X007655Y001217D01*
X007649Y001193D01*
X007640Y001171D01*
X007627Y001150D01*
X007611Y001131D01*
X007592Y001115D01*
X007571Y001102D01*
X007549Y001093D01*
X007525Y001087D01*
X007500Y001085D01*
X007475Y001087D01*
X007451Y001093D01*
X007429Y001102D01*
X007408Y001115D01*
X007389Y001131D01*
X007373Y001150D01*
X007360Y001171D01*
X007351Y001193D01*
X007345Y001217D01*
X007343Y001242D01*
X007382Y001242D02*
X007384Y001267D01*
X007390Y001291D01*
X007399Y001313D01*
X007412Y001334D01*
X007428Y001353D01*
X007447Y001369D01*
X007468Y001382D01*
X007490Y001391D01*
X007514Y001397D01*
X007539Y001399D01*
X007564Y001397D01*
X007588Y001391D01*
X007610Y001382D01*
X007631Y001369D01*
X007650Y001353D01*
X007666Y001334D01*
X007679Y001313D01*
X007688Y001291D01*
X007694Y001267D01*
X007696Y001242D01*
X007694Y001217D01*
X007688Y001193D01*
X007679Y001171D01*
X007666Y001150D01*
X007650Y001131D01*
X007631Y001115D01*
X007610Y001102D01*
X007588Y001093D01*
X007564Y001087D01*
X007539Y001085D01*
X007514Y001087D01*
X007490Y001093D01*
X007468Y001102D01*
X007447Y001115D01*
X007428Y001131D01*
X007412Y001150D01*
X007399Y001171D01*
X007390Y001193D01*
X007384Y001217D01*
X007382Y001242D01*
X007421Y001242D02*
X007423Y001267D01*
X007429Y001291D01*
X007438Y001313D01*
X007451Y001334D01*
X007467Y001353D01*
X007486Y001369D01*
X007507Y001382D01*
X007529Y001391D01*
X007553Y001397D01*
X007578Y001399D01*
X007603Y001397D01*
X007627Y001391D01*
X007649Y001382D01*
X007670Y001369D01*
X007689Y001353D01*
X007705Y001334D01*
X007718Y001313D01*
X007727Y001291D01*
X007733Y001267D01*
X007735Y001242D01*
X007733Y001217D01*
X007727Y001193D01*
X007718Y001171D01*
X007705Y001150D01*
X007689Y001131D01*
X007670Y001115D01*
X007649Y001102D01*
X007627Y001093D01*
X007603Y001087D01*
X007578Y001085D01*
X007553Y001087D01*
X007529Y001093D01*
X007507Y001102D01*
X007486Y001115D01*
X007467Y001131D01*
X007451Y001150D01*
X007438Y001171D01*
X007429Y001193D01*
X007423Y001217D01*
X007421Y001242D01*
X007461Y001242D02*
X007463Y001267D01*
X007469Y001291D01*
X007478Y001313D01*
X007491Y001334D01*
X007507Y001353D01*
X007526Y001369D01*
X007547Y001382D01*
X007569Y001391D01*
X007593Y001397D01*
X007618Y001399D01*
X007643Y001397D01*
X007667Y001391D01*
X007689Y001382D01*
X007710Y001369D01*
X007729Y001353D01*
X007745Y001334D01*
X007758Y001313D01*
X007767Y001291D01*
X007773Y001267D01*
X007775Y001242D01*
X007773Y001217D01*
X007767Y001193D01*
X007758Y001171D01*
X007745Y001150D01*
X007729Y001131D01*
X007710Y001115D01*
X007689Y001102D01*
X007667Y001093D01*
X007643Y001087D01*
X007618Y001085D01*
X007593Y001087D01*
X007569Y001093D01*
X007547Y001102D01*
X007526Y001115D01*
X007507Y001131D01*
X007491Y001150D01*
X007478Y001171D01*
X007469Y001193D01*
X007463Y001217D01*
X007461Y001242D01*
X007500Y001242D02*
X007502Y001267D01*
X007508Y001291D01*
X007517Y001313D01*
X007530Y001334D01*
X007546Y001353D01*
X007565Y001369D01*
X007586Y001382D01*
X007608Y001391D01*
X007632Y001397D01*
X007657Y001399D01*
X007682Y001397D01*
X007706Y001391D01*
X007728Y001382D01*
X007749Y001369D01*
X007768Y001353D01*
X007784Y001334D01*
X007797Y001313D01*
X007806Y001291D01*
X007812Y001267D01*
X007814Y001242D01*
X007812Y001217D01*
X007806Y001193D01*
X007797Y001171D01*
X007784Y001150D01*
X007768Y001131D01*
X007749Y001115D01*
X007728Y001102D01*
X007706Y001093D01*
X007682Y001087D01*
X007657Y001085D01*
X007632Y001087D01*
X007608Y001093D01*
X007586Y001102D01*
X007565Y001115D01*
X007546Y001131D01*
X007530Y001150D01*
X007517Y001171D01*
X007508Y001193D01*
X007502Y001217D01*
X007500Y001242D01*
X007540Y001242D02*
X007542Y001267D01*
X007548Y001291D01*
X007557Y001313D01*
X007570Y001334D01*
X007586Y001353D01*
X007605Y001369D01*
X007626Y001382D01*
X007648Y001391D01*
X007672Y001397D01*
X007697Y001399D01*
X007722Y001397D01*
X007746Y001391D01*
X007768Y001382D01*
X007789Y001369D01*
X007808Y001353D01*
X007824Y001334D01*
X007837Y001313D01*
X007846Y001291D01*
X007852Y001267D01*
X007854Y001242D01*
X007852Y001217D01*
X007846Y001193D01*
X007837Y001171D01*
X007824Y001150D01*
X007808Y001131D01*
X007789Y001115D01*
X007768Y001102D01*
X007746Y001093D01*
X007722Y001087D01*
X007697Y001085D01*
X007672Y001087D01*
X007648Y001093D01*
X007626Y001102D01*
X007605Y001115D01*
X007586Y001131D01*
X007570Y001150D01*
X007557Y001171D01*
X007548Y001193D01*
X007542Y001217D01*
X007540Y001242D01*
X008090Y002462D02*
X008092Y002489D01*
X008098Y002516D01*
X008107Y002542D01*
X008120Y002566D01*
X008136Y002589D01*
X008155Y002608D01*
X008177Y002625D01*
X008201Y002639D01*
X008226Y002649D01*
X008253Y002656D01*
X008280Y002659D01*
X008308Y002658D01*
X008335Y002653D01*
X008361Y002645D01*
X008385Y002633D01*
X008408Y002617D01*
X008429Y002599D01*
X008446Y002578D01*
X008461Y002554D01*
X008472Y002529D01*
X008480Y002503D01*
X008484Y002476D01*
X008484Y002448D01*
X008480Y002421D01*
X008472Y002395D01*
X008461Y002370D01*
X008446Y002346D01*
X008429Y002325D01*
X008408Y002307D01*
X008386Y002291D01*
X008361Y002279D01*
X008335Y002271D01*
X008308Y002266D01*
X008280Y002265D01*
X008253Y002268D01*
X008226Y002275D01*
X008201Y002285D01*
X008177Y002299D01*
X008155Y002316D01*
X008136Y002335D01*
X008120Y002358D01*
X008107Y002382D01*
X008098Y002408D01*
X008092Y002435D01*
X008090Y002462D01*
X008090Y002502D02*
X008092Y002529D01*
X008098Y002556D01*
X008107Y002582D01*
X008120Y002606D01*
X008136Y002629D01*
X008155Y002648D01*
X008177Y002665D01*
X008201Y002679D01*
X008226Y002689D01*
X008253Y002696D01*
X008280Y002699D01*
X008308Y002698D01*
X008335Y002693D01*
X008361Y002685D01*
X008385Y002673D01*
X008408Y002657D01*
X008429Y002639D01*
X008446Y002618D01*
X008461Y002594D01*
X008472Y002569D01*
X008480Y002543D01*
X008484Y002516D01*
X008484Y002488D01*
X008480Y002461D01*
X008472Y002435D01*
X008461Y002410D01*
X008446Y002386D01*
X008429Y002365D01*
X008408Y002347D01*
X008386Y002331D01*
X008361Y002319D01*
X008335Y002311D01*
X008308Y002306D01*
X008280Y002305D01*
X008253Y002308D01*
X008226Y002315D01*
X008201Y002325D01*
X008177Y002339D01*
X008155Y002356D01*
X008136Y002375D01*
X008120Y002398D01*
X008107Y002422D01*
X008098Y002448D01*
X008092Y002475D01*
X008090Y002502D01*
X008090Y002541D02*
X008092Y002568D01*
X008098Y002595D01*
X008107Y002621D01*
X008120Y002645D01*
X008136Y002668D01*
X008155Y002687D01*
X008177Y002704D01*
X008201Y002718D01*
X008226Y002728D01*
X008253Y002735D01*
X008280Y002738D01*
X008308Y002737D01*
X008335Y002732D01*
X008361Y002724D01*
X008385Y002712D01*
X008408Y002696D01*
X008429Y002678D01*
X008446Y002657D01*
X008461Y002633D01*
X008472Y002608D01*
X008480Y002582D01*
X008484Y002555D01*
X008484Y002527D01*
X008480Y002500D01*
X008472Y002474D01*
X008461Y002449D01*
X008446Y002425D01*
X008429Y002404D01*
X008408Y002386D01*
X008386Y002370D01*
X008361Y002358D01*
X008335Y002350D01*
X008308Y002345D01*
X008280Y002344D01*
X008253Y002347D01*
X008226Y002354D01*
X008201Y002364D01*
X008177Y002378D01*
X008155Y002395D01*
X008136Y002414D01*
X008120Y002437D01*
X008107Y002461D01*
X008098Y002487D01*
X008092Y002514D01*
X008090Y002541D01*
X008090Y002580D02*
X008092Y002607D01*
X008098Y002634D01*
X008107Y002660D01*
X008120Y002684D01*
X008136Y002707D01*
X008155Y002726D01*
X008177Y002743D01*
X008201Y002757D01*
X008226Y002767D01*
X008253Y002774D01*
X008280Y002777D01*
X008308Y002776D01*
X008335Y002771D01*
X008361Y002763D01*
X008385Y002751D01*
X008408Y002735D01*
X008429Y002717D01*
X008446Y002696D01*
X008461Y002672D01*
X008472Y002647D01*
X008480Y002621D01*
X008484Y002594D01*
X008484Y002566D01*
X008480Y002539D01*
X008472Y002513D01*
X008461Y002488D01*
X008446Y002464D01*
X008429Y002443D01*
X008408Y002425D01*
X008386Y002409D01*
X008361Y002397D01*
X008335Y002389D01*
X008308Y002384D01*
X008280Y002383D01*
X008253Y002386D01*
X008226Y002393D01*
X008201Y002403D01*
X008177Y002417D01*
X008155Y002434D01*
X008136Y002453D01*
X008120Y002476D01*
X008107Y002500D01*
X008098Y002526D01*
X008092Y002553D01*
X008090Y002580D01*
X008090Y002620D02*
X008092Y002647D01*
X008098Y002674D01*
X008107Y002700D01*
X008120Y002724D01*
X008136Y002747D01*
X008155Y002766D01*
X008177Y002783D01*
X008201Y002797D01*
X008226Y002807D01*
X008253Y002814D01*
X008280Y002817D01*
X008308Y002816D01*
X008335Y002811D01*
X008361Y002803D01*
X008385Y002791D01*
X008408Y002775D01*
X008429Y002757D01*
X008446Y002736D01*
X008461Y002712D01*
X008472Y002687D01*
X008480Y002661D01*
X008484Y002634D01*
X008484Y002606D01*
X008480Y002579D01*
X008472Y002553D01*
X008461Y002528D01*
X008446Y002504D01*
X008429Y002483D01*
X008408Y002465D01*
X008386Y002449D01*
X008361Y002437D01*
X008335Y002429D01*
X008308Y002424D01*
X008280Y002423D01*
X008253Y002426D01*
X008226Y002433D01*
X008201Y002443D01*
X008177Y002457D01*
X008155Y002474D01*
X008136Y002493D01*
X008120Y002516D01*
X008107Y002540D01*
X008098Y002566D01*
X008092Y002593D01*
X008090Y002620D01*
X008090Y002659D02*
X008092Y002686D01*
X008098Y002713D01*
X008107Y002739D01*
X008120Y002763D01*
X008136Y002786D01*
X008155Y002805D01*
X008177Y002822D01*
X008201Y002836D01*
X008226Y002846D01*
X008253Y002853D01*
X008280Y002856D01*
X008308Y002855D01*
X008335Y002850D01*
X008361Y002842D01*
X008385Y002830D01*
X008408Y002814D01*
X008429Y002796D01*
X008446Y002775D01*
X008461Y002751D01*
X008472Y002726D01*
X008480Y002700D01*
X008484Y002673D01*
X008484Y002645D01*
X008480Y002618D01*
X008472Y002592D01*
X008461Y002567D01*
X008446Y002543D01*
X008429Y002522D01*
X008408Y002504D01*
X008386Y002488D01*
X008361Y002476D01*
X008335Y002468D01*
X008308Y002463D01*
X008280Y002462D01*
X008253Y002465D01*
X008226Y002472D01*
X008201Y002482D01*
X008177Y002496D01*
X008155Y002513D01*
X008136Y002532D01*
X008120Y002555D01*
X008107Y002579D01*
X008098Y002605D01*
X008092Y002632D01*
X008090Y002659D01*
X008090Y002698D02*
X008092Y002725D01*
X008098Y002752D01*
X008107Y002778D01*
X008120Y002802D01*
X008136Y002825D01*
X008155Y002844D01*
X008177Y002861D01*
X008201Y002875D01*
X008226Y002885D01*
X008253Y002892D01*
X008280Y002895D01*
X008308Y002894D01*
X008335Y002889D01*
X008361Y002881D01*
X008385Y002869D01*
X008408Y002853D01*
X008429Y002835D01*
X008446Y002814D01*
X008461Y002790D01*
X008472Y002765D01*
X008480Y002739D01*
X008484Y002712D01*
X008484Y002684D01*
X008480Y002657D01*
X008472Y002631D01*
X008461Y002606D01*
X008446Y002582D01*
X008429Y002561D01*
X008408Y002543D01*
X008386Y002527D01*
X008361Y002515D01*
X008335Y002507D01*
X008308Y002502D01*
X008280Y002501D01*
X008253Y002504D01*
X008226Y002511D01*
X008201Y002521D01*
X008177Y002535D01*
X008155Y002552D01*
X008136Y002571D01*
X008120Y002594D01*
X008107Y002618D01*
X008098Y002644D01*
X008092Y002671D01*
X008090Y002698D01*
X008090Y002738D02*
X008092Y002765D01*
X008098Y002792D01*
X008107Y002818D01*
X008120Y002842D01*
X008136Y002865D01*
X008155Y002884D01*
X008177Y002901D01*
X008201Y002915D01*
X008226Y002925D01*
X008253Y002932D01*
X008280Y002935D01*
X008308Y002934D01*
X008335Y002929D01*
X008361Y002921D01*
X008385Y002909D01*
X008408Y002893D01*
X008429Y002875D01*
X008446Y002854D01*
X008461Y002830D01*
X008472Y002805D01*
X008480Y002779D01*
X008484Y002752D01*
X008484Y002724D01*
X008480Y002697D01*
X008472Y002671D01*
X008461Y002646D01*
X008446Y002622D01*
X008429Y002601D01*
X008408Y002583D01*
X008386Y002567D01*
X008361Y002555D01*
X008335Y002547D01*
X008308Y002542D01*
X008280Y002541D01*
X008253Y002544D01*
X008226Y002551D01*
X008201Y002561D01*
X008177Y002575D01*
X008155Y002592D01*
X008136Y002611D01*
X008120Y002634D01*
X008107Y002658D01*
X008098Y002684D01*
X008092Y002711D01*
X008090Y002738D01*
X008090Y002777D02*
X008092Y002804D01*
X008098Y002831D01*
X008107Y002857D01*
X008120Y002881D01*
X008136Y002904D01*
X008155Y002923D01*
X008177Y002940D01*
X008201Y002954D01*
X008226Y002964D01*
X008253Y002971D01*
X008280Y002974D01*
X008308Y002973D01*
X008335Y002968D01*
X008361Y002960D01*
X008385Y002948D01*
X008408Y002932D01*
X008429Y002914D01*
X008446Y002893D01*
X008461Y002869D01*
X008472Y002844D01*
X008480Y002818D01*
X008484Y002791D01*
X008484Y002763D01*
X008480Y002736D01*
X008472Y002710D01*
X008461Y002685D01*
X008446Y002661D01*
X008429Y002640D01*
X008408Y002622D01*
X008386Y002606D01*
X008361Y002594D01*
X008335Y002586D01*
X008308Y002581D01*
X008280Y002580D01*
X008253Y002583D01*
X008226Y002590D01*
X008201Y002600D01*
X008177Y002614D01*
X008155Y002631D01*
X008136Y002650D01*
X008120Y002673D01*
X008107Y002697D01*
X008098Y002723D01*
X008092Y002750D01*
X008090Y002777D01*
X008090Y002817D02*
X008092Y002844D01*
X008098Y002871D01*
X008107Y002897D01*
X008120Y002921D01*
X008136Y002944D01*
X008155Y002963D01*
X008177Y002980D01*
X008201Y002994D01*
X008226Y003004D01*
X008253Y003011D01*
X008280Y003014D01*
X008308Y003013D01*
X008335Y003008D01*
X008361Y003000D01*
X008385Y002988D01*
X008408Y002972D01*
X008429Y002954D01*
X008446Y002933D01*
X008461Y002909D01*
X008472Y002884D01*
X008480Y002858D01*
X008484Y002831D01*
X008484Y002803D01*
X008480Y002776D01*
X008472Y002750D01*
X008461Y002725D01*
X008446Y002701D01*
X008429Y002680D01*
X008408Y002662D01*
X008386Y002646D01*
X008361Y002634D01*
X008335Y002626D01*
X008308Y002621D01*
X008280Y002620D01*
X008253Y002623D01*
X008226Y002630D01*
X008201Y002640D01*
X008177Y002654D01*
X008155Y002671D01*
X008136Y002690D01*
X008120Y002713D01*
X008107Y002737D01*
X008098Y002763D01*
X008092Y002790D01*
X008090Y002817D01*
X008090Y002856D02*
X008092Y002883D01*
X008098Y002910D01*
X008107Y002936D01*
X008120Y002960D01*
X008136Y002983D01*
X008155Y003002D01*
X008177Y003019D01*
X008201Y003033D01*
X008226Y003043D01*
X008253Y003050D01*
X008280Y003053D01*
X008308Y003052D01*
X008335Y003047D01*
X008361Y003039D01*
X008385Y003027D01*
X008408Y003011D01*
X008429Y002993D01*
X008446Y002972D01*
X008461Y002948D01*
X008472Y002923D01*
X008480Y002897D01*
X008484Y002870D01*
X008484Y002842D01*
X008480Y002815D01*
X008472Y002789D01*
X008461Y002764D01*
X008446Y002740D01*
X008429Y002719D01*
X008408Y002701D01*
X008386Y002685D01*
X008361Y002673D01*
X008335Y002665D01*
X008308Y002660D01*
X008280Y002659D01*
X008253Y002662D01*
X008226Y002669D01*
X008201Y002679D01*
X008177Y002693D01*
X008155Y002710D01*
X008136Y002729D01*
X008120Y002752D01*
X008107Y002776D01*
X008098Y002802D01*
X008092Y002829D01*
X008090Y002856D01*
X008090Y002895D02*
X008092Y002922D01*
X008098Y002949D01*
X008107Y002975D01*
X008120Y002999D01*
X008136Y003022D01*
X008155Y003041D01*
X008177Y003058D01*
X008201Y003072D01*
X008226Y003082D01*
X008253Y003089D01*
X008280Y003092D01*
X008308Y003091D01*
X008335Y003086D01*
X008361Y003078D01*
X008385Y003066D01*
X008408Y003050D01*
X008429Y003032D01*
X008446Y003011D01*
X008461Y002987D01*
X008472Y002962D01*
X008480Y002936D01*
X008484Y002909D01*
X008484Y002881D01*
X008480Y002854D01*
X008472Y002828D01*
X008461Y002803D01*
X008446Y002779D01*
X008429Y002758D01*
X008408Y002740D01*
X008386Y002724D01*
X008361Y002712D01*
X008335Y002704D01*
X008308Y002699D01*
X008280Y002698D01*
X008253Y002701D01*
X008226Y002708D01*
X008201Y002718D01*
X008177Y002732D01*
X008155Y002749D01*
X008136Y002768D01*
X008120Y002791D01*
X008107Y002815D01*
X008098Y002841D01*
X008092Y002868D01*
X008090Y002895D01*
X008090Y002935D02*
X008092Y002962D01*
X008098Y002989D01*
X008107Y003015D01*
X008120Y003039D01*
X008136Y003062D01*
X008155Y003081D01*
X008177Y003098D01*
X008201Y003112D01*
X008226Y003122D01*
X008253Y003129D01*
X008280Y003132D01*
X008308Y003131D01*
X008335Y003126D01*
X008361Y003118D01*
X008385Y003106D01*
X008408Y003090D01*
X008429Y003072D01*
X008446Y003051D01*
X008461Y003027D01*
X008472Y003002D01*
X008480Y002976D01*
X008484Y002949D01*
X008484Y002921D01*
X008480Y002894D01*
X008472Y002868D01*
X008461Y002843D01*
X008446Y002819D01*
X008429Y002798D01*
X008408Y002780D01*
X008386Y002764D01*
X008361Y002752D01*
X008335Y002744D01*
X008308Y002739D01*
X008280Y002738D01*
X008253Y002741D01*
X008226Y002748D01*
X008201Y002758D01*
X008177Y002772D01*
X008155Y002789D01*
X008136Y002808D01*
X008120Y002831D01*
X008107Y002855D01*
X008098Y002881D01*
X008092Y002908D01*
X008090Y002935D01*
X008090Y002974D02*
X008092Y003001D01*
X008098Y003028D01*
X008107Y003054D01*
X008120Y003078D01*
X008136Y003101D01*
X008155Y003120D01*
X008177Y003137D01*
X008201Y003151D01*
X008226Y003161D01*
X008253Y003168D01*
X008280Y003171D01*
X008308Y003170D01*
X008335Y003165D01*
X008361Y003157D01*
X008385Y003145D01*
X008408Y003129D01*
X008429Y003111D01*
X008446Y003090D01*
X008461Y003066D01*
X008472Y003041D01*
X008480Y003015D01*
X008484Y002988D01*
X008484Y002960D01*
X008480Y002933D01*
X008472Y002907D01*
X008461Y002882D01*
X008446Y002858D01*
X008429Y002837D01*
X008408Y002819D01*
X008386Y002803D01*
X008361Y002791D01*
X008335Y002783D01*
X008308Y002778D01*
X008280Y002777D01*
X008253Y002780D01*
X008226Y002787D01*
X008201Y002797D01*
X008177Y002811D01*
X008155Y002828D01*
X008136Y002847D01*
X008120Y002870D01*
X008107Y002894D01*
X008098Y002920D01*
X008092Y002947D01*
X008090Y002974D01*
X008090Y003013D02*
X008092Y003040D01*
X008098Y003067D01*
X008107Y003093D01*
X008120Y003117D01*
X008136Y003140D01*
X008155Y003159D01*
X008177Y003176D01*
X008201Y003190D01*
X008226Y003200D01*
X008253Y003207D01*
X008280Y003210D01*
X008308Y003209D01*
X008335Y003204D01*
X008361Y003196D01*
X008385Y003184D01*
X008408Y003168D01*
X008429Y003150D01*
X008446Y003129D01*
X008461Y003105D01*
X008472Y003080D01*
X008480Y003054D01*
X008484Y003027D01*
X008484Y002999D01*
X008480Y002972D01*
X008472Y002946D01*
X008461Y002921D01*
X008446Y002897D01*
X008429Y002876D01*
X008408Y002858D01*
X008386Y002842D01*
X008361Y002830D01*
X008335Y002822D01*
X008308Y002817D01*
X008280Y002816D01*
X008253Y002819D01*
X008226Y002826D01*
X008201Y002836D01*
X008177Y002850D01*
X008155Y002867D01*
X008136Y002886D01*
X008120Y002909D01*
X008107Y002933D01*
X008098Y002959D01*
X008092Y002986D01*
X008090Y003013D01*
X008090Y003053D02*
X008092Y003080D01*
X008098Y003107D01*
X008107Y003133D01*
X008120Y003157D01*
X008136Y003180D01*
X008155Y003199D01*
X008177Y003216D01*
X008201Y003230D01*
X008226Y003240D01*
X008253Y003247D01*
X008280Y003250D01*
X008308Y003249D01*
X008335Y003244D01*
X008361Y003236D01*
X008385Y003224D01*
X008408Y003208D01*
X008429Y003190D01*
X008446Y003169D01*
X008461Y003145D01*
X008472Y003120D01*
X008480Y003094D01*
X008484Y003067D01*
X008484Y003039D01*
X008480Y003012D01*
X008472Y002986D01*
X008461Y002961D01*
X008446Y002937D01*
X008429Y002916D01*
X008408Y002898D01*
X008386Y002882D01*
X008361Y002870D01*
X008335Y002862D01*
X008308Y002857D01*
X008280Y002856D01*
X008253Y002859D01*
X008226Y002866D01*
X008201Y002876D01*
X008177Y002890D01*
X008155Y002907D01*
X008136Y002926D01*
X008120Y002949D01*
X008107Y002973D01*
X008098Y002999D01*
X008092Y003026D01*
X008090Y003053D01*
X008090Y003092D02*
X008092Y003119D01*
X008098Y003146D01*
X008107Y003172D01*
X008120Y003196D01*
X008136Y003219D01*
X008155Y003238D01*
X008177Y003255D01*
X008201Y003269D01*
X008226Y003279D01*
X008253Y003286D01*
X008280Y003289D01*
X008308Y003288D01*
X008335Y003283D01*
X008361Y003275D01*
X008385Y003263D01*
X008408Y003247D01*
X008429Y003229D01*
X008446Y003208D01*
X008461Y003184D01*
X008472Y003159D01*
X008480Y003133D01*
X008484Y003106D01*
X008484Y003078D01*
X008480Y003051D01*
X008472Y003025D01*
X008461Y003000D01*
X008446Y002976D01*
X008429Y002955D01*
X008408Y002937D01*
X008386Y002921D01*
X008361Y002909D01*
X008335Y002901D01*
X008308Y002896D01*
X008280Y002895D01*
X008253Y002898D01*
X008226Y002905D01*
X008201Y002915D01*
X008177Y002929D01*
X008155Y002946D01*
X008136Y002965D01*
X008120Y002988D01*
X008107Y003012D01*
X008098Y003038D01*
X008092Y003065D01*
X008090Y003092D01*
X008090Y003131D02*
X008092Y003158D01*
X008098Y003185D01*
X008107Y003211D01*
X008120Y003235D01*
X008136Y003258D01*
X008155Y003277D01*
X008177Y003294D01*
X008201Y003308D01*
X008226Y003318D01*
X008253Y003325D01*
X008280Y003328D01*
X008308Y003327D01*
X008335Y003322D01*
X008361Y003314D01*
X008385Y003302D01*
X008408Y003286D01*
X008429Y003268D01*
X008446Y003247D01*
X008461Y003223D01*
X008472Y003198D01*
X008480Y003172D01*
X008484Y003145D01*
X008484Y003117D01*
X008480Y003090D01*
X008472Y003064D01*
X008461Y003039D01*
X008446Y003015D01*
X008429Y002994D01*
X008408Y002976D01*
X008386Y002960D01*
X008361Y002948D01*
X008335Y002940D01*
X008308Y002935D01*
X008280Y002934D01*
X008253Y002937D01*
X008226Y002944D01*
X008201Y002954D01*
X008177Y002968D01*
X008155Y002985D01*
X008136Y003004D01*
X008120Y003027D01*
X008107Y003051D01*
X008098Y003077D01*
X008092Y003104D01*
X008090Y003131D01*
X008090Y003171D02*
X008092Y003198D01*
X008098Y003225D01*
X008107Y003251D01*
X008120Y003275D01*
X008136Y003298D01*
X008155Y003317D01*
X008177Y003334D01*
X008201Y003348D01*
X008226Y003358D01*
X008253Y003365D01*
X008280Y003368D01*
X008308Y003367D01*
X008335Y003362D01*
X008361Y003354D01*
X008385Y003342D01*
X008408Y003326D01*
X008429Y003308D01*
X008446Y003287D01*
X008461Y003263D01*
X008472Y003238D01*
X008480Y003212D01*
X008484Y003185D01*
X008484Y003157D01*
X008480Y003130D01*
X008472Y003104D01*
X008461Y003079D01*
X008446Y003055D01*
X008429Y003034D01*
X008408Y003016D01*
X008386Y003000D01*
X008361Y002988D01*
X008335Y002980D01*
X008308Y002975D01*
X008280Y002974D01*
X008253Y002977D01*
X008226Y002984D01*
X008201Y002994D01*
X008177Y003008D01*
X008155Y003025D01*
X008136Y003044D01*
X008120Y003067D01*
X008107Y003091D01*
X008098Y003117D01*
X008092Y003144D01*
X008090Y003171D01*
X008090Y003210D02*
X008092Y003237D01*
X008098Y003264D01*
X008107Y003290D01*
X008120Y003314D01*
X008136Y003337D01*
X008155Y003356D01*
X008177Y003373D01*
X008201Y003387D01*
X008226Y003397D01*
X008253Y003404D01*
X008280Y003407D01*
X008308Y003406D01*
X008335Y003401D01*
X008361Y003393D01*
X008385Y003381D01*
X008408Y003365D01*
X008429Y003347D01*
X008446Y003326D01*
X008461Y003302D01*
X008472Y003277D01*
X008480Y003251D01*
X008484Y003224D01*
X008484Y003196D01*
X008480Y003169D01*
X008472Y003143D01*
X008461Y003118D01*
X008446Y003094D01*
X008429Y003073D01*
X008408Y003055D01*
X008386Y003039D01*
X008361Y003027D01*
X008335Y003019D01*
X008308Y003014D01*
X008280Y003013D01*
X008253Y003016D01*
X008226Y003023D01*
X008201Y003033D01*
X008177Y003047D01*
X008155Y003064D01*
X008136Y003083D01*
X008120Y003106D01*
X008107Y003130D01*
X008098Y003156D01*
X008092Y003183D01*
X008090Y003210D01*
X008090Y003250D02*
X008092Y003277D01*
X008098Y003304D01*
X008107Y003330D01*
X008120Y003354D01*
X008136Y003377D01*
X008155Y003396D01*
X008177Y003413D01*
X008201Y003427D01*
X008226Y003437D01*
X008253Y003444D01*
X008280Y003447D01*
X008308Y003446D01*
X008335Y003441D01*
X008361Y003433D01*
X008385Y003421D01*
X008408Y003405D01*
X008429Y003387D01*
X008446Y003366D01*
X008461Y003342D01*
X008472Y003317D01*
X008480Y003291D01*
X008484Y003264D01*
X008484Y003236D01*
X008480Y003209D01*
X008472Y003183D01*
X008461Y003158D01*
X008446Y003134D01*
X008429Y003113D01*
X008408Y003095D01*
X008386Y003079D01*
X008361Y003067D01*
X008335Y003059D01*
X008308Y003054D01*
X008280Y003053D01*
X008253Y003056D01*
X008226Y003063D01*
X008201Y003073D01*
X008177Y003087D01*
X008155Y003104D01*
X008136Y003123D01*
X008120Y003146D01*
X008107Y003170D01*
X008098Y003196D01*
X008092Y003223D01*
X008090Y003250D01*
X008090Y003289D02*
X008092Y003316D01*
X008098Y003343D01*
X008107Y003369D01*
X008120Y003393D01*
X008136Y003416D01*
X008155Y003435D01*
X008177Y003452D01*
X008201Y003466D01*
X008226Y003476D01*
X008253Y003483D01*
X008280Y003486D01*
X008308Y003485D01*
X008335Y003480D01*
X008361Y003472D01*
X008385Y003460D01*
X008408Y003444D01*
X008429Y003426D01*
X008446Y003405D01*
X008461Y003381D01*
X008472Y003356D01*
X008480Y003330D01*
X008484Y003303D01*
X008484Y003275D01*
X008480Y003248D01*
X008472Y003222D01*
X008461Y003197D01*
X008446Y003173D01*
X008429Y003152D01*
X008408Y003134D01*
X008386Y003118D01*
X008361Y003106D01*
X008335Y003098D01*
X008308Y003093D01*
X008280Y003092D01*
X008253Y003095D01*
X008226Y003102D01*
X008201Y003112D01*
X008177Y003126D01*
X008155Y003143D01*
X008136Y003162D01*
X008120Y003185D01*
X008107Y003209D01*
X008098Y003235D01*
X008092Y003262D01*
X008090Y003289D01*
X008090Y003328D02*
X008092Y003355D01*
X008098Y003382D01*
X008107Y003408D01*
X008120Y003432D01*
X008136Y003455D01*
X008155Y003474D01*
X008177Y003491D01*
X008201Y003505D01*
X008226Y003515D01*
X008253Y003522D01*
X008280Y003525D01*
X008308Y003524D01*
X008335Y003519D01*
X008361Y003511D01*
X008385Y003499D01*
X008408Y003483D01*
X008429Y003465D01*
X008446Y003444D01*
X008461Y003420D01*
X008472Y003395D01*
X008480Y003369D01*
X008484Y003342D01*
X008484Y003314D01*
X008480Y003287D01*
X008472Y003261D01*
X008461Y003236D01*
X008446Y003212D01*
X008429Y003191D01*
X008408Y003173D01*
X008386Y003157D01*
X008361Y003145D01*
X008335Y003137D01*
X008308Y003132D01*
X008280Y003131D01*
X008253Y003134D01*
X008226Y003141D01*
X008201Y003151D01*
X008177Y003165D01*
X008155Y003182D01*
X008136Y003201D01*
X008120Y003224D01*
X008107Y003248D01*
X008098Y003274D01*
X008092Y003301D01*
X008090Y003328D01*
X008090Y003368D02*
X008092Y003395D01*
X008098Y003422D01*
X008107Y003448D01*
X008120Y003472D01*
X008136Y003495D01*
X008155Y003514D01*
X008177Y003531D01*
X008201Y003545D01*
X008226Y003555D01*
X008253Y003562D01*
X008280Y003565D01*
X008308Y003564D01*
X008335Y003559D01*
X008361Y003551D01*
X008385Y003539D01*
X008408Y003523D01*
X008429Y003505D01*
X008446Y003484D01*
X008461Y003460D01*
X008472Y003435D01*
X008480Y003409D01*
X008484Y003382D01*
X008484Y003354D01*
X008480Y003327D01*
X008472Y003301D01*
X008461Y003276D01*
X008446Y003252D01*
X008429Y003231D01*
X008408Y003213D01*
X008386Y003197D01*
X008361Y003185D01*
X008335Y003177D01*
X008308Y003172D01*
X008280Y003171D01*
X008253Y003174D01*
X008226Y003181D01*
X008201Y003191D01*
X008177Y003205D01*
X008155Y003222D01*
X008136Y003241D01*
X008120Y003264D01*
X008107Y003288D01*
X008098Y003314D01*
X008092Y003341D01*
X008090Y003368D01*
X008090Y003407D02*
X008092Y003434D01*
X008098Y003461D01*
X008107Y003487D01*
X008120Y003511D01*
X008136Y003534D01*
X008155Y003553D01*
X008177Y003570D01*
X008201Y003584D01*
X008226Y003594D01*
X008253Y003601D01*
X008280Y003604D01*
X008308Y003603D01*
X008335Y003598D01*
X008361Y003590D01*
X008385Y003578D01*
X008408Y003562D01*
X008429Y003544D01*
X008446Y003523D01*
X008461Y003499D01*
X008472Y003474D01*
X008480Y003448D01*
X008484Y003421D01*
X008484Y003393D01*
X008480Y003366D01*
X008472Y003340D01*
X008461Y003315D01*
X008446Y003291D01*
X008429Y003270D01*
X008408Y003252D01*
X008386Y003236D01*
X008361Y003224D01*
X008335Y003216D01*
X008308Y003211D01*
X008280Y003210D01*
X008253Y003213D01*
X008226Y003220D01*
X008201Y003230D01*
X008177Y003244D01*
X008155Y003261D01*
X008136Y003280D01*
X008120Y003303D01*
X008107Y003327D01*
X008098Y003353D01*
X008092Y003380D01*
X008090Y003407D01*
X008090Y003446D02*
X008092Y003473D01*
X008098Y003500D01*
X008107Y003526D01*
X008120Y003550D01*
X008136Y003573D01*
X008155Y003592D01*
X008177Y003609D01*
X008201Y003623D01*
X008226Y003633D01*
X008253Y003640D01*
X008280Y003643D01*
X008308Y003642D01*
X008335Y003637D01*
X008361Y003629D01*
X008385Y003617D01*
X008408Y003601D01*
X008429Y003583D01*
X008446Y003562D01*
X008461Y003538D01*
X008472Y003513D01*
X008480Y003487D01*
X008484Y003460D01*
X008484Y003432D01*
X008480Y003405D01*
X008472Y003379D01*
X008461Y003354D01*
X008446Y003330D01*
X008429Y003309D01*
X008408Y003291D01*
X008386Y003275D01*
X008361Y003263D01*
X008335Y003255D01*
X008308Y003250D01*
X008280Y003249D01*
X008253Y003252D01*
X008226Y003259D01*
X008201Y003269D01*
X008177Y003283D01*
X008155Y003300D01*
X008136Y003319D01*
X008120Y003342D01*
X008107Y003366D01*
X008098Y003392D01*
X008092Y003419D01*
X008090Y003446D01*
X008090Y003486D02*
X008092Y003513D01*
X008098Y003540D01*
X008107Y003566D01*
X008120Y003590D01*
X008136Y003613D01*
X008155Y003632D01*
X008177Y003649D01*
X008201Y003663D01*
X008226Y003673D01*
X008253Y003680D01*
X008280Y003683D01*
X008308Y003682D01*
X008335Y003677D01*
X008361Y003669D01*
X008385Y003657D01*
X008408Y003641D01*
X008429Y003623D01*
X008446Y003602D01*
X008461Y003578D01*
X008472Y003553D01*
X008480Y003527D01*
X008484Y003500D01*
X008484Y003472D01*
X008480Y003445D01*
X008472Y003419D01*
X008461Y003394D01*
X008446Y003370D01*
X008429Y003349D01*
X008408Y003331D01*
X008386Y003315D01*
X008361Y003303D01*
X008335Y003295D01*
X008308Y003290D01*
X008280Y003289D01*
X008253Y003292D01*
X008226Y003299D01*
X008201Y003309D01*
X008177Y003323D01*
X008155Y003340D01*
X008136Y003359D01*
X008120Y003382D01*
X008107Y003406D01*
X008098Y003432D01*
X008092Y003459D01*
X008090Y003486D01*
X008092Y003513D01*
X008098Y003540D01*
X008107Y003566D01*
X008120Y003590D01*
X008136Y003613D01*
X008155Y003632D01*
X008177Y003649D01*
X008201Y003663D01*
X008226Y003673D01*
X008253Y003680D01*
X008280Y003683D01*
X008308Y003682D01*
X008335Y003677D01*
X008361Y003669D01*
X008385Y003657D01*
X008408Y003641D01*
X008429Y003623D01*
X008446Y003602D01*
X008461Y003578D01*
X008472Y003553D01*
X008480Y003527D01*
X008484Y003500D01*
X008484Y003472D01*
X008480Y003445D01*
X008472Y003419D01*
X008461Y003394D01*
X008446Y003370D01*
X008429Y003349D01*
X008408Y003331D01*
X008386Y003315D01*
X008361Y003303D01*
X008335Y003295D01*
X008308Y003290D01*
X008280Y003289D01*
X008253Y003292D01*
X008226Y003299D01*
X008201Y003309D01*
X008177Y003323D01*
X008155Y003340D01*
X008136Y003359D01*
X008120Y003382D01*
X008107Y003406D01*
X008098Y003432D01*
X008092Y003459D01*
X008090Y003486D01*
X008090Y003525D02*
X008092Y003552D01*
X008098Y003579D01*
X008107Y003605D01*
X008120Y003629D01*
X008136Y003652D01*
X008155Y003671D01*
X008177Y003688D01*
X008201Y003702D01*
X008226Y003712D01*
X008253Y003719D01*
X008280Y003722D01*
X008308Y003721D01*
X008335Y003716D01*
X008361Y003708D01*
X008385Y003696D01*
X008408Y003680D01*
X008429Y003662D01*
X008446Y003641D01*
X008461Y003617D01*
X008472Y003592D01*
X008480Y003566D01*
X008484Y003539D01*
X008484Y003511D01*
X008480Y003484D01*
X008472Y003458D01*
X008461Y003433D01*
X008446Y003409D01*
X008429Y003388D01*
X008408Y003370D01*
X008386Y003354D01*
X008361Y003342D01*
X008335Y003334D01*
X008308Y003329D01*
X008280Y003328D01*
X008253Y003331D01*
X008226Y003338D01*
X008201Y003348D01*
X008177Y003362D01*
X008155Y003379D01*
X008136Y003398D01*
X008120Y003421D01*
X008107Y003445D01*
X008098Y003471D01*
X008092Y003498D01*
X008090Y003525D01*
X008090Y003565D02*
X008092Y003592D01*
X008098Y003619D01*
X008107Y003645D01*
X008120Y003669D01*
X008136Y003692D01*
X008155Y003711D01*
X008177Y003728D01*
X008201Y003742D01*
X008226Y003752D01*
X008253Y003759D01*
X008280Y003762D01*
X008308Y003761D01*
X008335Y003756D01*
X008361Y003748D01*
X008385Y003736D01*
X008408Y003720D01*
X008429Y003702D01*
X008446Y003681D01*
X008461Y003657D01*
X008472Y003632D01*
X008480Y003606D01*
X008484Y003579D01*
X008484Y003551D01*
X008480Y003524D01*
X008472Y003498D01*
X008461Y003473D01*
X008446Y003449D01*
X008429Y003428D01*
X008408Y003410D01*
X008386Y003394D01*
X008361Y003382D01*
X008335Y003374D01*
X008308Y003369D01*
X008280Y003368D01*
X008253Y003371D01*
X008226Y003378D01*
X008201Y003388D01*
X008177Y003402D01*
X008155Y003419D01*
X008136Y003438D01*
X008120Y003461D01*
X008107Y003485D01*
X008098Y003511D01*
X008092Y003538D01*
X008090Y003565D01*
X008090Y003604D02*
X008092Y003631D01*
X008098Y003658D01*
X008107Y003684D01*
X008120Y003708D01*
X008136Y003731D01*
X008155Y003750D01*
X008177Y003767D01*
X008201Y003781D01*
X008226Y003791D01*
X008253Y003798D01*
X008280Y003801D01*
X008308Y003800D01*
X008335Y003795D01*
X008361Y003787D01*
X008385Y003775D01*
X008408Y003759D01*
X008429Y003741D01*
X008446Y003720D01*
X008461Y003696D01*
X008472Y003671D01*
X008480Y003645D01*
X008484Y003618D01*
X008484Y003590D01*
X008480Y003563D01*
X008472Y003537D01*
X008461Y003512D01*
X008446Y003488D01*
X008429Y003467D01*
X008408Y003449D01*
X008386Y003433D01*
X008361Y003421D01*
X008335Y003413D01*
X008308Y003408D01*
X008280Y003407D01*
X008253Y003410D01*
X008226Y003417D01*
X008201Y003427D01*
X008177Y003441D01*
X008155Y003458D01*
X008136Y003477D01*
X008120Y003500D01*
X008107Y003524D01*
X008098Y003550D01*
X008092Y003577D01*
X008090Y003604D01*
X008090Y003643D02*
X008092Y003670D01*
X008098Y003697D01*
X008107Y003723D01*
X008120Y003747D01*
X008136Y003770D01*
X008155Y003789D01*
X008177Y003806D01*
X008201Y003820D01*
X008226Y003830D01*
X008253Y003837D01*
X008280Y003840D01*
X008308Y003839D01*
X008335Y003834D01*
X008361Y003826D01*
X008385Y003814D01*
X008408Y003798D01*
X008429Y003780D01*
X008446Y003759D01*
X008461Y003735D01*
X008472Y003710D01*
X008480Y003684D01*
X008484Y003657D01*
X008484Y003629D01*
X008480Y003602D01*
X008472Y003576D01*
X008461Y003551D01*
X008446Y003527D01*
X008429Y003506D01*
X008408Y003488D01*
X008386Y003472D01*
X008361Y003460D01*
X008335Y003452D01*
X008308Y003447D01*
X008280Y003446D01*
X008253Y003449D01*
X008226Y003456D01*
X008201Y003466D01*
X008177Y003480D01*
X008155Y003497D01*
X008136Y003516D01*
X008120Y003539D01*
X008107Y003563D01*
X008098Y003589D01*
X008092Y003616D01*
X008090Y003643D01*
X008090Y003683D02*
X008092Y003710D01*
X008098Y003737D01*
X008107Y003763D01*
X008120Y003787D01*
X008136Y003810D01*
X008155Y003829D01*
X008177Y003846D01*
X008201Y003860D01*
X008226Y003870D01*
X008253Y003877D01*
X008280Y003880D01*
X008308Y003879D01*
X008335Y003874D01*
X008361Y003866D01*
X008385Y003854D01*
X008408Y003838D01*
X008429Y003820D01*
X008446Y003799D01*
X008461Y003775D01*
X008472Y003750D01*
X008480Y003724D01*
X008484Y003697D01*
X008484Y003669D01*
X008480Y003642D01*
X008472Y003616D01*
X008461Y003591D01*
X008446Y003567D01*
X008429Y003546D01*
X008408Y003528D01*
X008386Y003512D01*
X008361Y003500D01*
X008335Y003492D01*
X008308Y003487D01*
X008280Y003486D01*
X008253Y003489D01*
X008226Y003496D01*
X008201Y003506D01*
X008177Y003520D01*
X008155Y003537D01*
X008136Y003556D01*
X008120Y003579D01*
X008107Y003603D01*
X008098Y003629D01*
X008092Y003656D01*
X008090Y003683D01*
X008090Y003722D02*
X008092Y003749D01*
X008098Y003776D01*
X008107Y003802D01*
X008120Y003826D01*
X008136Y003849D01*
X008155Y003868D01*
X008177Y003885D01*
X008201Y003899D01*
X008226Y003909D01*
X008253Y003916D01*
X008280Y003919D01*
X008308Y003918D01*
X008335Y003913D01*
X008361Y003905D01*
X008385Y003893D01*
X008408Y003877D01*
X008429Y003859D01*
X008446Y003838D01*
X008461Y003814D01*
X008472Y003789D01*
X008480Y003763D01*
X008484Y003736D01*
X008484Y003708D01*
X008480Y003681D01*
X008472Y003655D01*
X008461Y003630D01*
X008446Y003606D01*
X008429Y003585D01*
X008408Y003567D01*
X008386Y003551D01*
X008361Y003539D01*
X008335Y003531D01*
X008308Y003526D01*
X008280Y003525D01*
X008253Y003528D01*
X008226Y003535D01*
X008201Y003545D01*
X008177Y003559D01*
X008155Y003576D01*
X008136Y003595D01*
X008120Y003618D01*
X008107Y003642D01*
X008098Y003668D01*
X008092Y003695D01*
X008090Y003722D01*
X008090Y003761D02*
X008092Y003788D01*
X008098Y003815D01*
X008107Y003841D01*
X008120Y003865D01*
X008136Y003888D01*
X008155Y003907D01*
X008177Y003924D01*
X008201Y003938D01*
X008226Y003948D01*
X008253Y003955D01*
X008280Y003958D01*
X008308Y003957D01*
X008335Y003952D01*
X008361Y003944D01*
X008385Y003932D01*
X008408Y003916D01*
X008429Y003898D01*
X008446Y003877D01*
X008461Y003853D01*
X008472Y003828D01*
X008480Y003802D01*
X008484Y003775D01*
X008484Y003747D01*
X008480Y003720D01*
X008472Y003694D01*
X008461Y003669D01*
X008446Y003645D01*
X008429Y003624D01*
X008408Y003606D01*
X008386Y003590D01*
X008361Y003578D01*
X008335Y003570D01*
X008308Y003565D01*
X008280Y003564D01*
X008253Y003567D01*
X008226Y003574D01*
X008201Y003584D01*
X008177Y003598D01*
X008155Y003615D01*
X008136Y003634D01*
X008120Y003657D01*
X008107Y003681D01*
X008098Y003707D01*
X008092Y003734D01*
X008090Y003761D01*
X008090Y003801D02*
X008092Y003828D01*
X008098Y003855D01*
X008107Y003881D01*
X008120Y003905D01*
X008136Y003928D01*
X008155Y003947D01*
X008177Y003964D01*
X008201Y003978D01*
X008226Y003988D01*
X008253Y003995D01*
X008280Y003998D01*
X008308Y003997D01*
X008335Y003992D01*
X008361Y003984D01*
X008385Y003972D01*
X008408Y003956D01*
X008429Y003938D01*
X008446Y003917D01*
X008461Y003893D01*
X008472Y003868D01*
X008480Y003842D01*
X008484Y003815D01*
X008484Y003787D01*
X008480Y003760D01*
X008472Y003734D01*
X008461Y003709D01*
X008446Y003685D01*
X008429Y003664D01*
X008408Y003646D01*
X008386Y003630D01*
X008361Y003618D01*
X008335Y003610D01*
X008308Y003605D01*
X008280Y003604D01*
X008253Y003607D01*
X008226Y003614D01*
X008201Y003624D01*
X008177Y003638D01*
X008155Y003655D01*
X008136Y003674D01*
X008120Y003697D01*
X008107Y003721D01*
X008098Y003747D01*
X008092Y003774D01*
X008090Y003801D01*
X010118Y004116D02*
X010120Y004157D01*
X010126Y004198D01*
X010136Y004238D01*
X010149Y004277D01*
X010166Y004314D01*
X010187Y004350D01*
X010211Y004384D01*
X010238Y004415D01*
X010267Y004443D01*
X010300Y004469D01*
X010334Y004491D01*
X010371Y004510D01*
X010409Y004525D01*
X010449Y004537D01*
X010489Y004545D01*
X010530Y004549D01*
X010572Y004549D01*
X010613Y004545D01*
X010653Y004537D01*
X010693Y004525D01*
X010731Y004510D01*
X010767Y004491D01*
X010802Y004469D01*
X010835Y004443D01*
X010864Y004415D01*
X010891Y004384D01*
X010915Y004350D01*
X010936Y004314D01*
X010953Y004277D01*
X010966Y004238D01*
X010976Y004198D01*
X010982Y004157D01*
X010984Y004116D01*
X010982Y004075D01*
X010976Y004034D01*
X010966Y003994D01*
X010953Y003955D01*
X010936Y003918D01*
X010915Y003882D01*
X010891Y003848D01*
X010864Y003817D01*
X010835Y003789D01*
X010802Y003763D01*
X010768Y003741D01*
X010731Y003722D01*
X010693Y003707D01*
X010653Y003695D01*
X010613Y003687D01*
X010572Y003683D01*
X010530Y003683D01*
X010489Y003687D01*
X010449Y003695D01*
X010409Y003707D01*
X010371Y003722D01*
X010335Y003741D01*
X010300Y003763D01*
X010267Y003789D01*
X010238Y003817D01*
X010211Y003848D01*
X010187Y003882D01*
X010166Y003918D01*
X010149Y003955D01*
X010136Y003994D01*
X010126Y004034D01*
X010120Y004075D01*
X010118Y004116D01*
X005669Y003722D02*
X005671Y003747D01*
X005677Y003771D01*
X005686Y003793D01*
X005699Y003814D01*
X005715Y003833D01*
X005734Y003849D01*
X005755Y003862D01*
X005777Y003871D01*
X005801Y003877D01*
X005826Y003879D01*
X005851Y003877D01*
X005875Y003871D01*
X005897Y003862D01*
X005918Y003849D01*
X005937Y003833D01*
X005953Y003814D01*
X005966Y003793D01*
X005975Y003771D01*
X005981Y003747D01*
X005983Y003722D01*
X005981Y003697D01*
X005975Y003673D01*
X005966Y003651D01*
X005953Y003630D01*
X005937Y003611D01*
X005918Y003595D01*
X005897Y003582D01*
X005875Y003573D01*
X005851Y003567D01*
X005826Y003565D01*
X005801Y003567D01*
X005777Y003573D01*
X005755Y003582D01*
X005734Y003595D01*
X005715Y003611D01*
X005699Y003630D01*
X005686Y003651D01*
X005677Y003673D01*
X005671Y003697D01*
X005669Y003722D01*
X005669Y003683D02*
X005671Y003708D01*
X005677Y003732D01*
X005686Y003754D01*
X005699Y003775D01*
X005715Y003794D01*
X005734Y003810D01*
X005755Y003823D01*
X005777Y003832D01*
X005801Y003838D01*
X005826Y003840D01*
X005851Y003838D01*
X005875Y003832D01*
X005897Y003823D01*
X005918Y003810D01*
X005937Y003794D01*
X005953Y003775D01*
X005966Y003754D01*
X005975Y003732D01*
X005981Y003708D01*
X005983Y003683D01*
X005981Y003658D01*
X005975Y003634D01*
X005966Y003612D01*
X005953Y003591D01*
X005937Y003572D01*
X005918Y003556D01*
X005897Y003543D01*
X005875Y003534D01*
X005851Y003528D01*
X005826Y003526D01*
X005801Y003528D01*
X005777Y003534D01*
X005755Y003543D01*
X005734Y003556D01*
X005715Y003572D01*
X005699Y003591D01*
X005686Y003612D01*
X005677Y003634D01*
X005671Y003658D01*
X005669Y003683D01*
X005669Y003643D02*
X005671Y003668D01*
X005677Y003692D01*
X005686Y003714D01*
X005699Y003735D01*
X005715Y003754D01*
X005734Y003770D01*
X005755Y003783D01*
X005777Y003792D01*
X005801Y003798D01*
X005826Y003800D01*
X005851Y003798D01*
X005875Y003792D01*
X005897Y003783D01*
X005918Y003770D01*
X005937Y003754D01*
X005953Y003735D01*
X005966Y003714D01*
X005975Y003692D01*
X005981Y003668D01*
X005983Y003643D01*
X005981Y003618D01*
X005975Y003594D01*
X005966Y003572D01*
X005953Y003551D01*
X005937Y003532D01*
X005918Y003516D01*
X005897Y003503D01*
X005875Y003494D01*
X005851Y003488D01*
X005826Y003486D01*
X005801Y003488D01*
X005777Y003494D01*
X005755Y003503D01*
X005734Y003516D01*
X005715Y003532D01*
X005699Y003551D01*
X005686Y003572D01*
X005677Y003594D01*
X005671Y003618D01*
X005669Y003643D01*
X005669Y003604D02*
X005671Y003629D01*
X005677Y003653D01*
X005686Y003675D01*
X005699Y003696D01*
X005715Y003715D01*
X005734Y003731D01*
X005755Y003744D01*
X005777Y003753D01*
X005801Y003759D01*
X005826Y003761D01*
X005851Y003759D01*
X005875Y003753D01*
X005897Y003744D01*
X005918Y003731D01*
X005937Y003715D01*
X005953Y003696D01*
X005966Y003675D01*
X005975Y003653D01*
X005981Y003629D01*
X005983Y003604D01*
X005981Y003579D01*
X005975Y003555D01*
X005966Y003533D01*
X005953Y003512D01*
X005937Y003493D01*
X005918Y003477D01*
X005897Y003464D01*
X005875Y003455D01*
X005851Y003449D01*
X005826Y003447D01*
X005801Y003449D01*
X005777Y003455D01*
X005755Y003464D01*
X005734Y003477D01*
X005715Y003493D01*
X005699Y003512D01*
X005686Y003533D01*
X005677Y003555D01*
X005671Y003579D01*
X005669Y003604D01*
X005669Y003565D02*
X005671Y003590D01*
X005677Y003614D01*
X005686Y003636D01*
X005699Y003657D01*
X005715Y003676D01*
X005734Y003692D01*
X005755Y003705D01*
X005777Y003714D01*
X005801Y003720D01*
X005826Y003722D01*
X005851Y003720D01*
X005875Y003714D01*
X005897Y003705D01*
X005918Y003692D01*
X005937Y003676D01*
X005953Y003657D01*
X005966Y003636D01*
X005975Y003614D01*
X005981Y003590D01*
X005983Y003565D01*
X005981Y003540D01*
X005975Y003516D01*
X005966Y003494D01*
X005953Y003473D01*
X005937Y003454D01*
X005918Y003438D01*
X005897Y003425D01*
X005875Y003416D01*
X005851Y003410D01*
X005826Y003408D01*
X005801Y003410D01*
X005777Y003416D01*
X005755Y003425D01*
X005734Y003438D01*
X005715Y003454D01*
X005699Y003473D01*
X005686Y003494D01*
X005677Y003516D01*
X005671Y003540D01*
X005669Y003565D01*
X005669Y003525D02*
X005671Y003550D01*
X005677Y003574D01*
X005686Y003596D01*
X005699Y003617D01*
X005715Y003636D01*
X005734Y003652D01*
X005755Y003665D01*
X005777Y003674D01*
X005801Y003680D01*
X005826Y003682D01*
X005851Y003680D01*
X005875Y003674D01*
X005897Y003665D01*
X005918Y003652D01*
X005937Y003636D01*
X005953Y003617D01*
X005966Y003596D01*
X005975Y003574D01*
X005981Y003550D01*
X005983Y003525D01*
X005981Y003500D01*
X005975Y003476D01*
X005966Y003454D01*
X005953Y003433D01*
X005937Y003414D01*
X005918Y003398D01*
X005897Y003385D01*
X005875Y003376D01*
X005851Y003370D01*
X005826Y003368D01*
X005801Y003370D01*
X005777Y003376D01*
X005755Y003385D01*
X005734Y003398D01*
X005715Y003414D01*
X005699Y003433D01*
X005686Y003454D01*
X005677Y003476D01*
X005671Y003500D01*
X005669Y003525D01*
X005669Y003486D02*
X005671Y003511D01*
X005677Y003535D01*
X005686Y003557D01*
X005699Y003578D01*
X005715Y003597D01*
X005734Y003613D01*
X005755Y003626D01*
X005777Y003635D01*
X005801Y003641D01*
X005826Y003643D01*
X005851Y003641D01*
X005875Y003635D01*
X005897Y003626D01*
X005918Y003613D01*
X005937Y003597D01*
X005953Y003578D01*
X005966Y003557D01*
X005975Y003535D01*
X005981Y003511D01*
X005983Y003486D01*
X005981Y003461D01*
X005975Y003437D01*
X005966Y003415D01*
X005953Y003394D01*
X005937Y003375D01*
X005918Y003359D01*
X005897Y003346D01*
X005875Y003337D01*
X005851Y003331D01*
X005826Y003329D01*
X005801Y003331D01*
X005777Y003337D01*
X005755Y003346D01*
X005734Y003359D01*
X005715Y003375D01*
X005699Y003394D01*
X005686Y003415D01*
X005677Y003437D01*
X005671Y003461D01*
X005669Y003486D01*
X005669Y003446D02*
X005671Y003471D01*
X005677Y003495D01*
X005686Y003517D01*
X005699Y003538D01*
X005715Y003557D01*
X005734Y003573D01*
X005755Y003586D01*
X005777Y003595D01*
X005801Y003601D01*
X005826Y003603D01*
X005851Y003601D01*
X005875Y003595D01*
X005897Y003586D01*
X005918Y003573D01*
X005937Y003557D01*
X005953Y003538D01*
X005966Y003517D01*
X005975Y003495D01*
X005981Y003471D01*
X005983Y003446D01*
X005981Y003421D01*
X005975Y003397D01*
X005966Y003375D01*
X005953Y003354D01*
X005937Y003335D01*
X005918Y003319D01*
X005897Y003306D01*
X005875Y003297D01*
X005851Y003291D01*
X005826Y003289D01*
X005801Y003291D01*
X005777Y003297D01*
X005755Y003306D01*
X005734Y003319D01*
X005715Y003335D01*
X005699Y003354D01*
X005686Y003375D01*
X005677Y003397D01*
X005671Y003421D01*
X005669Y003446D01*
X005669Y003407D02*
X005671Y003432D01*
X005677Y003456D01*
X005686Y003478D01*
X005699Y003499D01*
X005715Y003518D01*
X005734Y003534D01*
X005755Y003547D01*
X005777Y003556D01*
X005801Y003562D01*
X005826Y003564D01*
X005851Y003562D01*
X005875Y003556D01*
X005897Y003547D01*
X005918Y003534D01*
X005937Y003518D01*
X005953Y003499D01*
X005966Y003478D01*
X005975Y003456D01*
X005981Y003432D01*
X005983Y003407D01*
X005981Y003382D01*
X005975Y003358D01*
X005966Y003336D01*
X005953Y003315D01*
X005937Y003296D01*
X005918Y003280D01*
X005897Y003267D01*
X005875Y003258D01*
X005851Y003252D01*
X005826Y003250D01*
X005801Y003252D01*
X005777Y003258D01*
X005755Y003267D01*
X005734Y003280D01*
X005715Y003296D01*
X005699Y003315D01*
X005686Y003336D01*
X005677Y003358D01*
X005671Y003382D01*
X005669Y003407D01*
X005669Y003368D02*
X005671Y003393D01*
X005677Y003417D01*
X005686Y003439D01*
X005699Y003460D01*
X005715Y003479D01*
X005734Y003495D01*
X005755Y003508D01*
X005777Y003517D01*
X005801Y003523D01*
X005826Y003525D01*
X005851Y003523D01*
X005875Y003517D01*
X005897Y003508D01*
X005918Y003495D01*
X005937Y003479D01*
X005953Y003460D01*
X005966Y003439D01*
X005975Y003417D01*
X005981Y003393D01*
X005983Y003368D01*
X005981Y003343D01*
X005975Y003319D01*
X005966Y003297D01*
X005953Y003276D01*
X005937Y003257D01*
X005918Y003241D01*
X005897Y003228D01*
X005875Y003219D01*
X005851Y003213D01*
X005826Y003211D01*
X005801Y003213D01*
X005777Y003219D01*
X005755Y003228D01*
X005734Y003241D01*
X005715Y003257D01*
X005699Y003276D01*
X005686Y003297D01*
X005677Y003319D01*
X005671Y003343D01*
X005669Y003368D01*
X005669Y003328D02*
X005671Y003353D01*
X005677Y003377D01*
X005686Y003399D01*
X005699Y003420D01*
X005715Y003439D01*
X005734Y003455D01*
X005755Y003468D01*
X005777Y003477D01*
X005801Y003483D01*
X005826Y003485D01*
X005851Y003483D01*
X005875Y003477D01*
X005897Y003468D01*
X005918Y003455D01*
X005937Y003439D01*
X005953Y003420D01*
X005966Y003399D01*
X005975Y003377D01*
X005981Y003353D01*
X005983Y003328D01*
X005981Y003303D01*
X005975Y003279D01*
X005966Y003257D01*
X005953Y003236D01*
X005937Y003217D01*
X005918Y003201D01*
X005897Y003188D01*
X005875Y003179D01*
X005851Y003173D01*
X005826Y003171D01*
X005801Y003173D01*
X005777Y003179D01*
X005755Y003188D01*
X005734Y003201D01*
X005715Y003217D01*
X005699Y003236D01*
X005686Y003257D01*
X005677Y003279D01*
X005671Y003303D01*
X005669Y003328D01*
X005669Y003289D02*
X005671Y003314D01*
X005677Y003338D01*
X005686Y003360D01*
X005699Y003381D01*
X005715Y003400D01*
X005734Y003416D01*
X005755Y003429D01*
X005777Y003438D01*
X005801Y003444D01*
X005826Y003446D01*
X005851Y003444D01*
X005875Y003438D01*
X005897Y003429D01*
X005918Y003416D01*
X005937Y003400D01*
X005953Y003381D01*
X005966Y003360D01*
X005975Y003338D01*
X005981Y003314D01*
X005983Y003289D01*
X005981Y003264D01*
X005975Y003240D01*
X005966Y003218D01*
X005953Y003197D01*
X005937Y003178D01*
X005918Y003162D01*
X005897Y003149D01*
X005875Y003140D01*
X005851Y003134D01*
X005826Y003132D01*
X005801Y003134D01*
X005777Y003140D01*
X005755Y003149D01*
X005734Y003162D01*
X005715Y003178D01*
X005699Y003197D01*
X005686Y003218D01*
X005677Y003240D01*
X005671Y003264D01*
X005669Y003289D01*
X005669Y003250D02*
X005671Y003275D01*
X005677Y003299D01*
X005686Y003321D01*
X005699Y003342D01*
X005715Y003361D01*
X005734Y003377D01*
X005755Y003390D01*
X005777Y003399D01*
X005801Y003405D01*
X005826Y003407D01*
X005851Y003405D01*
X005875Y003399D01*
X005897Y003390D01*
X005918Y003377D01*
X005937Y003361D01*
X005953Y003342D01*
X005966Y003321D01*
X005975Y003299D01*
X005981Y003275D01*
X005983Y003250D01*
X005981Y003225D01*
X005975Y003201D01*
X005966Y003179D01*
X005953Y003158D01*
X005937Y003139D01*
X005918Y003123D01*
X005897Y003110D01*
X005875Y003101D01*
X005851Y003095D01*
X005826Y003093D01*
X005801Y003095D01*
X005777Y003101D01*
X005755Y003110D01*
X005734Y003123D01*
X005715Y003139D01*
X005699Y003158D01*
X005686Y003179D01*
X005677Y003201D01*
X005671Y003225D01*
X005669Y003250D01*
X005669Y003210D02*
X005671Y003235D01*
X005677Y003259D01*
X005686Y003281D01*
X005699Y003302D01*
X005715Y003321D01*
X005734Y003337D01*
X005755Y003350D01*
X005777Y003359D01*
X005801Y003365D01*
X005826Y003367D01*
X005851Y003365D01*
X005875Y003359D01*
X005897Y003350D01*
X005918Y003337D01*
X005937Y003321D01*
X005953Y003302D01*
X005966Y003281D01*
X005975Y003259D01*
X005981Y003235D01*
X005983Y003210D01*
X005981Y003185D01*
X005975Y003161D01*
X005966Y003139D01*
X005953Y003118D01*
X005937Y003099D01*
X005918Y003083D01*
X005897Y003070D01*
X005875Y003061D01*
X005851Y003055D01*
X005826Y003053D01*
X005801Y003055D01*
X005777Y003061D01*
X005755Y003070D01*
X005734Y003083D01*
X005715Y003099D01*
X005699Y003118D01*
X005686Y003139D01*
X005677Y003161D01*
X005671Y003185D01*
X005669Y003210D01*
X005669Y003171D02*
X005671Y003196D01*
X005677Y003220D01*
X005686Y003242D01*
X005699Y003263D01*
X005715Y003282D01*
X005734Y003298D01*
X005755Y003311D01*
X005777Y003320D01*
X005801Y003326D01*
X005826Y003328D01*
X005851Y003326D01*
X005875Y003320D01*
X005897Y003311D01*
X005918Y003298D01*
X005937Y003282D01*
X005953Y003263D01*
X005966Y003242D01*
X005975Y003220D01*
X005981Y003196D01*
X005983Y003171D01*
X005981Y003146D01*
X005975Y003122D01*
X005966Y003100D01*
X005953Y003079D01*
X005937Y003060D01*
X005918Y003044D01*
X005897Y003031D01*
X005875Y003022D01*
X005851Y003016D01*
X005826Y003014D01*
X005801Y003016D01*
X005777Y003022D01*
X005755Y003031D01*
X005734Y003044D01*
X005715Y003060D01*
X005699Y003079D01*
X005686Y003100D01*
X005677Y003122D01*
X005671Y003146D01*
X005669Y003171D01*
X005669Y003092D02*
X005671Y003117D01*
X005677Y003141D01*
X005686Y003163D01*
X005699Y003184D01*
X005715Y003203D01*
X005734Y003219D01*
X005755Y003232D01*
X005777Y003241D01*
X005801Y003247D01*
X005826Y003249D01*
X005851Y003247D01*
X005875Y003241D01*
X005897Y003232D01*
X005918Y003219D01*
X005937Y003203D01*
X005953Y003184D01*
X005966Y003163D01*
X005975Y003141D01*
X005981Y003117D01*
X005983Y003092D01*
X005981Y003067D01*
X005975Y003043D01*
X005966Y003021D01*
X005953Y003000D01*
X005937Y002981D01*
X005918Y002965D01*
X005897Y002952D01*
X005875Y002943D01*
X005851Y002937D01*
X005826Y002935D01*
X005801Y002937D01*
X005777Y002943D01*
X005755Y002952D01*
X005734Y002965D01*
X005715Y002981D01*
X005699Y003000D01*
X005686Y003021D01*
X005677Y003043D01*
X005671Y003067D01*
X005669Y003092D01*
X005669Y003053D02*
X005671Y003078D01*
X005677Y003102D01*
X005686Y003124D01*
X005699Y003145D01*
X005715Y003164D01*
X005734Y003180D01*
X005755Y003193D01*
X005777Y003202D01*
X005801Y003208D01*
X005826Y003210D01*
X005851Y003208D01*
X005875Y003202D01*
X005897Y003193D01*
X005918Y003180D01*
X005937Y003164D01*
X005953Y003145D01*
X005966Y003124D01*
X005975Y003102D01*
X005981Y003078D01*
X005983Y003053D01*
X005981Y003028D01*
X005975Y003004D01*
X005966Y002982D01*
X005953Y002961D01*
X005937Y002942D01*
X005918Y002926D01*
X005897Y002913D01*
X005875Y002904D01*
X005851Y002898D01*
X005826Y002896D01*
X005801Y002898D01*
X005777Y002904D01*
X005755Y002913D01*
X005734Y002926D01*
X005715Y002942D01*
X005699Y002961D01*
X005686Y002982D01*
X005677Y003004D01*
X005671Y003028D01*
X005669Y003053D01*
X005669Y003013D02*
X005671Y003038D01*
X005677Y003062D01*
X005686Y003084D01*
X005699Y003105D01*
X005715Y003124D01*
X005734Y003140D01*
X005755Y003153D01*
X005777Y003162D01*
X005801Y003168D01*
X005826Y003170D01*
X005851Y003168D01*
X005875Y003162D01*
X005897Y003153D01*
X005918Y003140D01*
X005937Y003124D01*
X005953Y003105D01*
X005966Y003084D01*
X005975Y003062D01*
X005981Y003038D01*
X005983Y003013D01*
X005981Y002988D01*
X005975Y002964D01*
X005966Y002942D01*
X005953Y002921D01*
X005937Y002902D01*
X005918Y002886D01*
X005897Y002873D01*
X005875Y002864D01*
X005851Y002858D01*
X005826Y002856D01*
X005801Y002858D01*
X005777Y002864D01*
X005755Y002873D01*
X005734Y002886D01*
X005715Y002902D01*
X005699Y002921D01*
X005686Y002942D01*
X005677Y002964D01*
X005671Y002988D01*
X005669Y003013D01*
X005669Y002974D02*
X005671Y002999D01*
X005677Y003023D01*
X005686Y003045D01*
X005699Y003066D01*
X005715Y003085D01*
X005734Y003101D01*
X005755Y003114D01*
X005777Y003123D01*
X005801Y003129D01*
X005826Y003131D01*
X005851Y003129D01*
X005875Y003123D01*
X005897Y003114D01*
X005918Y003101D01*
X005937Y003085D01*
X005953Y003066D01*
X005966Y003045D01*
X005975Y003023D01*
X005981Y002999D01*
X005983Y002974D01*
X005981Y002949D01*
X005975Y002925D01*
X005966Y002903D01*
X005953Y002882D01*
X005937Y002863D01*
X005918Y002847D01*
X005897Y002834D01*
X005875Y002825D01*
X005851Y002819D01*
X005826Y002817D01*
X005801Y002819D01*
X005777Y002825D01*
X005755Y002834D01*
X005734Y002847D01*
X005715Y002863D01*
X005699Y002882D01*
X005686Y002903D01*
X005677Y002925D01*
X005671Y002949D01*
X005669Y002974D01*
X005669Y002935D02*
X005671Y002960D01*
X005677Y002984D01*
X005686Y003006D01*
X005699Y003027D01*
X005715Y003046D01*
X005734Y003062D01*
X005755Y003075D01*
X005777Y003084D01*
X005801Y003090D01*
X005826Y003092D01*
X005851Y003090D01*
X005875Y003084D01*
X005897Y003075D01*
X005918Y003062D01*
X005937Y003046D01*
X005953Y003027D01*
X005966Y003006D01*
X005975Y002984D01*
X005981Y002960D01*
X005983Y002935D01*
X005981Y002910D01*
X005975Y002886D01*
X005966Y002864D01*
X005953Y002843D01*
X005937Y002824D01*
X005918Y002808D01*
X005897Y002795D01*
X005875Y002786D01*
X005851Y002780D01*
X005826Y002778D01*
X005801Y002780D01*
X005777Y002786D01*
X005755Y002795D01*
X005734Y002808D01*
X005715Y002824D01*
X005699Y002843D01*
X005686Y002864D01*
X005677Y002886D01*
X005671Y002910D01*
X005669Y002935D01*
X005669Y002895D02*
X005671Y002920D01*
X005677Y002944D01*
X005686Y002966D01*
X005699Y002987D01*
X005715Y003006D01*
X005734Y003022D01*
X005755Y003035D01*
X005777Y003044D01*
X005801Y003050D01*
X005826Y003052D01*
X005851Y003050D01*
X005875Y003044D01*
X005897Y003035D01*
X005918Y003022D01*
X005937Y003006D01*
X005953Y002987D01*
X005966Y002966D01*
X005975Y002944D01*
X005981Y002920D01*
X005983Y002895D01*
X005981Y002870D01*
X005975Y002846D01*
X005966Y002824D01*
X005953Y002803D01*
X005937Y002784D01*
X005918Y002768D01*
X005897Y002755D01*
X005875Y002746D01*
X005851Y002740D01*
X005826Y002738D01*
X005801Y002740D01*
X005777Y002746D01*
X005755Y002755D01*
X005734Y002768D01*
X005715Y002784D01*
X005699Y002803D01*
X005686Y002824D01*
X005677Y002846D01*
X005671Y002870D01*
X005669Y002895D01*
X005669Y002856D02*
X005671Y002881D01*
X005677Y002905D01*
X005686Y002927D01*
X005699Y002948D01*
X005715Y002967D01*
X005734Y002983D01*
X005755Y002996D01*
X005777Y003005D01*
X005801Y003011D01*
X005826Y003013D01*
X005851Y003011D01*
X005875Y003005D01*
X005897Y002996D01*
X005918Y002983D01*
X005937Y002967D01*
X005953Y002948D01*
X005966Y002927D01*
X005975Y002905D01*
X005981Y002881D01*
X005983Y002856D01*
X005981Y002831D01*
X005975Y002807D01*
X005966Y002785D01*
X005953Y002764D01*
X005937Y002745D01*
X005918Y002729D01*
X005897Y002716D01*
X005875Y002707D01*
X005851Y002701D01*
X005826Y002699D01*
X005801Y002701D01*
X005777Y002707D01*
X005755Y002716D01*
X005734Y002729D01*
X005715Y002745D01*
X005699Y002764D01*
X005686Y002785D01*
X005677Y002807D01*
X005671Y002831D01*
X005669Y002856D01*
X005669Y002817D02*
X005671Y002842D01*
X005677Y002866D01*
X005686Y002888D01*
X005699Y002909D01*
X005715Y002928D01*
X005734Y002944D01*
X005755Y002957D01*
X005777Y002966D01*
X005801Y002972D01*
X005826Y002974D01*
X005851Y002972D01*
X005875Y002966D01*
X005897Y002957D01*
X005918Y002944D01*
X005937Y002928D01*
X005953Y002909D01*
X005966Y002888D01*
X005975Y002866D01*
X005981Y002842D01*
X005983Y002817D01*
X005981Y002792D01*
X005975Y002768D01*
X005966Y002746D01*
X005953Y002725D01*
X005937Y002706D01*
X005918Y002690D01*
X005897Y002677D01*
X005875Y002668D01*
X005851Y002662D01*
X005826Y002660D01*
X005801Y002662D01*
X005777Y002668D01*
X005755Y002677D01*
X005734Y002690D01*
X005715Y002706D01*
X005699Y002725D01*
X005686Y002746D01*
X005677Y002768D01*
X005671Y002792D01*
X005669Y002817D01*
X005669Y002777D02*
X005671Y002802D01*
X005677Y002826D01*
X005686Y002848D01*
X005699Y002869D01*
X005715Y002888D01*
X005734Y002904D01*
X005755Y002917D01*
X005777Y002926D01*
X005801Y002932D01*
X005826Y002934D01*
X005851Y002932D01*
X005875Y002926D01*
X005897Y002917D01*
X005918Y002904D01*
X005937Y002888D01*
X005953Y002869D01*
X005966Y002848D01*
X005975Y002826D01*
X005981Y002802D01*
X005983Y002777D01*
X005981Y002752D01*
X005975Y002728D01*
X005966Y002706D01*
X005953Y002685D01*
X005937Y002666D01*
X005918Y002650D01*
X005897Y002637D01*
X005875Y002628D01*
X005851Y002622D01*
X005826Y002620D01*
X005801Y002622D01*
X005777Y002628D01*
X005755Y002637D01*
X005734Y002650D01*
X005715Y002666D01*
X005699Y002685D01*
X005686Y002706D01*
X005677Y002728D01*
X005671Y002752D01*
X005669Y002777D01*
X005669Y002738D02*
X005671Y002763D01*
X005677Y002787D01*
X005686Y002809D01*
X005699Y002830D01*
X005715Y002849D01*
X005734Y002865D01*
X005755Y002878D01*
X005777Y002887D01*
X005801Y002893D01*
X005826Y002895D01*
X005851Y002893D01*
X005875Y002887D01*
X005897Y002878D01*
X005918Y002865D01*
X005937Y002849D01*
X005953Y002830D01*
X005966Y002809D01*
X005975Y002787D01*
X005981Y002763D01*
X005983Y002738D01*
X005981Y002713D01*
X005975Y002689D01*
X005966Y002667D01*
X005953Y002646D01*
X005937Y002627D01*
X005918Y002611D01*
X005897Y002598D01*
X005875Y002589D01*
X005851Y002583D01*
X005826Y002581D01*
X005801Y002583D01*
X005777Y002589D01*
X005755Y002598D01*
X005734Y002611D01*
X005715Y002627D01*
X005699Y002646D01*
X005686Y002667D01*
X005677Y002689D01*
X005671Y002713D01*
X005669Y002738D01*
X005669Y002698D02*
X005671Y002723D01*
X005677Y002747D01*
X005686Y002769D01*
X005699Y002790D01*
X005715Y002809D01*
X005734Y002825D01*
X005755Y002838D01*
X005777Y002847D01*
X005801Y002853D01*
X005826Y002855D01*
X005851Y002853D01*
X005875Y002847D01*
X005897Y002838D01*
X005918Y002825D01*
X005937Y002809D01*
X005953Y002790D01*
X005966Y002769D01*
X005975Y002747D01*
X005981Y002723D01*
X005983Y002698D01*
X005981Y002673D01*
X005975Y002649D01*
X005966Y002627D01*
X005953Y002606D01*
X005937Y002587D01*
X005918Y002571D01*
X005897Y002558D01*
X005875Y002549D01*
X005851Y002543D01*
X005826Y002541D01*
X005801Y002543D01*
X005777Y002549D01*
X005755Y002558D01*
X005734Y002571D01*
X005715Y002587D01*
X005699Y002606D01*
X005686Y002627D01*
X005677Y002649D01*
X005671Y002673D01*
X005669Y002698D01*
X005669Y002659D02*
X005671Y002684D01*
X005677Y002708D01*
X005686Y002730D01*
X005699Y002751D01*
X005715Y002770D01*
X005734Y002786D01*
X005755Y002799D01*
X005777Y002808D01*
X005801Y002814D01*
X005826Y002816D01*
X005851Y002814D01*
X005875Y002808D01*
X005897Y002799D01*
X005918Y002786D01*
X005937Y002770D01*
X005953Y002751D01*
X005966Y002730D01*
X005975Y002708D01*
X005981Y002684D01*
X005983Y002659D01*
X005981Y002634D01*
X005975Y002610D01*
X005966Y002588D01*
X005953Y002567D01*
X005937Y002548D01*
X005918Y002532D01*
X005897Y002519D01*
X005875Y002510D01*
X005851Y002504D01*
X005826Y002502D01*
X005801Y002504D01*
X005777Y002510D01*
X005755Y002519D01*
X005734Y002532D01*
X005715Y002548D01*
X005699Y002567D01*
X005686Y002588D01*
X005677Y002610D01*
X005671Y002634D01*
X005669Y002659D01*
X005669Y002620D02*
X005671Y002645D01*
X005677Y002669D01*
X005686Y002691D01*
X005699Y002712D01*
X005715Y002731D01*
X005734Y002747D01*
X005755Y002760D01*
X005777Y002769D01*
X005801Y002775D01*
X005826Y002777D01*
X005851Y002775D01*
X005875Y002769D01*
X005897Y002760D01*
X005918Y002747D01*
X005937Y002731D01*
X005953Y002712D01*
X005966Y002691D01*
X005975Y002669D01*
X005981Y002645D01*
X005983Y002620D01*
X005981Y002595D01*
X005975Y002571D01*
X005966Y002549D01*
X005953Y002528D01*
X005937Y002509D01*
X005918Y002493D01*
X005897Y002480D01*
X005875Y002471D01*
X005851Y002465D01*
X005826Y002463D01*
X005801Y002465D01*
X005777Y002471D01*
X005755Y002480D01*
X005734Y002493D01*
X005715Y002509D01*
X005699Y002528D01*
X005686Y002549D01*
X005677Y002571D01*
X005671Y002595D01*
X005669Y002620D01*
X005669Y002580D02*
X005671Y002605D01*
X005677Y002629D01*
X005686Y002651D01*
X005699Y002672D01*
X005715Y002691D01*
X005734Y002707D01*
X005755Y002720D01*
X005777Y002729D01*
X005801Y002735D01*
X005826Y002737D01*
X005851Y002735D01*
X005875Y002729D01*
X005897Y002720D01*
X005918Y002707D01*
X005937Y002691D01*
X005953Y002672D01*
X005966Y002651D01*
X005975Y002629D01*
X005981Y002605D01*
X005983Y002580D01*
X005981Y002555D01*
X005975Y002531D01*
X005966Y002509D01*
X005953Y002488D01*
X005937Y002469D01*
X005918Y002453D01*
X005897Y002440D01*
X005875Y002431D01*
X005851Y002425D01*
X005826Y002423D01*
X005801Y002425D01*
X005777Y002431D01*
X005755Y002440D01*
X005734Y002453D01*
X005715Y002469D01*
X005699Y002488D01*
X005686Y002509D01*
X005677Y002531D01*
X005671Y002555D01*
X005669Y002580D01*
X005669Y002541D02*
X005671Y002566D01*
X005677Y002590D01*
X005686Y002612D01*
X005699Y002633D01*
X005715Y002652D01*
X005734Y002668D01*
X005755Y002681D01*
X005777Y002690D01*
X005801Y002696D01*
X005826Y002698D01*
X005851Y002696D01*
X005875Y002690D01*
X005897Y002681D01*
X005918Y002668D01*
X005937Y002652D01*
X005953Y002633D01*
X005966Y002612D01*
X005975Y002590D01*
X005981Y002566D01*
X005983Y002541D01*
X005981Y002516D01*
X005975Y002492D01*
X005966Y002470D01*
X005953Y002449D01*
X005937Y002430D01*
X005918Y002414D01*
X005897Y002401D01*
X005875Y002392D01*
X005851Y002386D01*
X005826Y002384D01*
X005801Y002386D01*
X005777Y002392D01*
X005755Y002401D01*
X005734Y002414D01*
X005715Y002430D01*
X005699Y002449D01*
X005686Y002470D01*
X005677Y002492D01*
X005671Y002516D01*
X005669Y002541D01*
M02*
