G75*
%MOIN*%
%OFA0B0*%
%FSLAX24Y24*%
%IPPOS*%
%LPD*%
%AMOC8*
5,1,8,0,0,1.08239X$1,22.5*
%
%ADD10C,0.0000*%
D10*
X000198Y000198D02*
X000198Y015946D01*
X012009Y015946D01*
X012009Y000198D01*
X000198Y000198D01*
X000750Y001380D02*
X000752Y001430D01*
X000758Y001480D01*
X000768Y001529D01*
X000782Y001577D01*
X000799Y001624D01*
X000820Y001669D01*
X000845Y001713D01*
X000873Y001754D01*
X000905Y001793D01*
X000939Y001830D01*
X000976Y001864D01*
X001016Y001894D01*
X001058Y001921D01*
X001102Y001945D01*
X001148Y001966D01*
X001195Y001982D01*
X001243Y001995D01*
X001293Y002004D01*
X001342Y002009D01*
X001393Y002010D01*
X001443Y002007D01*
X001492Y002000D01*
X001541Y001989D01*
X001589Y001974D01*
X001635Y001956D01*
X001680Y001934D01*
X001723Y001908D01*
X001764Y001879D01*
X001803Y001847D01*
X001839Y001812D01*
X001871Y001774D01*
X001901Y001734D01*
X001928Y001691D01*
X001951Y001647D01*
X001970Y001601D01*
X001986Y001553D01*
X001998Y001504D01*
X002006Y001455D01*
X002010Y001405D01*
X002010Y001355D01*
X002006Y001305D01*
X001998Y001256D01*
X001986Y001207D01*
X001970Y001159D01*
X001951Y001113D01*
X001928Y001069D01*
X001901Y001026D01*
X001871Y000986D01*
X001839Y000948D01*
X001803Y000913D01*
X001764Y000881D01*
X001723Y000852D01*
X001680Y000826D01*
X001635Y000804D01*
X001589Y000786D01*
X001541Y000771D01*
X001492Y000760D01*
X001443Y000753D01*
X001393Y000750D01*
X001342Y000751D01*
X001293Y000756D01*
X001243Y000765D01*
X001195Y000778D01*
X001148Y000794D01*
X001102Y000815D01*
X001058Y000839D01*
X001016Y000866D01*
X000976Y000896D01*
X000939Y000930D01*
X000905Y000967D01*
X000873Y001006D01*
X000845Y001047D01*
X000820Y001091D01*
X000799Y001136D01*
X000782Y001183D01*
X000768Y001231D01*
X000758Y001280D01*
X000752Y001330D01*
X000750Y001380D01*
X010198Y001380D02*
X010200Y001430D01*
X010206Y001480D01*
X010216Y001529D01*
X010230Y001577D01*
X010247Y001624D01*
X010268Y001669D01*
X010293Y001713D01*
X010321Y001754D01*
X010353Y001793D01*
X010387Y001830D01*
X010424Y001864D01*
X010464Y001894D01*
X010506Y001921D01*
X010550Y001945D01*
X010596Y001966D01*
X010643Y001982D01*
X010691Y001995D01*
X010741Y002004D01*
X010790Y002009D01*
X010841Y002010D01*
X010891Y002007D01*
X010940Y002000D01*
X010989Y001989D01*
X011037Y001974D01*
X011083Y001956D01*
X011128Y001934D01*
X011171Y001908D01*
X011212Y001879D01*
X011251Y001847D01*
X011287Y001812D01*
X011319Y001774D01*
X011349Y001734D01*
X011376Y001691D01*
X011399Y001647D01*
X011418Y001601D01*
X011434Y001553D01*
X011446Y001504D01*
X011454Y001455D01*
X011458Y001405D01*
X011458Y001355D01*
X011454Y001305D01*
X011446Y001256D01*
X011434Y001207D01*
X011418Y001159D01*
X011399Y001113D01*
X011376Y001069D01*
X011349Y001026D01*
X011319Y000986D01*
X011287Y000948D01*
X011251Y000913D01*
X011212Y000881D01*
X011171Y000852D01*
X011128Y000826D01*
X011083Y000804D01*
X011037Y000786D01*
X010989Y000771D01*
X010940Y000760D01*
X010891Y000753D01*
X010841Y000750D01*
X010790Y000751D01*
X010741Y000756D01*
X010691Y000765D01*
X010643Y000778D01*
X010596Y000794D01*
X010550Y000815D01*
X010506Y000839D01*
X010464Y000866D01*
X010424Y000896D01*
X010387Y000930D01*
X010353Y000967D01*
X010321Y001006D01*
X010293Y001047D01*
X010268Y001091D01*
X010247Y001136D01*
X010230Y001183D01*
X010216Y001231D01*
X010206Y001280D01*
X010200Y001330D01*
X010198Y001380D01*
X010198Y014765D02*
X010200Y014815D01*
X010206Y014865D01*
X010216Y014914D01*
X010230Y014962D01*
X010247Y015009D01*
X010268Y015054D01*
X010293Y015098D01*
X010321Y015139D01*
X010353Y015178D01*
X010387Y015215D01*
X010424Y015249D01*
X010464Y015279D01*
X010506Y015306D01*
X010550Y015330D01*
X010596Y015351D01*
X010643Y015367D01*
X010691Y015380D01*
X010741Y015389D01*
X010790Y015394D01*
X010841Y015395D01*
X010891Y015392D01*
X010940Y015385D01*
X010989Y015374D01*
X011037Y015359D01*
X011083Y015341D01*
X011128Y015319D01*
X011171Y015293D01*
X011212Y015264D01*
X011251Y015232D01*
X011287Y015197D01*
X011319Y015159D01*
X011349Y015119D01*
X011376Y015076D01*
X011399Y015032D01*
X011418Y014986D01*
X011434Y014938D01*
X011446Y014889D01*
X011454Y014840D01*
X011458Y014790D01*
X011458Y014740D01*
X011454Y014690D01*
X011446Y014641D01*
X011434Y014592D01*
X011418Y014544D01*
X011399Y014498D01*
X011376Y014454D01*
X011349Y014411D01*
X011319Y014371D01*
X011287Y014333D01*
X011251Y014298D01*
X011212Y014266D01*
X011171Y014237D01*
X011128Y014211D01*
X011083Y014189D01*
X011037Y014171D01*
X010989Y014156D01*
X010940Y014145D01*
X010891Y014138D01*
X010841Y014135D01*
X010790Y014136D01*
X010741Y014141D01*
X010691Y014150D01*
X010643Y014163D01*
X010596Y014179D01*
X010550Y014200D01*
X010506Y014224D01*
X010464Y014251D01*
X010424Y014281D01*
X010387Y014315D01*
X010353Y014352D01*
X010321Y014391D01*
X010293Y014432D01*
X010268Y014476D01*
X010247Y014521D01*
X010230Y014568D01*
X010216Y014616D01*
X010206Y014665D01*
X010200Y014715D01*
X010198Y014765D01*
X000750Y014765D02*
X000752Y014815D01*
X000758Y014865D01*
X000768Y014914D01*
X000782Y014962D01*
X000799Y015009D01*
X000820Y015054D01*
X000845Y015098D01*
X000873Y015139D01*
X000905Y015178D01*
X000939Y015215D01*
X000976Y015249D01*
X001016Y015279D01*
X001058Y015306D01*
X001102Y015330D01*
X001148Y015351D01*
X001195Y015367D01*
X001243Y015380D01*
X001293Y015389D01*
X001342Y015394D01*
X001393Y015395D01*
X001443Y015392D01*
X001492Y015385D01*
X001541Y015374D01*
X001589Y015359D01*
X001635Y015341D01*
X001680Y015319D01*
X001723Y015293D01*
X001764Y015264D01*
X001803Y015232D01*
X001839Y015197D01*
X001871Y015159D01*
X001901Y015119D01*
X001928Y015076D01*
X001951Y015032D01*
X001970Y014986D01*
X001986Y014938D01*
X001998Y014889D01*
X002006Y014840D01*
X002010Y014790D01*
X002010Y014740D01*
X002006Y014690D01*
X001998Y014641D01*
X001986Y014592D01*
X001970Y014544D01*
X001951Y014498D01*
X001928Y014454D01*
X001901Y014411D01*
X001871Y014371D01*
X001839Y014333D01*
X001803Y014298D01*
X001764Y014266D01*
X001723Y014237D01*
X001680Y014211D01*
X001635Y014189D01*
X001589Y014171D01*
X001541Y014156D01*
X001492Y014145D01*
X001443Y014138D01*
X001393Y014135D01*
X001342Y014136D01*
X001293Y014141D01*
X001243Y014150D01*
X001195Y014163D01*
X001148Y014179D01*
X001102Y014200D01*
X001058Y014224D01*
X001016Y014251D01*
X000976Y014281D01*
X000939Y014315D01*
X000905Y014352D01*
X000873Y014391D01*
X000845Y014432D01*
X000820Y014476D01*
X000799Y014521D01*
X000782Y014568D01*
X000768Y014616D01*
X000758Y014665D01*
X000752Y014715D01*
X000750Y014765D01*
M02*
