G75*
%MOIN*%
%OFA0B0*%
%FSLAX24Y24*%
%IPPOS*%
%LPD*%
%AMOC8*
5,1,8,0,0,1.08239X$1,22.5*
%
%ADD10C,0.0000*%
D10*
X002183Y001694D02*
X002183Y019411D01*
X027774Y019411D01*
X027774Y001694D01*
X002183Y001694D01*
X002734Y002876D02*
X002736Y002926D01*
X002742Y002976D01*
X002752Y003025D01*
X002766Y003073D01*
X002783Y003120D01*
X002804Y003165D01*
X002829Y003209D01*
X002857Y003250D01*
X002889Y003289D01*
X002923Y003326D01*
X002960Y003360D01*
X003000Y003390D01*
X003042Y003417D01*
X003086Y003441D01*
X003132Y003462D01*
X003179Y003478D01*
X003227Y003491D01*
X003277Y003500D01*
X003326Y003505D01*
X003377Y003506D01*
X003427Y003503D01*
X003476Y003496D01*
X003525Y003485D01*
X003573Y003470D01*
X003619Y003452D01*
X003664Y003430D01*
X003707Y003404D01*
X003748Y003375D01*
X003787Y003343D01*
X003823Y003308D01*
X003855Y003270D01*
X003885Y003230D01*
X003912Y003187D01*
X003935Y003143D01*
X003954Y003097D01*
X003970Y003049D01*
X003982Y003000D01*
X003990Y002951D01*
X003994Y002901D01*
X003994Y002851D01*
X003990Y002801D01*
X003982Y002752D01*
X003970Y002703D01*
X003954Y002655D01*
X003935Y002609D01*
X003912Y002565D01*
X003885Y002522D01*
X003855Y002482D01*
X003823Y002444D01*
X003787Y002409D01*
X003748Y002377D01*
X003707Y002348D01*
X003664Y002322D01*
X003619Y002300D01*
X003573Y002282D01*
X003525Y002267D01*
X003476Y002256D01*
X003427Y002249D01*
X003377Y002246D01*
X003326Y002247D01*
X003277Y002252D01*
X003227Y002261D01*
X003179Y002274D01*
X003132Y002290D01*
X003086Y002311D01*
X003042Y002335D01*
X003000Y002362D01*
X002960Y002392D01*
X002923Y002426D01*
X002889Y002463D01*
X002857Y002502D01*
X002829Y002543D01*
X002804Y002587D01*
X002783Y002632D01*
X002766Y002679D01*
X002752Y002727D01*
X002742Y002776D01*
X002736Y002826D01*
X002734Y002876D01*
X002734Y018230D02*
X002736Y018280D01*
X002742Y018330D01*
X002752Y018379D01*
X002766Y018427D01*
X002783Y018474D01*
X002804Y018519D01*
X002829Y018563D01*
X002857Y018604D01*
X002889Y018643D01*
X002923Y018680D01*
X002960Y018714D01*
X003000Y018744D01*
X003042Y018771D01*
X003086Y018795D01*
X003132Y018816D01*
X003179Y018832D01*
X003227Y018845D01*
X003277Y018854D01*
X003326Y018859D01*
X003377Y018860D01*
X003427Y018857D01*
X003476Y018850D01*
X003525Y018839D01*
X003573Y018824D01*
X003619Y018806D01*
X003664Y018784D01*
X003707Y018758D01*
X003748Y018729D01*
X003787Y018697D01*
X003823Y018662D01*
X003855Y018624D01*
X003885Y018584D01*
X003912Y018541D01*
X003935Y018497D01*
X003954Y018451D01*
X003970Y018403D01*
X003982Y018354D01*
X003990Y018305D01*
X003994Y018255D01*
X003994Y018205D01*
X003990Y018155D01*
X003982Y018106D01*
X003970Y018057D01*
X003954Y018009D01*
X003935Y017963D01*
X003912Y017919D01*
X003885Y017876D01*
X003855Y017836D01*
X003823Y017798D01*
X003787Y017763D01*
X003748Y017731D01*
X003707Y017702D01*
X003664Y017676D01*
X003619Y017654D01*
X003573Y017636D01*
X003525Y017621D01*
X003476Y017610D01*
X003427Y017603D01*
X003377Y017600D01*
X003326Y017601D01*
X003277Y017606D01*
X003227Y017615D01*
X003179Y017628D01*
X003132Y017644D01*
X003086Y017665D01*
X003042Y017689D01*
X003000Y017716D01*
X002960Y017746D01*
X002923Y017780D01*
X002889Y017817D01*
X002857Y017856D01*
X002829Y017897D01*
X002804Y017941D01*
X002783Y017986D01*
X002766Y018033D01*
X002752Y018081D01*
X002742Y018130D01*
X002736Y018180D01*
X002734Y018230D01*
X025963Y018230D02*
X025965Y018280D01*
X025971Y018330D01*
X025981Y018379D01*
X025995Y018427D01*
X026012Y018474D01*
X026033Y018519D01*
X026058Y018563D01*
X026086Y018604D01*
X026118Y018643D01*
X026152Y018680D01*
X026189Y018714D01*
X026229Y018744D01*
X026271Y018771D01*
X026315Y018795D01*
X026361Y018816D01*
X026408Y018832D01*
X026456Y018845D01*
X026506Y018854D01*
X026555Y018859D01*
X026606Y018860D01*
X026656Y018857D01*
X026705Y018850D01*
X026754Y018839D01*
X026802Y018824D01*
X026848Y018806D01*
X026893Y018784D01*
X026936Y018758D01*
X026977Y018729D01*
X027016Y018697D01*
X027052Y018662D01*
X027084Y018624D01*
X027114Y018584D01*
X027141Y018541D01*
X027164Y018497D01*
X027183Y018451D01*
X027199Y018403D01*
X027211Y018354D01*
X027219Y018305D01*
X027223Y018255D01*
X027223Y018205D01*
X027219Y018155D01*
X027211Y018106D01*
X027199Y018057D01*
X027183Y018009D01*
X027164Y017963D01*
X027141Y017919D01*
X027114Y017876D01*
X027084Y017836D01*
X027052Y017798D01*
X027016Y017763D01*
X026977Y017731D01*
X026936Y017702D01*
X026893Y017676D01*
X026848Y017654D01*
X026802Y017636D01*
X026754Y017621D01*
X026705Y017610D01*
X026656Y017603D01*
X026606Y017600D01*
X026555Y017601D01*
X026506Y017606D01*
X026456Y017615D01*
X026408Y017628D01*
X026361Y017644D01*
X026315Y017665D01*
X026271Y017689D01*
X026229Y017716D01*
X026189Y017746D01*
X026152Y017780D01*
X026118Y017817D01*
X026086Y017856D01*
X026058Y017897D01*
X026033Y017941D01*
X026012Y017986D01*
X025995Y018033D01*
X025981Y018081D01*
X025971Y018130D01*
X025965Y018180D01*
X025963Y018230D01*
X025963Y002876D02*
X025965Y002926D01*
X025971Y002976D01*
X025981Y003025D01*
X025995Y003073D01*
X026012Y003120D01*
X026033Y003165D01*
X026058Y003209D01*
X026086Y003250D01*
X026118Y003289D01*
X026152Y003326D01*
X026189Y003360D01*
X026229Y003390D01*
X026271Y003417D01*
X026315Y003441D01*
X026361Y003462D01*
X026408Y003478D01*
X026456Y003491D01*
X026506Y003500D01*
X026555Y003505D01*
X026606Y003506D01*
X026656Y003503D01*
X026705Y003496D01*
X026754Y003485D01*
X026802Y003470D01*
X026848Y003452D01*
X026893Y003430D01*
X026936Y003404D01*
X026977Y003375D01*
X027016Y003343D01*
X027052Y003308D01*
X027084Y003270D01*
X027114Y003230D01*
X027141Y003187D01*
X027164Y003143D01*
X027183Y003097D01*
X027199Y003049D01*
X027211Y003000D01*
X027219Y002951D01*
X027223Y002901D01*
X027223Y002851D01*
X027219Y002801D01*
X027211Y002752D01*
X027199Y002703D01*
X027183Y002655D01*
X027164Y002609D01*
X027141Y002565D01*
X027114Y002522D01*
X027084Y002482D01*
X027052Y002444D01*
X027016Y002409D01*
X026977Y002377D01*
X026936Y002348D01*
X026893Y002322D01*
X026848Y002300D01*
X026802Y002282D01*
X026754Y002267D01*
X026705Y002256D01*
X026656Y002249D01*
X026606Y002246D01*
X026555Y002247D01*
X026506Y002252D01*
X026456Y002261D01*
X026408Y002274D01*
X026361Y002290D01*
X026315Y002311D01*
X026271Y002335D01*
X026229Y002362D01*
X026189Y002392D01*
X026152Y002426D01*
X026118Y002463D01*
X026086Y002502D01*
X026058Y002543D01*
X026033Y002587D01*
X026012Y002632D01*
X025995Y002679D01*
X025981Y002727D01*
X025971Y002776D01*
X025965Y002826D01*
X025963Y002876D01*
M02*
