G75*
%MOIN*%
%OFA0B0*%
%FSLAX25Y25*%
%IPPOS*%
%LPD*%
%AMOC8*
5,1,8,0,0,1.08239X$1,22.5*
%
%ADD10C,0.00000*%
D10*
X0001800Y0001800D02*
X0001800Y0257706D01*
X0395501Y0257706D01*
X0395501Y0001800D01*
X0001800Y0001800D01*
X0007312Y0013611D02*
X0007314Y0013769D01*
X0007320Y0013927D01*
X0007330Y0014085D01*
X0007344Y0014243D01*
X0007362Y0014400D01*
X0007383Y0014557D01*
X0007409Y0014713D01*
X0007439Y0014869D01*
X0007472Y0015024D01*
X0007510Y0015177D01*
X0007551Y0015330D01*
X0007596Y0015482D01*
X0007645Y0015633D01*
X0007698Y0015782D01*
X0007754Y0015930D01*
X0007814Y0016076D01*
X0007878Y0016221D01*
X0007946Y0016364D01*
X0008017Y0016506D01*
X0008091Y0016646D01*
X0008169Y0016783D01*
X0008251Y0016919D01*
X0008335Y0017053D01*
X0008424Y0017184D01*
X0008515Y0017313D01*
X0008610Y0017440D01*
X0008707Y0017565D01*
X0008808Y0017687D01*
X0008912Y0017806D01*
X0009019Y0017923D01*
X0009129Y0018037D01*
X0009242Y0018148D01*
X0009357Y0018257D01*
X0009475Y0018362D01*
X0009596Y0018464D01*
X0009719Y0018564D01*
X0009845Y0018660D01*
X0009973Y0018753D01*
X0010103Y0018843D01*
X0010236Y0018929D01*
X0010371Y0019013D01*
X0010507Y0019092D01*
X0010646Y0019169D01*
X0010787Y0019241D01*
X0010929Y0019311D01*
X0011073Y0019376D01*
X0011219Y0019438D01*
X0011366Y0019496D01*
X0011515Y0019551D01*
X0011665Y0019602D01*
X0011816Y0019649D01*
X0011968Y0019692D01*
X0012121Y0019731D01*
X0012276Y0019767D01*
X0012431Y0019798D01*
X0012587Y0019826D01*
X0012743Y0019850D01*
X0012900Y0019870D01*
X0013058Y0019886D01*
X0013215Y0019898D01*
X0013374Y0019906D01*
X0013532Y0019910D01*
X0013690Y0019910D01*
X0013848Y0019906D01*
X0014007Y0019898D01*
X0014164Y0019886D01*
X0014322Y0019870D01*
X0014479Y0019850D01*
X0014635Y0019826D01*
X0014791Y0019798D01*
X0014946Y0019767D01*
X0015101Y0019731D01*
X0015254Y0019692D01*
X0015406Y0019649D01*
X0015557Y0019602D01*
X0015707Y0019551D01*
X0015856Y0019496D01*
X0016003Y0019438D01*
X0016149Y0019376D01*
X0016293Y0019311D01*
X0016435Y0019241D01*
X0016576Y0019169D01*
X0016715Y0019092D01*
X0016851Y0019013D01*
X0016986Y0018929D01*
X0017119Y0018843D01*
X0017249Y0018753D01*
X0017377Y0018660D01*
X0017503Y0018564D01*
X0017626Y0018464D01*
X0017747Y0018362D01*
X0017865Y0018257D01*
X0017980Y0018148D01*
X0018093Y0018037D01*
X0018203Y0017923D01*
X0018310Y0017806D01*
X0018414Y0017687D01*
X0018515Y0017565D01*
X0018612Y0017440D01*
X0018707Y0017313D01*
X0018798Y0017184D01*
X0018887Y0017053D01*
X0018971Y0016919D01*
X0019053Y0016783D01*
X0019131Y0016646D01*
X0019205Y0016506D01*
X0019276Y0016364D01*
X0019344Y0016221D01*
X0019408Y0016076D01*
X0019468Y0015930D01*
X0019524Y0015782D01*
X0019577Y0015633D01*
X0019626Y0015482D01*
X0019671Y0015330D01*
X0019712Y0015177D01*
X0019750Y0015024D01*
X0019783Y0014869D01*
X0019813Y0014713D01*
X0019839Y0014557D01*
X0019860Y0014400D01*
X0019878Y0014243D01*
X0019892Y0014085D01*
X0019902Y0013927D01*
X0019908Y0013769D01*
X0019910Y0013611D01*
X0019908Y0013453D01*
X0019902Y0013295D01*
X0019892Y0013137D01*
X0019878Y0012979D01*
X0019860Y0012822D01*
X0019839Y0012665D01*
X0019813Y0012509D01*
X0019783Y0012353D01*
X0019750Y0012198D01*
X0019712Y0012045D01*
X0019671Y0011892D01*
X0019626Y0011740D01*
X0019577Y0011589D01*
X0019524Y0011440D01*
X0019468Y0011292D01*
X0019408Y0011146D01*
X0019344Y0011001D01*
X0019276Y0010858D01*
X0019205Y0010716D01*
X0019131Y0010576D01*
X0019053Y0010439D01*
X0018971Y0010303D01*
X0018887Y0010169D01*
X0018798Y0010038D01*
X0018707Y0009909D01*
X0018612Y0009782D01*
X0018515Y0009657D01*
X0018414Y0009535D01*
X0018310Y0009416D01*
X0018203Y0009299D01*
X0018093Y0009185D01*
X0017980Y0009074D01*
X0017865Y0008965D01*
X0017747Y0008860D01*
X0017626Y0008758D01*
X0017503Y0008658D01*
X0017377Y0008562D01*
X0017249Y0008469D01*
X0017119Y0008379D01*
X0016986Y0008293D01*
X0016851Y0008209D01*
X0016715Y0008130D01*
X0016576Y0008053D01*
X0016435Y0007981D01*
X0016293Y0007911D01*
X0016149Y0007846D01*
X0016003Y0007784D01*
X0015856Y0007726D01*
X0015707Y0007671D01*
X0015557Y0007620D01*
X0015406Y0007573D01*
X0015254Y0007530D01*
X0015101Y0007491D01*
X0014946Y0007455D01*
X0014791Y0007424D01*
X0014635Y0007396D01*
X0014479Y0007372D01*
X0014322Y0007352D01*
X0014164Y0007336D01*
X0014007Y0007324D01*
X0013848Y0007316D01*
X0013690Y0007312D01*
X0013532Y0007312D01*
X0013374Y0007316D01*
X0013215Y0007324D01*
X0013058Y0007336D01*
X0012900Y0007352D01*
X0012743Y0007372D01*
X0012587Y0007396D01*
X0012431Y0007424D01*
X0012276Y0007455D01*
X0012121Y0007491D01*
X0011968Y0007530D01*
X0011816Y0007573D01*
X0011665Y0007620D01*
X0011515Y0007671D01*
X0011366Y0007726D01*
X0011219Y0007784D01*
X0011073Y0007846D01*
X0010929Y0007911D01*
X0010787Y0007981D01*
X0010646Y0008053D01*
X0010507Y0008130D01*
X0010371Y0008209D01*
X0010236Y0008293D01*
X0010103Y0008379D01*
X0009973Y0008469D01*
X0009845Y0008562D01*
X0009719Y0008658D01*
X0009596Y0008758D01*
X0009475Y0008860D01*
X0009357Y0008965D01*
X0009242Y0009074D01*
X0009129Y0009185D01*
X0009019Y0009299D01*
X0008912Y0009416D01*
X0008808Y0009535D01*
X0008707Y0009657D01*
X0008610Y0009782D01*
X0008515Y0009909D01*
X0008424Y0010038D01*
X0008335Y0010169D01*
X0008251Y0010303D01*
X0008169Y0010439D01*
X0008091Y0010576D01*
X0008017Y0010716D01*
X0007946Y0010858D01*
X0007878Y0011001D01*
X0007814Y0011146D01*
X0007754Y0011292D01*
X0007698Y0011440D01*
X0007645Y0011589D01*
X0007596Y0011740D01*
X0007551Y0011892D01*
X0007510Y0012045D01*
X0007472Y0012198D01*
X0007439Y0012353D01*
X0007409Y0012509D01*
X0007383Y0012665D01*
X0007362Y0012822D01*
X0007344Y0012979D01*
X0007330Y0013137D01*
X0007320Y0013295D01*
X0007314Y0013453D01*
X0007312Y0013611D01*
X0007312Y0245894D02*
X0007314Y0246052D01*
X0007320Y0246210D01*
X0007330Y0246368D01*
X0007344Y0246526D01*
X0007362Y0246683D01*
X0007383Y0246840D01*
X0007409Y0246996D01*
X0007439Y0247152D01*
X0007472Y0247307D01*
X0007510Y0247460D01*
X0007551Y0247613D01*
X0007596Y0247765D01*
X0007645Y0247916D01*
X0007698Y0248065D01*
X0007754Y0248213D01*
X0007814Y0248359D01*
X0007878Y0248504D01*
X0007946Y0248647D01*
X0008017Y0248789D01*
X0008091Y0248929D01*
X0008169Y0249066D01*
X0008251Y0249202D01*
X0008335Y0249336D01*
X0008424Y0249467D01*
X0008515Y0249596D01*
X0008610Y0249723D01*
X0008707Y0249848D01*
X0008808Y0249970D01*
X0008912Y0250089D01*
X0009019Y0250206D01*
X0009129Y0250320D01*
X0009242Y0250431D01*
X0009357Y0250540D01*
X0009475Y0250645D01*
X0009596Y0250747D01*
X0009719Y0250847D01*
X0009845Y0250943D01*
X0009973Y0251036D01*
X0010103Y0251126D01*
X0010236Y0251212D01*
X0010371Y0251296D01*
X0010507Y0251375D01*
X0010646Y0251452D01*
X0010787Y0251524D01*
X0010929Y0251594D01*
X0011073Y0251659D01*
X0011219Y0251721D01*
X0011366Y0251779D01*
X0011515Y0251834D01*
X0011665Y0251885D01*
X0011816Y0251932D01*
X0011968Y0251975D01*
X0012121Y0252014D01*
X0012276Y0252050D01*
X0012431Y0252081D01*
X0012587Y0252109D01*
X0012743Y0252133D01*
X0012900Y0252153D01*
X0013058Y0252169D01*
X0013215Y0252181D01*
X0013374Y0252189D01*
X0013532Y0252193D01*
X0013690Y0252193D01*
X0013848Y0252189D01*
X0014007Y0252181D01*
X0014164Y0252169D01*
X0014322Y0252153D01*
X0014479Y0252133D01*
X0014635Y0252109D01*
X0014791Y0252081D01*
X0014946Y0252050D01*
X0015101Y0252014D01*
X0015254Y0251975D01*
X0015406Y0251932D01*
X0015557Y0251885D01*
X0015707Y0251834D01*
X0015856Y0251779D01*
X0016003Y0251721D01*
X0016149Y0251659D01*
X0016293Y0251594D01*
X0016435Y0251524D01*
X0016576Y0251452D01*
X0016715Y0251375D01*
X0016851Y0251296D01*
X0016986Y0251212D01*
X0017119Y0251126D01*
X0017249Y0251036D01*
X0017377Y0250943D01*
X0017503Y0250847D01*
X0017626Y0250747D01*
X0017747Y0250645D01*
X0017865Y0250540D01*
X0017980Y0250431D01*
X0018093Y0250320D01*
X0018203Y0250206D01*
X0018310Y0250089D01*
X0018414Y0249970D01*
X0018515Y0249848D01*
X0018612Y0249723D01*
X0018707Y0249596D01*
X0018798Y0249467D01*
X0018887Y0249336D01*
X0018971Y0249202D01*
X0019053Y0249066D01*
X0019131Y0248929D01*
X0019205Y0248789D01*
X0019276Y0248647D01*
X0019344Y0248504D01*
X0019408Y0248359D01*
X0019468Y0248213D01*
X0019524Y0248065D01*
X0019577Y0247916D01*
X0019626Y0247765D01*
X0019671Y0247613D01*
X0019712Y0247460D01*
X0019750Y0247307D01*
X0019783Y0247152D01*
X0019813Y0246996D01*
X0019839Y0246840D01*
X0019860Y0246683D01*
X0019878Y0246526D01*
X0019892Y0246368D01*
X0019902Y0246210D01*
X0019908Y0246052D01*
X0019910Y0245894D01*
X0019908Y0245736D01*
X0019902Y0245578D01*
X0019892Y0245420D01*
X0019878Y0245262D01*
X0019860Y0245105D01*
X0019839Y0244948D01*
X0019813Y0244792D01*
X0019783Y0244636D01*
X0019750Y0244481D01*
X0019712Y0244328D01*
X0019671Y0244175D01*
X0019626Y0244023D01*
X0019577Y0243872D01*
X0019524Y0243723D01*
X0019468Y0243575D01*
X0019408Y0243429D01*
X0019344Y0243284D01*
X0019276Y0243141D01*
X0019205Y0242999D01*
X0019131Y0242859D01*
X0019053Y0242722D01*
X0018971Y0242586D01*
X0018887Y0242452D01*
X0018798Y0242321D01*
X0018707Y0242192D01*
X0018612Y0242065D01*
X0018515Y0241940D01*
X0018414Y0241818D01*
X0018310Y0241699D01*
X0018203Y0241582D01*
X0018093Y0241468D01*
X0017980Y0241357D01*
X0017865Y0241248D01*
X0017747Y0241143D01*
X0017626Y0241041D01*
X0017503Y0240941D01*
X0017377Y0240845D01*
X0017249Y0240752D01*
X0017119Y0240662D01*
X0016986Y0240576D01*
X0016851Y0240492D01*
X0016715Y0240413D01*
X0016576Y0240336D01*
X0016435Y0240264D01*
X0016293Y0240194D01*
X0016149Y0240129D01*
X0016003Y0240067D01*
X0015856Y0240009D01*
X0015707Y0239954D01*
X0015557Y0239903D01*
X0015406Y0239856D01*
X0015254Y0239813D01*
X0015101Y0239774D01*
X0014946Y0239738D01*
X0014791Y0239707D01*
X0014635Y0239679D01*
X0014479Y0239655D01*
X0014322Y0239635D01*
X0014164Y0239619D01*
X0014007Y0239607D01*
X0013848Y0239599D01*
X0013690Y0239595D01*
X0013532Y0239595D01*
X0013374Y0239599D01*
X0013215Y0239607D01*
X0013058Y0239619D01*
X0012900Y0239635D01*
X0012743Y0239655D01*
X0012587Y0239679D01*
X0012431Y0239707D01*
X0012276Y0239738D01*
X0012121Y0239774D01*
X0011968Y0239813D01*
X0011816Y0239856D01*
X0011665Y0239903D01*
X0011515Y0239954D01*
X0011366Y0240009D01*
X0011219Y0240067D01*
X0011073Y0240129D01*
X0010929Y0240194D01*
X0010787Y0240264D01*
X0010646Y0240336D01*
X0010507Y0240413D01*
X0010371Y0240492D01*
X0010236Y0240576D01*
X0010103Y0240662D01*
X0009973Y0240752D01*
X0009845Y0240845D01*
X0009719Y0240941D01*
X0009596Y0241041D01*
X0009475Y0241143D01*
X0009357Y0241248D01*
X0009242Y0241357D01*
X0009129Y0241468D01*
X0009019Y0241582D01*
X0008912Y0241699D01*
X0008808Y0241818D01*
X0008707Y0241940D01*
X0008610Y0242065D01*
X0008515Y0242192D01*
X0008424Y0242321D01*
X0008335Y0242452D01*
X0008251Y0242586D01*
X0008169Y0242722D01*
X0008091Y0242859D01*
X0008017Y0242999D01*
X0007946Y0243141D01*
X0007878Y0243284D01*
X0007814Y0243429D01*
X0007754Y0243575D01*
X0007698Y0243723D01*
X0007645Y0243872D01*
X0007596Y0244023D01*
X0007551Y0244175D01*
X0007510Y0244328D01*
X0007472Y0244481D01*
X0007439Y0244636D01*
X0007409Y0244792D01*
X0007383Y0244948D01*
X0007362Y0245105D01*
X0007344Y0245262D01*
X0007330Y0245420D01*
X0007320Y0245578D01*
X0007314Y0245736D01*
X0007312Y0245894D01*
X0377391Y0245894D02*
X0377393Y0246052D01*
X0377399Y0246210D01*
X0377409Y0246368D01*
X0377423Y0246526D01*
X0377441Y0246683D01*
X0377462Y0246840D01*
X0377488Y0246996D01*
X0377518Y0247152D01*
X0377551Y0247307D01*
X0377589Y0247460D01*
X0377630Y0247613D01*
X0377675Y0247765D01*
X0377724Y0247916D01*
X0377777Y0248065D01*
X0377833Y0248213D01*
X0377893Y0248359D01*
X0377957Y0248504D01*
X0378025Y0248647D01*
X0378096Y0248789D01*
X0378170Y0248929D01*
X0378248Y0249066D01*
X0378330Y0249202D01*
X0378414Y0249336D01*
X0378503Y0249467D01*
X0378594Y0249596D01*
X0378689Y0249723D01*
X0378786Y0249848D01*
X0378887Y0249970D01*
X0378991Y0250089D01*
X0379098Y0250206D01*
X0379208Y0250320D01*
X0379321Y0250431D01*
X0379436Y0250540D01*
X0379554Y0250645D01*
X0379675Y0250747D01*
X0379798Y0250847D01*
X0379924Y0250943D01*
X0380052Y0251036D01*
X0380182Y0251126D01*
X0380315Y0251212D01*
X0380450Y0251296D01*
X0380586Y0251375D01*
X0380725Y0251452D01*
X0380866Y0251524D01*
X0381008Y0251594D01*
X0381152Y0251659D01*
X0381298Y0251721D01*
X0381445Y0251779D01*
X0381594Y0251834D01*
X0381744Y0251885D01*
X0381895Y0251932D01*
X0382047Y0251975D01*
X0382200Y0252014D01*
X0382355Y0252050D01*
X0382510Y0252081D01*
X0382666Y0252109D01*
X0382822Y0252133D01*
X0382979Y0252153D01*
X0383137Y0252169D01*
X0383294Y0252181D01*
X0383453Y0252189D01*
X0383611Y0252193D01*
X0383769Y0252193D01*
X0383927Y0252189D01*
X0384086Y0252181D01*
X0384243Y0252169D01*
X0384401Y0252153D01*
X0384558Y0252133D01*
X0384714Y0252109D01*
X0384870Y0252081D01*
X0385025Y0252050D01*
X0385180Y0252014D01*
X0385333Y0251975D01*
X0385485Y0251932D01*
X0385636Y0251885D01*
X0385786Y0251834D01*
X0385935Y0251779D01*
X0386082Y0251721D01*
X0386228Y0251659D01*
X0386372Y0251594D01*
X0386514Y0251524D01*
X0386655Y0251452D01*
X0386794Y0251375D01*
X0386930Y0251296D01*
X0387065Y0251212D01*
X0387198Y0251126D01*
X0387328Y0251036D01*
X0387456Y0250943D01*
X0387582Y0250847D01*
X0387705Y0250747D01*
X0387826Y0250645D01*
X0387944Y0250540D01*
X0388059Y0250431D01*
X0388172Y0250320D01*
X0388282Y0250206D01*
X0388389Y0250089D01*
X0388493Y0249970D01*
X0388594Y0249848D01*
X0388691Y0249723D01*
X0388786Y0249596D01*
X0388877Y0249467D01*
X0388966Y0249336D01*
X0389050Y0249202D01*
X0389132Y0249066D01*
X0389210Y0248929D01*
X0389284Y0248789D01*
X0389355Y0248647D01*
X0389423Y0248504D01*
X0389487Y0248359D01*
X0389547Y0248213D01*
X0389603Y0248065D01*
X0389656Y0247916D01*
X0389705Y0247765D01*
X0389750Y0247613D01*
X0389791Y0247460D01*
X0389829Y0247307D01*
X0389862Y0247152D01*
X0389892Y0246996D01*
X0389918Y0246840D01*
X0389939Y0246683D01*
X0389957Y0246526D01*
X0389971Y0246368D01*
X0389981Y0246210D01*
X0389987Y0246052D01*
X0389989Y0245894D01*
X0389987Y0245736D01*
X0389981Y0245578D01*
X0389971Y0245420D01*
X0389957Y0245262D01*
X0389939Y0245105D01*
X0389918Y0244948D01*
X0389892Y0244792D01*
X0389862Y0244636D01*
X0389829Y0244481D01*
X0389791Y0244328D01*
X0389750Y0244175D01*
X0389705Y0244023D01*
X0389656Y0243872D01*
X0389603Y0243723D01*
X0389547Y0243575D01*
X0389487Y0243429D01*
X0389423Y0243284D01*
X0389355Y0243141D01*
X0389284Y0242999D01*
X0389210Y0242859D01*
X0389132Y0242722D01*
X0389050Y0242586D01*
X0388966Y0242452D01*
X0388877Y0242321D01*
X0388786Y0242192D01*
X0388691Y0242065D01*
X0388594Y0241940D01*
X0388493Y0241818D01*
X0388389Y0241699D01*
X0388282Y0241582D01*
X0388172Y0241468D01*
X0388059Y0241357D01*
X0387944Y0241248D01*
X0387826Y0241143D01*
X0387705Y0241041D01*
X0387582Y0240941D01*
X0387456Y0240845D01*
X0387328Y0240752D01*
X0387198Y0240662D01*
X0387065Y0240576D01*
X0386930Y0240492D01*
X0386794Y0240413D01*
X0386655Y0240336D01*
X0386514Y0240264D01*
X0386372Y0240194D01*
X0386228Y0240129D01*
X0386082Y0240067D01*
X0385935Y0240009D01*
X0385786Y0239954D01*
X0385636Y0239903D01*
X0385485Y0239856D01*
X0385333Y0239813D01*
X0385180Y0239774D01*
X0385025Y0239738D01*
X0384870Y0239707D01*
X0384714Y0239679D01*
X0384558Y0239655D01*
X0384401Y0239635D01*
X0384243Y0239619D01*
X0384086Y0239607D01*
X0383927Y0239599D01*
X0383769Y0239595D01*
X0383611Y0239595D01*
X0383453Y0239599D01*
X0383294Y0239607D01*
X0383137Y0239619D01*
X0382979Y0239635D01*
X0382822Y0239655D01*
X0382666Y0239679D01*
X0382510Y0239707D01*
X0382355Y0239738D01*
X0382200Y0239774D01*
X0382047Y0239813D01*
X0381895Y0239856D01*
X0381744Y0239903D01*
X0381594Y0239954D01*
X0381445Y0240009D01*
X0381298Y0240067D01*
X0381152Y0240129D01*
X0381008Y0240194D01*
X0380866Y0240264D01*
X0380725Y0240336D01*
X0380586Y0240413D01*
X0380450Y0240492D01*
X0380315Y0240576D01*
X0380182Y0240662D01*
X0380052Y0240752D01*
X0379924Y0240845D01*
X0379798Y0240941D01*
X0379675Y0241041D01*
X0379554Y0241143D01*
X0379436Y0241248D01*
X0379321Y0241357D01*
X0379208Y0241468D01*
X0379098Y0241582D01*
X0378991Y0241699D01*
X0378887Y0241818D01*
X0378786Y0241940D01*
X0378689Y0242065D01*
X0378594Y0242192D01*
X0378503Y0242321D01*
X0378414Y0242452D01*
X0378330Y0242586D01*
X0378248Y0242722D01*
X0378170Y0242859D01*
X0378096Y0242999D01*
X0378025Y0243141D01*
X0377957Y0243284D01*
X0377893Y0243429D01*
X0377833Y0243575D01*
X0377777Y0243723D01*
X0377724Y0243872D01*
X0377675Y0244023D01*
X0377630Y0244175D01*
X0377589Y0244328D01*
X0377551Y0244481D01*
X0377518Y0244636D01*
X0377488Y0244792D01*
X0377462Y0244948D01*
X0377441Y0245105D01*
X0377423Y0245262D01*
X0377409Y0245420D01*
X0377399Y0245578D01*
X0377393Y0245736D01*
X0377391Y0245894D01*
X0377391Y0013611D02*
X0377393Y0013769D01*
X0377399Y0013927D01*
X0377409Y0014085D01*
X0377423Y0014243D01*
X0377441Y0014400D01*
X0377462Y0014557D01*
X0377488Y0014713D01*
X0377518Y0014869D01*
X0377551Y0015024D01*
X0377589Y0015177D01*
X0377630Y0015330D01*
X0377675Y0015482D01*
X0377724Y0015633D01*
X0377777Y0015782D01*
X0377833Y0015930D01*
X0377893Y0016076D01*
X0377957Y0016221D01*
X0378025Y0016364D01*
X0378096Y0016506D01*
X0378170Y0016646D01*
X0378248Y0016783D01*
X0378330Y0016919D01*
X0378414Y0017053D01*
X0378503Y0017184D01*
X0378594Y0017313D01*
X0378689Y0017440D01*
X0378786Y0017565D01*
X0378887Y0017687D01*
X0378991Y0017806D01*
X0379098Y0017923D01*
X0379208Y0018037D01*
X0379321Y0018148D01*
X0379436Y0018257D01*
X0379554Y0018362D01*
X0379675Y0018464D01*
X0379798Y0018564D01*
X0379924Y0018660D01*
X0380052Y0018753D01*
X0380182Y0018843D01*
X0380315Y0018929D01*
X0380450Y0019013D01*
X0380586Y0019092D01*
X0380725Y0019169D01*
X0380866Y0019241D01*
X0381008Y0019311D01*
X0381152Y0019376D01*
X0381298Y0019438D01*
X0381445Y0019496D01*
X0381594Y0019551D01*
X0381744Y0019602D01*
X0381895Y0019649D01*
X0382047Y0019692D01*
X0382200Y0019731D01*
X0382355Y0019767D01*
X0382510Y0019798D01*
X0382666Y0019826D01*
X0382822Y0019850D01*
X0382979Y0019870D01*
X0383137Y0019886D01*
X0383294Y0019898D01*
X0383453Y0019906D01*
X0383611Y0019910D01*
X0383769Y0019910D01*
X0383927Y0019906D01*
X0384086Y0019898D01*
X0384243Y0019886D01*
X0384401Y0019870D01*
X0384558Y0019850D01*
X0384714Y0019826D01*
X0384870Y0019798D01*
X0385025Y0019767D01*
X0385180Y0019731D01*
X0385333Y0019692D01*
X0385485Y0019649D01*
X0385636Y0019602D01*
X0385786Y0019551D01*
X0385935Y0019496D01*
X0386082Y0019438D01*
X0386228Y0019376D01*
X0386372Y0019311D01*
X0386514Y0019241D01*
X0386655Y0019169D01*
X0386794Y0019092D01*
X0386930Y0019013D01*
X0387065Y0018929D01*
X0387198Y0018843D01*
X0387328Y0018753D01*
X0387456Y0018660D01*
X0387582Y0018564D01*
X0387705Y0018464D01*
X0387826Y0018362D01*
X0387944Y0018257D01*
X0388059Y0018148D01*
X0388172Y0018037D01*
X0388282Y0017923D01*
X0388389Y0017806D01*
X0388493Y0017687D01*
X0388594Y0017565D01*
X0388691Y0017440D01*
X0388786Y0017313D01*
X0388877Y0017184D01*
X0388966Y0017053D01*
X0389050Y0016919D01*
X0389132Y0016783D01*
X0389210Y0016646D01*
X0389284Y0016506D01*
X0389355Y0016364D01*
X0389423Y0016221D01*
X0389487Y0016076D01*
X0389547Y0015930D01*
X0389603Y0015782D01*
X0389656Y0015633D01*
X0389705Y0015482D01*
X0389750Y0015330D01*
X0389791Y0015177D01*
X0389829Y0015024D01*
X0389862Y0014869D01*
X0389892Y0014713D01*
X0389918Y0014557D01*
X0389939Y0014400D01*
X0389957Y0014243D01*
X0389971Y0014085D01*
X0389981Y0013927D01*
X0389987Y0013769D01*
X0389989Y0013611D01*
X0389987Y0013453D01*
X0389981Y0013295D01*
X0389971Y0013137D01*
X0389957Y0012979D01*
X0389939Y0012822D01*
X0389918Y0012665D01*
X0389892Y0012509D01*
X0389862Y0012353D01*
X0389829Y0012198D01*
X0389791Y0012045D01*
X0389750Y0011892D01*
X0389705Y0011740D01*
X0389656Y0011589D01*
X0389603Y0011440D01*
X0389547Y0011292D01*
X0389487Y0011146D01*
X0389423Y0011001D01*
X0389355Y0010858D01*
X0389284Y0010716D01*
X0389210Y0010576D01*
X0389132Y0010439D01*
X0389050Y0010303D01*
X0388966Y0010169D01*
X0388877Y0010038D01*
X0388786Y0009909D01*
X0388691Y0009782D01*
X0388594Y0009657D01*
X0388493Y0009535D01*
X0388389Y0009416D01*
X0388282Y0009299D01*
X0388172Y0009185D01*
X0388059Y0009074D01*
X0387944Y0008965D01*
X0387826Y0008860D01*
X0387705Y0008758D01*
X0387582Y0008658D01*
X0387456Y0008562D01*
X0387328Y0008469D01*
X0387198Y0008379D01*
X0387065Y0008293D01*
X0386930Y0008209D01*
X0386794Y0008130D01*
X0386655Y0008053D01*
X0386514Y0007981D01*
X0386372Y0007911D01*
X0386228Y0007846D01*
X0386082Y0007784D01*
X0385935Y0007726D01*
X0385786Y0007671D01*
X0385636Y0007620D01*
X0385485Y0007573D01*
X0385333Y0007530D01*
X0385180Y0007491D01*
X0385025Y0007455D01*
X0384870Y0007424D01*
X0384714Y0007396D01*
X0384558Y0007372D01*
X0384401Y0007352D01*
X0384243Y0007336D01*
X0384086Y0007324D01*
X0383927Y0007316D01*
X0383769Y0007312D01*
X0383611Y0007312D01*
X0383453Y0007316D01*
X0383294Y0007324D01*
X0383137Y0007336D01*
X0382979Y0007352D01*
X0382822Y0007372D01*
X0382666Y0007396D01*
X0382510Y0007424D01*
X0382355Y0007455D01*
X0382200Y0007491D01*
X0382047Y0007530D01*
X0381895Y0007573D01*
X0381744Y0007620D01*
X0381594Y0007671D01*
X0381445Y0007726D01*
X0381298Y0007784D01*
X0381152Y0007846D01*
X0381008Y0007911D01*
X0380866Y0007981D01*
X0380725Y0008053D01*
X0380586Y0008130D01*
X0380450Y0008209D01*
X0380315Y0008293D01*
X0380182Y0008379D01*
X0380052Y0008469D01*
X0379924Y0008562D01*
X0379798Y0008658D01*
X0379675Y0008758D01*
X0379554Y0008860D01*
X0379436Y0008965D01*
X0379321Y0009074D01*
X0379208Y0009185D01*
X0379098Y0009299D01*
X0378991Y0009416D01*
X0378887Y0009535D01*
X0378786Y0009657D01*
X0378689Y0009782D01*
X0378594Y0009909D01*
X0378503Y0010038D01*
X0378414Y0010169D01*
X0378330Y0010303D01*
X0378248Y0010439D01*
X0378170Y0010576D01*
X0378096Y0010716D01*
X0378025Y0010858D01*
X0377957Y0011001D01*
X0377893Y0011146D01*
X0377833Y0011292D01*
X0377777Y0011440D01*
X0377724Y0011589D01*
X0377675Y0011740D01*
X0377630Y0011892D01*
X0377589Y0012045D01*
X0377551Y0012198D01*
X0377518Y0012353D01*
X0377488Y0012509D01*
X0377462Y0012665D01*
X0377441Y0012822D01*
X0377423Y0012979D01*
X0377409Y0013137D01*
X0377399Y0013295D01*
X0377393Y0013453D01*
X0377391Y0013611D01*
M02*
