G75*
%MOIN*%
%OFA0B0*%
%FSLAX24Y24*%
%IPPOS*%
%LPD*%
%AMOC8*
5,1,8,0,0,1.08239X$1,22.5*
%
%ADD10C,0.0000*%
D10*
X005023Y005330D02*
X005023Y023047D01*
X030614Y023047D01*
X030614Y005330D01*
X005023Y005330D01*
X005574Y006511D02*
X005576Y006561D01*
X005582Y006611D01*
X005592Y006660D01*
X005606Y006708D01*
X005623Y006755D01*
X005644Y006800D01*
X005669Y006844D01*
X005697Y006885D01*
X005729Y006924D01*
X005763Y006961D01*
X005800Y006995D01*
X005840Y007025D01*
X005882Y007052D01*
X005926Y007076D01*
X005972Y007097D01*
X006019Y007113D01*
X006067Y007126D01*
X006117Y007135D01*
X006166Y007140D01*
X006217Y007141D01*
X006267Y007138D01*
X006316Y007131D01*
X006365Y007120D01*
X006413Y007105D01*
X006459Y007087D01*
X006504Y007065D01*
X006547Y007039D01*
X006588Y007010D01*
X006627Y006978D01*
X006663Y006943D01*
X006695Y006905D01*
X006725Y006865D01*
X006752Y006822D01*
X006775Y006778D01*
X006794Y006732D01*
X006810Y006684D01*
X006822Y006635D01*
X006830Y006586D01*
X006834Y006536D01*
X006834Y006486D01*
X006830Y006436D01*
X006822Y006387D01*
X006810Y006338D01*
X006794Y006290D01*
X006775Y006244D01*
X006752Y006200D01*
X006725Y006157D01*
X006695Y006117D01*
X006663Y006079D01*
X006627Y006044D01*
X006588Y006012D01*
X006547Y005983D01*
X006504Y005957D01*
X006459Y005935D01*
X006413Y005917D01*
X006365Y005902D01*
X006316Y005891D01*
X006267Y005884D01*
X006217Y005881D01*
X006166Y005882D01*
X006117Y005887D01*
X006067Y005896D01*
X006019Y005909D01*
X005972Y005925D01*
X005926Y005946D01*
X005882Y005970D01*
X005840Y005997D01*
X005800Y006027D01*
X005763Y006061D01*
X005729Y006098D01*
X005697Y006137D01*
X005669Y006178D01*
X005644Y006222D01*
X005623Y006267D01*
X005606Y006314D01*
X005592Y006362D01*
X005582Y006411D01*
X005576Y006461D01*
X005574Y006511D01*
X005574Y021866D02*
X005576Y021916D01*
X005582Y021966D01*
X005592Y022015D01*
X005606Y022063D01*
X005623Y022110D01*
X005644Y022155D01*
X005669Y022199D01*
X005697Y022240D01*
X005729Y022279D01*
X005763Y022316D01*
X005800Y022350D01*
X005840Y022380D01*
X005882Y022407D01*
X005926Y022431D01*
X005972Y022452D01*
X006019Y022468D01*
X006067Y022481D01*
X006117Y022490D01*
X006166Y022495D01*
X006217Y022496D01*
X006267Y022493D01*
X006316Y022486D01*
X006365Y022475D01*
X006413Y022460D01*
X006459Y022442D01*
X006504Y022420D01*
X006547Y022394D01*
X006588Y022365D01*
X006627Y022333D01*
X006663Y022298D01*
X006695Y022260D01*
X006725Y022220D01*
X006752Y022177D01*
X006775Y022133D01*
X006794Y022087D01*
X006810Y022039D01*
X006822Y021990D01*
X006830Y021941D01*
X006834Y021891D01*
X006834Y021841D01*
X006830Y021791D01*
X006822Y021742D01*
X006810Y021693D01*
X006794Y021645D01*
X006775Y021599D01*
X006752Y021555D01*
X006725Y021512D01*
X006695Y021472D01*
X006663Y021434D01*
X006627Y021399D01*
X006588Y021367D01*
X006547Y021338D01*
X006504Y021312D01*
X006459Y021290D01*
X006413Y021272D01*
X006365Y021257D01*
X006316Y021246D01*
X006267Y021239D01*
X006217Y021236D01*
X006166Y021237D01*
X006117Y021242D01*
X006067Y021251D01*
X006019Y021264D01*
X005972Y021280D01*
X005926Y021301D01*
X005882Y021325D01*
X005840Y021352D01*
X005800Y021382D01*
X005763Y021416D01*
X005729Y021453D01*
X005697Y021492D01*
X005669Y021533D01*
X005644Y021577D01*
X005623Y021622D01*
X005606Y021669D01*
X005592Y021717D01*
X005582Y021766D01*
X005576Y021816D01*
X005574Y021866D01*
X028803Y021866D02*
X028805Y021916D01*
X028811Y021966D01*
X028821Y022015D01*
X028835Y022063D01*
X028852Y022110D01*
X028873Y022155D01*
X028898Y022199D01*
X028926Y022240D01*
X028958Y022279D01*
X028992Y022316D01*
X029029Y022350D01*
X029069Y022380D01*
X029111Y022407D01*
X029155Y022431D01*
X029201Y022452D01*
X029248Y022468D01*
X029296Y022481D01*
X029346Y022490D01*
X029395Y022495D01*
X029446Y022496D01*
X029496Y022493D01*
X029545Y022486D01*
X029594Y022475D01*
X029642Y022460D01*
X029688Y022442D01*
X029733Y022420D01*
X029776Y022394D01*
X029817Y022365D01*
X029856Y022333D01*
X029892Y022298D01*
X029924Y022260D01*
X029954Y022220D01*
X029981Y022177D01*
X030004Y022133D01*
X030023Y022087D01*
X030039Y022039D01*
X030051Y021990D01*
X030059Y021941D01*
X030063Y021891D01*
X030063Y021841D01*
X030059Y021791D01*
X030051Y021742D01*
X030039Y021693D01*
X030023Y021645D01*
X030004Y021599D01*
X029981Y021555D01*
X029954Y021512D01*
X029924Y021472D01*
X029892Y021434D01*
X029856Y021399D01*
X029817Y021367D01*
X029776Y021338D01*
X029733Y021312D01*
X029688Y021290D01*
X029642Y021272D01*
X029594Y021257D01*
X029545Y021246D01*
X029496Y021239D01*
X029446Y021236D01*
X029395Y021237D01*
X029346Y021242D01*
X029296Y021251D01*
X029248Y021264D01*
X029201Y021280D01*
X029155Y021301D01*
X029111Y021325D01*
X029069Y021352D01*
X029029Y021382D01*
X028992Y021416D01*
X028958Y021453D01*
X028926Y021492D01*
X028898Y021533D01*
X028873Y021577D01*
X028852Y021622D01*
X028835Y021669D01*
X028821Y021717D01*
X028811Y021766D01*
X028805Y021816D01*
X028803Y021866D01*
X028803Y006511D02*
X028805Y006561D01*
X028811Y006611D01*
X028821Y006660D01*
X028835Y006708D01*
X028852Y006755D01*
X028873Y006800D01*
X028898Y006844D01*
X028926Y006885D01*
X028958Y006924D01*
X028992Y006961D01*
X029029Y006995D01*
X029069Y007025D01*
X029111Y007052D01*
X029155Y007076D01*
X029201Y007097D01*
X029248Y007113D01*
X029296Y007126D01*
X029346Y007135D01*
X029395Y007140D01*
X029446Y007141D01*
X029496Y007138D01*
X029545Y007131D01*
X029594Y007120D01*
X029642Y007105D01*
X029688Y007087D01*
X029733Y007065D01*
X029776Y007039D01*
X029817Y007010D01*
X029856Y006978D01*
X029892Y006943D01*
X029924Y006905D01*
X029954Y006865D01*
X029981Y006822D01*
X030004Y006778D01*
X030023Y006732D01*
X030039Y006684D01*
X030051Y006635D01*
X030059Y006586D01*
X030063Y006536D01*
X030063Y006486D01*
X030059Y006436D01*
X030051Y006387D01*
X030039Y006338D01*
X030023Y006290D01*
X030004Y006244D01*
X029981Y006200D01*
X029954Y006157D01*
X029924Y006117D01*
X029892Y006079D01*
X029856Y006044D01*
X029817Y006012D01*
X029776Y005983D01*
X029733Y005957D01*
X029688Y005935D01*
X029642Y005917D01*
X029594Y005902D01*
X029545Y005891D01*
X029496Y005884D01*
X029446Y005881D01*
X029395Y005882D01*
X029346Y005887D01*
X029296Y005896D01*
X029248Y005909D01*
X029201Y005925D01*
X029155Y005946D01*
X029111Y005970D01*
X029069Y005997D01*
X029029Y006027D01*
X028992Y006061D01*
X028958Y006098D01*
X028926Y006137D01*
X028898Y006178D01*
X028873Y006222D01*
X028852Y006267D01*
X028835Y006314D01*
X028821Y006362D01*
X028811Y006411D01*
X028805Y006461D01*
X028803Y006511D01*
M02*
